# Bitnodes short version https://bitnodes.io/api/v1/snapshots/ 
# Time 1612609853
IP Address|Port|Protocol Version|User Agent|Connected Since|Height|Hostname|Country Code|ASN|Organization Name
2001:1284:f013:13dc:5ae:f764:af30:5941|8333|70015|/Satoshi:0.20.1/|1612609819|0|None|BR|AS14868|COPEL Telecomunicacoes S.A.
2001:1608:1b:f9::1|17482|70016|/Satoshi:21.99.0/|1612609819|669369|None|DE|AS31400|diva-e Datacenters GmbH
2001:1620:510::2|8333|70015|/Satoshi:0.20.1/|1612609818|0|2001:1620:510::2|CH|AS13030|Init7 (Switzerland) Ltd.
2001:1640:11a::2|8333|70016|/Satoshi:0.21.0/|1612609818|669369|None|DE|AS25394|MK Netzdienste GmbH & Co. KG
2001:16b8:6494:300:20c:29ff:fe61:4a4c|8333|70015|/Satoshi:0.20.1/|1612609819|669369|None|DE|AS8881|1&1 Versatel Deutschland GmbH
2001:1970:4d5f:f500:4005:3670:b202:60d4|8333|70015|/Satoshi:0.20.1/|1612609819|0|None|CA|AS7992|COGECOWAVE
2001:19f0:5801:12e2:5400:2ff:feb0:e8ad|8333|70015|/Satoshi:0.19.1/|1612609819|0|None|AU|AS20473|AS-CHOOPA
2001:19f0:5801:a08:5400:2ff:fe41:b5f2|8333|70015|/Satoshi:0.17.1/|1612609819|0|2001:19f0:5801:a08:5400:2ff:fe41:b5f2|AU|AS20473|AS-CHOOPA
2001:19f0:5:5d9c:5400:3ff:fe0e:7cff|8333|70016|/Satoshi:0.21.0/|1612609819|669369|None|US|AS20473|AS-CHOOPA
2001:19f0:6000:9008:5400:ff:fe1b:164b|8333|70015|/Satoshi:0.20.0(NO2X)/|1612609819|0|None|US|AS20473|AS-CHOOPA
2001:19f0:6001:306f:ec4:7aff:fe8f:66ec|8333|70015|/Satoshi:0.20.1/|1612609819|669369|None|US|AS20473|AS-CHOOPA
2001:19f0:7000:9109::64|8333|70015|/Satoshi:0.20.1/|1612609819|0|None|US|AS20473|AS-CHOOPA
2001:1b60:1010:2:1012:a3cc:dd68:2bcb|8333|70015|/Satoshi:0.20.1/|1612609819|0|None|DE|AS31103|Keyweb AG
2001:1bc0:cc::a001|8333|70015|/Satoshi:0.19.0.1/|1612609818|669369|None|DE|AS29686|Probe Networks
2001:1c02:2c0d:7600:5b22:c4bf:c265:d6a8|8333|70015|/Satoshi:0.20.1/|1612609818|669369|None|NL|AS33915|Vodafone Libertel B.V.
2001:1c03:5f0f:f00:38:a616:7e12:e7d4|8333|70016|/Satoshi:21.99.0/|1612609819|0|None|NL|AS33915|Vodafone Libertel B.V.
2001:1c04:360a:e800:14f6:f63:c011:a11b|8333|70015|/Satoshi:0.20.0/|1612609819|0|None|NL|AS33915|Vodafone Libertel B.V.
2001:250:1001:1624:6e92:bfff:fe21:722f|8333|70015|/Satoshi:0.16.3/|1612609819|669369|None|CN|AS4538|China Education and Research Network Center
2001:41d0:1000:a4::|8333|70012|/Satoshi:0.12.1(bitcore)/|1612609819|669369|None|FR|AS16276|OVH SAS
2001:41d0:1004:19b4::|8333|70015|/Satoshi:0.16.3/|1612609818|0|None|FR|AS16276|OVH SAS
2001:41d0:1004:74e::|8333|70012|/Satoshi:0.12.1(bitcore)/|1612609819|669369|None|FR|AS16276|OVH SAS
2001:41d0:1008:494::|8333|70012|/Satoshi:0.12.1/|1612609819|0|None|FR|AS16276|OVH SAS
2001:41d0:1:81b1::1|8333|70015|/Satoshi:0.20.1/|1612609819|669369|None|FR|AS16276|OVH SAS
2001:41d0:1:8470::1|8333|70015|/Satoshi:0.18.0/|1612609818|669369|None|FR|AS16276|OVH SAS
2001:41d0:1:b40d::1|8333|70016|/Satoshi:0.21.0/|1612609818|669369|None|FR|AS16276|OVH SAS
2001:41d0:1:ddd3::1|8333|70016|/Satoshi:0.21.0/|1612609819|0|None|FR|AS16276|OVH SAS
2001:41d0:1:f2d4::1|8333|70015|/Satoshi:0.19.1/|1612609819|669369|None|FR|AS16276|OVH SAS
2001:41d0:1:f606::3|8333|70016|/Satoshi:0.21.0/|1612609819|669369|None|FR|AS16276|OVH SAS
2001:41d0:203:1703::|8333|70015|/Satoshi:0.18.1/|1612609818|669369|None|FR|AS16276|OVH SAS
2001:41d0:203:22bf::|8333|70012|/Satoshi:0.12.1(bitcore)/|1612609819|669369|None|FR|AS16276|OVH SAS
2001:41d0:203:3739::|8333|70015|/Satoshi:0.16.2/|1612609818|0|2001:41d0:203:3739::|FR|AS16276|OVH SAS
2001:41d0:203:45d1::|8333|70015|/Satoshi:0.16.3/|1612609818|669369|None|FR|AS16276|OVH SAS
2001:41d0:203:67a5::|8333|70015|/Satoshi:0.20.1/|1612609819|0|None|FR|AS16276|OVH SAS
2001:41d0:203:99c::|8333|70015|/Satoshi:0.18.1/|1612609819|669369|None|FR|AS16276|OVH SAS
2001:41d0:203:a8b::|8333|70015|/Satoshi:0.18.1/|1612609819|669369|None|FR|AS16276|OVH SAS
2001:41d0:2:2405::1|8333|70015|/Satoshi:0.19.0.1/|1612609819|669369|None|FR|AS16276|OVH SAS
2001:41d0:2:291b::|8333|70016|/Satoshi:0.21.0/|1612609819|0|2001:41d0:2:291b::|FR|AS16276|OVH SAS
2001:41d0:2:2d78::|8333|70015|/Satoshi:0.15.1/|1612609819|0|None|FR|AS16276|OVH SAS
2001:41d0:2:2e54:400:400:93a:21a5|8333|70016|/Satoshi:0.21.0/|1612609818|669369|None|FR|AS16276|OVH SAS
2001:41d0:2:34b7::1|8333|70015|/Satoshi:0.18.0/|1612609818|0|None|FR|AS16276|OVH SAS
2001:41d0:2:590f::1|8333|70015|/Satoshi:0.20.0/|1612609819|0|None|FR|AS16276|OVH SAS
2001:41d0:2:5fd6::1|8333|70016|/Satoshi:0.21.0/|1612609819|0|None|FR|AS16276|OVH SAS
2001:41d0:2:7ba8::|8333|70015|/Satoshi:0.16.0/|1612609818|0|None|FR|AS16276|OVH SAS
2001:41d0:2:bf8f::|8333|70015|/Satoshi:0.18.1/|1612609818|669369|None|FR|AS16276|OVH SAS
2001:41d0:2:c573::|8333|70015|/Satoshi:0.20.1/|1612609819|0|None|FR|AS16276|OVH SAS
2001:41d0:2:d41c::1|8333|70015|/Satoshi:0.19.0.1/|1612609819|0|2001:41d0:2:d41c::1|FR|AS16276|OVH SAS
2001:41d0:2:e389::|8333|70015|/Satoshi:0.18.1/|1612609819|0|None|FR|AS16276|OVH SAS
2001:41d0:2:e45a::|8333|70015|/Satoshi:0.18.1/|1612609819|0|None|FR|AS16276|OVH SAS
2001:41d0:2:e4d4::|8333|70015|/Satoshi:0.18.1/|1612609819|0|None|FR|AS16276|OVH SAS
2001:41d0:2:ecc4::1|8333|70015|/Satoshi:0.20.1/|1612609818|0|None|FR|AS16276|OVH SAS
2001:41d0:2:f1d6::|8333|70015|/Satoshi:0.17.0/|1612609818|0|None|FR|AS16276|OVH SAS
2001:41d0:2:fdb6::|8333|70015|/Satoshi:0.19.1/|1612609818|669369|None|FR|AS16276|OVH SAS
2001:41d0:303:2b2b::|8333|70015|/Satoshi:0.14.2(bitcore-sl)/UASF-Segwit:1.0(!BIP148)/|1612609818|0|None|FR|AS16276|OVH SAS
2001:41d0:303:3e72::|8253|70016|/Satoshi:21.99.0/|1612609819|0|None|FR|AS16276|OVH SAS
2001:41d0:303:5ee6::|8333|70015|/Satoshi:0.20.1/|1612609819|669369|None|FR|AS16276|OVH SAS
2001:41d0:303:5fcd::|8333|70015|/Satoshi:0.20.1/|1612609818|669369|None|FR|AS16276|OVH SAS
2001:41d0:303:6323::|8333|70016|/Satoshi:0.21.0/|1612609819|0|None|FR|AS16276|OVH SAS
2001:41d0:303:6590::|8333|70015|/Satoshi:0.20.0/|1612609818|0|None|FR|AS16276|OVH SAS
2001:41d0:303:a309::|8333|70015|/Satoshi:0.18.1/|1612609818|0|None|FR|AS16276|OVH SAS
2001:41d0:303:d80a::|8333|70015|/Satoshi:0.19.1/|1612609819|0|None|FR|AS16276|OVH SAS
2001:41d0:303:dc56::|8833|70016|/Satoshi:0.21.0/|1612609818|0|None|FR|AS16276|OVH SAS
2001:41d0:403:34ac::|8010|70015|/Satoshi:0.18.1(Omni:0.8.2)/|1612609818|0|None|FR|AS16276|OVH SAS
2001:41d0:403:34e6::|8333|70015|/Satoshi:0.19.1/|1612609819|0|None|FR|AS16276|OVH SAS
2001:41d0:403:422::|8333|70015|/Satoshi:0.18.1/|1612609818|669369|None|FR|AS16276|OVH SAS
2001:41d0:403:c02::|8333|70016|/Satoshi:0.21.0/|1612609819|0|None|FR|AS16276|OVH SAS
2001:41d0:602:910::|8333|70015|/Satoshi:0.16.0/|1612609818|669369|None|FR|AS16276|OVH SAS
2001:41d0:602:b1a::|8333|70015|/Satoshi:0.16.3/|1612609818|0|None|FR|AS16276|OVH SAS
2001:41d0:700:1f09::|8333|70015|/Satoshi:0.17.1/|1612609822|0|None|DE|AS16276|OVH SAS
2001:41d0:700:253e::beef|8333|70016|/Satoshi:0.21.0/|1612609819|669369|None|DE|AS16276|OVH SAS
2001:41d0:700:2f01::|8333|70015|/Satoshi:0.20.0/|1612609819|669369|None|DE|AS16276|OVH SAS
2001:41d0:700:379c::|8333|70015|/Satoshi:0.20.1/|1612609819|669369|None|DE|AS16276|OVH SAS
2001:41d0:700:45d9::|8333|70015|/Satoshi:0.18.1/|1612609819|669369|None|DE|AS16276|OVH SAS
2001:41d0:800:10c0::|8333|70015|/Satoshi:0.20.1/|1612609818|669369|None|FR|AS16276|OVH SAS
2001:41d0:800:1596::|8333|70012|/Satoshi:0.12.1(bitcore)/|1612609819|0|None|FR|AS16276|OVH SAS
2001:41d0:800:15d1::|8333|70015|/Satoshi:0.20.1/|1612609819|0|None|FR|AS16276|OVH SAS
2001:41d0:800:2275::|8333|70016|/Satoshi:0.21.0/|1612609819|669369|2001:41d0:800:2275::|FR|AS16276|OVH SAS
2001:41d0:800:23c7::|8333|70015|/Satoshi:0.18.1/|1612609818|0|None|FR|AS16276|OVH SAS
2001:41d0:800:275e::|8333|70015|/Satoshi:0.20.0/|1612609819|0|2001:41d0:800:275e::|FR|AS16276|OVH SAS
2001:41d0:8:10a4::1|8333|70015|/Satoshi:0.18.0/|1612609819|669369|None|FR|AS16276|OVH SAS
2001:41d0:8:6a1b::|8333|70015|/Satoshi:0.17.99/|1612609818|0|None|FR|AS16276|OVH SAS
2001:41d0:8:90d4::1|8333|70015|/Satoshi:0.18.0/|1612609818|0|None|FR|AS16276|OVH SAS
2001:41d0:8:9521::1|8333|70015|/Satoshi:0.20.1/|1612609819|669369|None|FR|AS16276|OVH SAS
2001:41d0:8:95ea::1|8333|70015|/Satoshi:0.15.1/|1612609819|0|None|FR|AS16276|OVH SAS
2001:41d0:8:b8ca::1|8333|70015|/Satoshi:0.18.0/|1612609819|0|None|FR|AS16276|OVH SAS
2001:41d0:8:b9d8::1|8333|70016|/Satoshi:0.21.0/|1612609819|669369|None|FR|AS16276|OVH SAS
2001:41d0:8:ba3c::1|8333|70015|/Satoshi:0.20.0/|1612609819|669369|None|FR|AS16276|OVH SAS
2001:41d0:8:bc5c::1|8333|70015|/Satoshi:0.18.1/|1612609819|669369|None|FR|AS16276|OVH SAS
2001:41d0:8:bed3::|8333|70015|/Satoshi:0.20.1/|1612609819|669369|None|FR|AS16276|OVH SAS
2001:41d0:8:c30f::1|8333|70015|/Satoshi:0.20.1/|1612609819|669369|None|FR|AS16276|OVH SAS
2001:41d0:8:cdd7::|8333|70015|/Satoshi:0.17.1/|1612609818|0|2001:41d0:8:cdd7::|FR|AS16276|OVH SAS
2001:41d0:8:d941::1|8333|70015|/Satoshi:0.19.0.1/|1612609819|0|None|FR|AS16276|OVH SAS
2001:41d0:8:db8a::1|8333|70016|/Satoshi:0.21.0/|1612609819|0|None|FR|AS16276|OVH SAS
2001:41d0:a:176a::1|8333|70015|/Satoshi:0.18.1/|1612609819|0|None|FR|AS16276|OVH SAS
2001:41d0:a:2496::1|8333|70016|/Satoshi:0.21.0/|1612609819|669369|2001:41d0:a:2496::1|FR|AS16276|OVH SAS
2001:41d0:a:44b0::|8333|70015|/Satoshi:0.20.1/|1612609818|0|None|FR|AS16276|OVH SAS
2001:41d0:a:58d1::11d8:8515|8333|70015|/Satoshi:0.20.0/|1612609818|0|None|FR|AS16276|OVH SAS
2001:41d0:a:623c::1|8333|70015|/Satoshi:0.20.0/|1612609819|669369|None|FR|AS16276|OVH SAS
2001:41d0:a:69a2::1|8333|70016|/Satoshi:0.21.0/|1612609818|0|None|FR|AS16276|OVH SAS
2001:41d0:a:7263::|8333|70016|/Satoshi:21.99.0/|1612609819|669369|None|FR|AS16276|OVH SAS
2001:41d0:a:f352::1|8333|70015|/Satoshi:0.18.1/|1612609818|0|None|FR|AS16276|OVH SAS
2001:41d0:a:f872::1|8333|70015|/Satoshi:0.17.0/|1612609819|0|2001:41d0:a:f872::1|FR|AS16276|OVH SAS
2001:41d0:a:fbd6::1|8333|70015|/Satoshi:0.20.0/|1612609819|669369|None|FR|AS16276|OVH SAS
2001:41d0:c:ad2::|8333|70015|/Satoshi:0.20.1/|1612609818|669369|None|FR|AS16276|OVH SAS
2001:41d0:c:b81::|8333|70015|/Satoshi:0.16.0/|1612609819|0|None|FR|AS16276|OVH SAS
2001:41d0:e:935::1|8333|70015|/Satoshi:0.20.1/|1612609819|669369|None|FR|AS16276|OVH SAS
2001:44b8:21b8:3f00:196c:d7db:9f81:7bb9|8333|70016|/Satoshi:0.21.0/|1612609819|669369|None|AU|AS4739|Internode Pty Ltd
2001:470:1aa1:30::3|8333|70015|/Satoshi:0.20.1/|1612609819|0|None|US|AS6939|HURRICANE
2001:470:1f07:281:d250:99ff:fe87:75b5|8333|70015|/Satoshi:0.20.1/|1612609819|669369|None|US|AS6939|HURRICANE
2001:470:1f07:803:20c:29ff:fe2d:5879|8333|70015|/Satoshi:0.18.99/|1612609819|0|None|US|AS6939|HURRICANE
2001:470:1f08:3cc::2|8333|70015|/Satoshi:0.20.1/|1612609818|669369|None|US|AS6939|HURRICANE
2001:470:1f0b:dd1:9988:9cdb:eb35:7bed|8333|70015|/Satoshi:0.20.1/|1612609819|669369|None|US|AS6939|HURRICANE
2001:470:1f1a:172::2|8333|70016|/Satoshi:0.21.0/|1612609819|669369|None|US|AS6939|HURRICANE
2001:470:1f1c:1ce::2|8333|70015|/Satoshi:0.20.1/|1612609818|0|None|GB|AS6939|HURRICANE
2001:470:25:7c8::2|8333|70015|/Satoshi:0.19.1/|1612609819|665097|None|RU|AS6939|HURRICANE
2001:470:26:317:35ad:4527:cb22:2860|8333|70015|/Satoshi:0.20.1/|1612609819|669369|2001:470:26:317:35ad:4527:cb22:2860|RU|AS6939|HURRICANE
2001:470:27:19f::2|8333|70015|/Satoshi:0.20.1/|1612609819|0|None|RU|AS6939|HURRICANE
2001:470:28:2f6:f3cb:27c5:df6b:8ca9|8333|70016|/Satoshi:0.21.0/|1612609819|0|None|RU|AS6939|HURRICANE
2001:470:28:3d5::164|8333|70015|/Satoshi:0.20.1/|1612609819|0|None|SE|AS6939|HURRICANE
2001:470:28:88:2050:22ff:fe3c:e5b7|8333|70015|/Satoshi:0.20.1/|1612609819|0|None|RU|AS6939|HURRICANE
2001:470:5:41e::3001|8333|70016|/Satoshi:0.21.0(IgniOS-Core)/|1612609819|669369|None|US|AS6939|HURRICANE
2001:470:6e:7a5::2|8333|70015|/Satoshi:0.20.0/|1612609818|669369|None|US|AS6939|HURRICANE
2001:470:6f:200:20a:f5ff:fe64:22b0|8333|70016|/Satoshi:0.21.0/|1612609819|0|None|CZ|AS6939|HURRICANE
2001:470:70:36::2|8333|70016|/Satoshi:0.21.0/|1612609819|0|None|US|AS6939|HURRICANE
2001:470:7:b74::2|8333|70015|/Satoshi:0.20.1/|1612609819|669369|None|US|AS6939|HURRICANE
2001:470:7d79::4|8333|70015|/Satoshi:0.20.1/|1612609818|0|None|US|AS6939|HURRICANE
2001:470:88ff:2e::1|8333|70015|/Satoshi:0.16.3/Knots:20180730/|1612609819|669369|2001:470:88ff:2e::1|US|AS6939|HURRICANE
2001:470:a:c13::2|8333|70015|/Satoshi:0.18.1/|1612609819|669369|None|US|AS6939|HURRICANE
2001:470:d951:2::4|8333|70015|/Satoshi:0.20.1/|1612609819|0|None|US|AS6939|HURRICANE
2001:470:d9d4:10:385b:8cc:144f:6118|8333|70016|/Satoshi:0.21.0/|1612609819|669369|None|US|AS6939|HURRICANE
2001:470:e1e1:1:c23e:baff:fe8a:4feb|8333|70016|/Satoshi:0.21.0/|1612609819|0|None|US|AS6939|HURRICANE
2001:4800:7821:101:be76:4eff:fe04:9f50|8333|70016|/Satoshi:0.21.0/|1612609819|669369|None|US|AS33070|RMH-14
2001:4801:7819:74:b745:b9d5:ff10:aaec|8333|70015|/Satoshi:0.16.3/|1612609819|669369|None|US|AS19994|RACKSPACE
2001:4b98:dc2:41:216:3eff:fe18:65b2|8333|70015|/Statoshi:0.20.99/|1612609819|669369|None|FR|AS29169|GANDI SAS
2001:4ba0:fff4:26::1|8333|70015|/Satoshi:0.20.1/|1612609819|0|None|DE|AS24961|myLoc managed IT AG
2001:4ba0:fffa:5d::93|8333|70015|/Satoshi:0.19.0.1/|1612609819|669369|None|DE|AS24961|myLoc managed IT AG
2001:4c48:2:a341:204:75ff:fe7c:c964|8333|70015|/Satoshi:0.20.1/|1612609818|0|None|HU|AS5483|Magyar Telekom plc.
2001:4c4d:1902:9900:b66d:b5ff:74b4:7928|8333|70016|/Satoshi:0.21.0/|1612609819|0|None|HU|AS5483|Magyar Telekom plc.
2001:4dd0:3564:0:9c1c:cc31:9fe8:5505|8333|70016|/Satoshi:0.21.0/|1612609818|0|2001-4dd0-3564-0-9c1c-cc31-9fe8-5505.ipv6dyn.netcologne.de|DE|AS8422|NetCologne Gesellschaft fur Telekommunikation mbH
2001:4dd0:3564:1:b977:bd71:4612:8e40|8333|70016|/Satoshi:0.21.0/|1612609818|0|None|DE|AS8422|NetCologne Gesellschaft fur Telekommunikation mbH
2001:4dd0:af0e:3564::69:1|8333|70016|/Satoshi:0.21.0/|1612609818|0|None|DE|AS8422|NetCologne Gesellschaft fur Telekommunikation mbH
2001:558:600a:d8:f0d7:8eb0:73f:3597|8333|70015|/Satoshi:0.20.1/|1612609819|669369|None|US|AS7922|COMCAST-7922
2001:638:a000:4140::ffff:191|8333|70015|/Satoshi:0.20.0/|1612609819|669369|None|DE|AS680|Verein zur Foerderung eines Deutschen Forschungsnetzes e.V.
2001:648:2800:131:4b1f:f6fc:20f7:f99f|8333|70015|/Satoshi:0.20.0/Knots:20200614/|1612609818|669369|None|GR|AS5470|Aristotle University of Thessaloniki
2001:678:7dc:8::2|8333|70016|/Satoshi:0.20.99/|1612609818|669369|None|RO|AS39149|Rin Trans Activ Srl
2001:678:cc8::1:10:88|20008|70015|/Satoshi:0.20.1/|1612609819|669369|None|SI|AS41427|Datacenter d.o.o.
2001:678:ec:1:250:56ff:fea7:47e9|8333|70015|/Satoshi:0.18.0/|1612609819|0|None|UA|AS197467|Samara National Research University
2001:67c:26b4:12:7ae3:b5ff:fe04:6f9c|8333|70016|/Satoshi:0.21.0/|1612609818|669369|None|GB|AS57672|Daniel James Austin
2001:718:2:71::f9|8333|70015|/Satoshi:0.20.1/|1612609818|669369|None|CZ|AS2852|CESNET z.s.p.o.
2001:718:801:311:5054:ff:fe19:c483|8333|70015|/Satoshi:0.20.0/|1612609819|669369|2001:718:801:311:5054:ff:fe19:c483|CZ|AS2852|CESNET z.s.p.o.
2001:7a8:1:121:4adf:37ff:fec9:1768|8333|70016|/Satoshi:0.21.0/|1612609819|669369|None|FR|AS13193|Nerim SAS
2001:7c0:2310:0:f816:3eff:fe6c:4f58|8333|70015|/Satoshi:0.19.1/|1612609819|0|None|DE|AS34878|Karlsruhe Institute of Technology
2001:7e8:c8d8:9e00:1e69:7aff:fe6f:200f|8333|70016|/Satoshi:0.21.0/|1612609819|669369|2001:7e8:c8d8:9e00:1e69:7aff:fe6f:200f|LU|AS6661|POST Luxembourg
2001:818:d804:dd00:8414:131a:b5ec:db1f|8333|70016|/Satoshi:0.21.0/|1612609819|0|None|PT|AS12353|Vodafone Portugal - Communicacoes Pessoais S.A.
2001:8b0:1596:ff02::4|8333|70016|/Satoshi:0.21.0/|1612609819|669369|None|GB|AS20712|Andrews & Arnold Ltd
2001:8b0:deeb:b127:6a05:caff:fe23:9d32|8333|70016|/Satoshi:0.21.0/|1612609819|0|None|GB|AS20712|Andrews & Arnold Ltd
2001:8d8:96a:9300::ad:ae2c|8333|70015|/Satoshi:0.18.0/|1612609819|669369|None|DE|AS8560|1&1 Ionos Se
2001:8f8:184d:8175:49cc:a55b:62ec:18df|8333|70015|/Satoshi:0.20.1/|1612609827|0|None|AE|AS8966|Emirates Telecommunications Corporation
2001:8f8:1a63:3e71:10b8:a6a6:71c8:f630|8333|70015|/Satoshi:0.20.0/|1612609819|0|None|AE|AS8966|Emirates Telecommunications Corporation
2001:982:27f2:1:7271:bcff:fe94:d5bb|8333|70015|/Satoshi:0.20.1/|1612609819|0|None|NL|AS3265|Xs4all Internet BV
2001:984:a4e3:1:c505:37a2:c953:2a55|8333|70016|/Satoshi:0.21.0/|1612609819|0|None|NL|AS3265|Xs4all Internet BV
2001:985:55a0:1::2|8333|70016|/Satoshi:0.21.0/|1612609819|669369|None|NL|AS3265|Xs4all Internet BV
2001:985:79af:20::35|8333|70015|/Satoshi:0.20.1/|1612609818|669369|None|NL|AS3265|Xs4all Internet BV
2001:985:c397:1:eea8:6bff:feae:cd0b|8333|70015|/Satoshi:0.20.1/|1612609818|0|None|NL|AS3265|Xs4all Internet BV
2001:999:63:468d:c182:cf11:1e21:8fbe|8333|70016|/Satoshi:0.21.0/|1612609819|0|None|FI|AS719|Elisa Oyj
2001:a61:128b:9401:4e52:62ff:fea5:45a4|8333|70015|/Satoshi:0.20.1/|1612609819|0|None|DE|AS8767|M-net Telekommunikations GmbH
2001:a61:b12:3d01:dea6:32ff:fe71:1f18|8333|70015|/Satoshi:0.20.1/|1612609818|669369|2001:a61:b12:3d01:dea6:32ff:fe71:1f18|DE|AS8767|M-net Telekommunikations GmbH
2001:b011:2012:1744:c813:814f:162e:6b5f|8333|70015|/Satoshi:0.19.1/|1612609819|0|None|TW|AS3462|Data Communication Business Group
2001:b011:3010:13fa:cd5:ed0c:f7b0:8d12|8333|70016|/Satoshi:0.21.0/|1612609818|0|None|TW|AS3462|Data Communication Business Group
2001:b011:3803:1b2f:4504:1243:95c3:baf1|8333|70015|/Satoshi:0.20.1/|1612609819|0|None|TW|AS3462|Data Communication Business Group
2001:b011:5005:1c6e:1c46:5440:6cbf:106a|8333|70015|/Satoshi:0.20.0/|1612609819|669369|2001-b011-5005-1c6e-1c46-5440-6cbf-106a.dynamic-ip6.hinet.net|TW|AS3462|Data Communication Business Group
2001:b011:e603:147a:1ede::3a0|8333|70015|/Satoshi:0.20.1/|1612609819|0|None|TW|AS3462|Data Communication Business Group
2001:b07:5d26:7fb3:ba14:b1c9:bb25:e5a9|8333|70015|/Satoshi:0.20.0/|1612609818|0|None|IT|AS12874|Fastweb
2001:b07:6441:3ac6:8f16:6be3:5d56:a854|8333|70015|/Satoshi:0.20.1/|1612609818|669369|None|IT|AS12874|Fastweb
2001:b07:6466:2726:8f2a:146c:11a0:3169|8333|70015|/Satoshi:0.19.1/|1612609819|0|None|IT|AS12874|Fastweb
2001:b07:6469:4fc0:7fa3:e536:20d9:c7f8|8555|70016|/Satoshi:0.0.0/|1612609818|625211|None|IT|AS12874|Fastweb
2001:b07:646a:a9e6:337f:2edc:5839:a957|8333|70015|/Satoshi:0.20.1/|1612609819|669369|None|IT|AS12874|Fastweb
2001:b07:646b:8074:599:9cbe:248c:c171|8333|70015|/Satoshi:0.20.1/|1612609818|0|None|IT|AS12874|Fastweb
2001:b07:6474:32ba:eb7:ca02:4c65:fbe|8333|70015|/Satoshi:0.20.1/|1612609818|669369|None|IT|AS12874|Fastweb
2001:b07:6474:51d8:ec48:d12a:e43:7c35|8333|70015|/Satoshi:0.20.1/|1612609819|0|None|IT|AS12874|Fastweb
2001:ba8:1f1:f069::2|8333|70015|/Satoshi:0.18.0/|1612609819|669369|None|GB|AS8943|Jump Networks Ltd
2001:bb6:5c1d:da00:14e3:8662:d023:ba16|8333|70016|/Satoshi:0.21.0/|1612609819|669369|None|IE|AS5466|Eir Broadband
2001:bc8:1200:0:dac4:97ff:fe2a:3554|20008|70015|/Satoshi:0.18.0/|1612609819|669369|None|FR|AS12876|Online S.a.s.
2001:bc8:3bec:100::1|8333|70016|/Satoshi:21.99.0(Medea)/|1612609819|669369|2001:bc8:3bec:100::1|FR|AS12876|Online S.a.s.
2001:bc8:4400:2b00::1c:b05|8332|70016|/Satoshi:0.21.0/|1612609819|669369|None|FR|AS12876|Online S.a.s.
2001:bc8:6005:0:529a:4cff:fe87:d851|8333|70015|/Satoshi:0.19.1/|1612609819|669369|None|FR|AS12876|Online S.a.s.
2001:bc8:6010:207:c4d6:4ef9:2faa:e13f|8333|70015|/Satoshi:0.20.1/|1612609818|669369|None|FR|AS12876|Online S.a.s.
2001:bc8:6010:211:ec4:7aff:fe0e:dd92|8333|70016|/Satoshi:0.21.0/|1612609819|0|2001:bc8:6010:211:ec4:7aff:fe0e:dd92|FR|AS12876|Online S.a.s.
2001:bc8:6010:215:208:a2ff:fe0c:6a1a|8333|70015|/Satoshi:0.19.1/|1612609818|0|None|FR|AS12876|Online S.a.s.
2001:da8:201:1164:5097:8ffe:8178:3848|8333|70015|/Satoshi:0.20.1/|1612609819|0|None|CN|AS23910|China Next Generation Internet CERNET2
2001:da8:502f:2:4dfa:e926:4a0c:909|8333|70015|/Satoshi:0.20.1/|1612609819|669369|None|CN|AS23910|China Next Generation Internet CERNET2
2001:da8:a0:500::224|8333|70015|/Satoshi:0.17.0.1/|1612609819|669369|None|CN|AS23910|China Next Generation Internet CERNET2
2001:e42:103:100::30|8333|70015|/Satoshi:0.19.99/|1612609819|669369|coin-t1.nsrv.co.jp|JP|AS9370|SAKURA Internet Inc.
2001:e68:5420:8669:5ca7:d381:c5d1:7333|8333|70015|/Satoshi:0.19.1/|1612609819|0|None|MY|AS4788|TM Net, Internet Service Provider
2001:e68:542a:323e:3173:c7ff:83b3:200a|8333|70015|/Satoshi:0.19.1/|1612609819|669369|2001:e68:542a:323e:3173:c7ff:83b3:200a|MY|AS4788|TM Net, Internet Service Provider
2001:f40:908:d655:9cf0:1322:1576:50c|8555|70016|/Satoshi:0.0.0/|1612609819|0|None|MY|AS9930|TIME dotCom Berhad No. 14, Jalan Majistret U1/26 Hicom Glenmarie Industrial Park 40150 Shah A
2001:f90:40e0:3541:b05e:a80c:8cd6:bc65|8333|70016|/Satoshi:0.21.0/|1612609819|0|None|MO|AS4609|Companhia de Telecomunicacoes de Macau SARL
2001:ff0:280:37:3cec:44a1:9753:98d8|8555|70016|/Satoshi:0.0.0/|1612609819|0|None|JP|AS9824|Jupiter Telecommunication Co. Ltd
2002:1f2b:8cbe::1f2b:8cbe|8333|70015|/Satoshi:0.18.0/|1612609819|0|2002:1f2b:8cbe::1f2b:8cbe|UA|AS48438|Corbina Telecom Llc.
2002:2627:cd06::2627:cd06|8333|70015|/Satoshi:0.20.0/|1612609819|0|None|US|AS40676|AS40676
2002:2e7c:acb9:1:2095:ab7d:2652:41ea|8333|70016|/Satoshi:0.21.0/|1612609819|0|None|AT|AS8412|T-Mobile Austria GmbH
2002:2ebc:1e76::2ebc:1e76|8333|70015|/Satoshi:0.20.0/|1612609819|0|None|RU|AS8334|2COM Co Ltd.
2002:3624:cd69::3624:cd69|8333|70015|/Satoshi:0.20.0/|1612609818|0|None|FR|AS16276|OVH SAS
2002:42f0:edac::42f0:edac|8333|70015|/Satoshi:0.20.0/|1612609819|669369|None|US|AS10439|CARINET
2002:44c2:55c9:e472:159f:65a4:58ed:5a1|8333|70015|/Satoshi:0.18.0/|1612609819|669369|2002:44c2:55c9:e472:159f:65a4:58ed:5a1|US|AS6128|CABLE-NET-1
2002:4e5a:5bdc::4e5a:5bdc|8885|70015|/Satoshi:0.15.1/|1612609819|0|None|BG|AS35141|A1 Bulgaria EAD
2002:505d:b8fb::505d:b8fb|8333|70015|/Satoshi:0.18.1/|1612609822|669369|None|RU|AS49505|OOO Network of data-centers Selectel
2002:509:8ce4::509:8ce4|8333|70015|/Satoshi:0.20.1/|1612609818|0|None|DE|AS24940|Hetzner Online GmbH
2002:5511:8386::5511:8386|8333|70015|/Satoshi:0.18.0/|1612609819|669369|None|NL|AS60781|LeaseWeb Netherlands B.V.
2002:5511:8391::5511:8391|8333|70015|/Satoshi:0.18.0/|1612609819|669369|None|NL|AS60781|LeaseWeb Netherlands B.V.
2002:5bc:3e12::5bc:3e12|8333|70015|/Satoshi:0.20.1/|1612609819|669369|None|RU|AS34665|Petersburg Internet Network ltd.
2002:5bc:3e18::5bc:3e18|8333|70015|/Satoshi:0.18.1/|1612609819|669369|None|RU|AS34665|Petersburg Internet Network ltd.
2002:5be8:6974::5be8:6974|8333|70015|/Satoshi:0.15.1/|1612609819|0|None|NL|AS49981|WorldStream B.V.
2002:5dbe:8a03::5dbe:8a03|8333|70015|/Satoshi:0.20.0/|1612609819|669369|None|NL|AS49981|WorldStream B.V.
2002:5fd3:8a6e::5fd3:8a6e|8333|70015|/Satoshi:0.20.0/|1612609818|669369|None|NL|AS60781|LeaseWeb Netherlands B.V.
2002:67c6:c00e::67c6:c00e|20008|70015|/Satoshi:0.20.0/|1612609819|0|None|HK|AS55720|Gigabit Hosting Sdn Bhd
2002:67c6:c011::67c6:c011|20008|70015|/Satoshi:0.20.0/|1612609819|0|None|HK|AS55720|Gigabit Hosting Sdn Bhd
2002:67e9:806::67e9:806|8333|70016|/Satoshi:0.21.0/|1612609819|669369|None|HK|AS133201|ABCDE GROUP COMPANY LIMITED
2002:67e9:807::67e9:807|8333|70016|/Satoshi:0.21.0/|1612609819|0|None|HK|AS133201|ABCDE GROUP COMPANY LIMITED
2002:6ead:3b2a::6ead:3b2a|8333|70015|/Satoshi:0.19.1/|1612609819|669369|None|HK|AS45753|NETSEC
2002:88f3:2a9c::88f3:2a9c|8333|70015|/Satoshi:0.19.0.1/|1612609818|669369|None|DE|AS24940|Hetzner Online GmbH
2002:904c:9e4f::904c:9e4f|8333|70016|/Satoshi:0.21.0/|1612609818|0|None|DE|AS24940|Hetzner Online GmbH
2002:b07e:a70a::b07e:a70a|8333|70015|/Satoshi:0.20.1/|1612609819|669369|None|KG|AS59684|Hoster kg, Ltd.
2002:b280:6060::b280:6060|8333|70015|/Satoshi:0.14.3/|1612609822|669369|None|SG|AS14061|DIGITALOCEAN-ASN
2002:b938:5108::b938:5108|8333|70015|/Satoshi:0.20.0/|1612609819|669369|None|SC|AS200699|Datashield, Inc.
2002:b99b:60cb::b99b:60cb|8333|70015|/Satoshi:0.20.1/|1612609819|0|None|EE|AS202759|OU Web Hosting Solutions
2002:b9bf:6b6b:0:ac22:32fe:a9f2:3a70|8333|70015|/Satoshi:0.20.1/|1612609824|669369|None|IT|AS44092|HAL Service srl
2002:ba9b:e22b::ba9b:e22b|8333|70015|/Satoshi:0.18.0/|1612609819|0|2002:ba9b:e22b::ba9b:e22b|CO|AS19429|Colombia
2002:c003:1c72::c003:1c72|8333|70015|/Satoshi:0.19.0.1/|1612609819|0|None|US|AS36352|AS-COLOCROSSING
2002:c13a:c4d4::1|8333|70015|/Satoshi:0.20.0/|1612609818|0|2002:c13a:c4d4::1|SK|AS5578|SWAN, a.s.
2002:c22c:c635::c22c:c635|8333|70015|/Satoshi:0.17.1/|1612609819|669369|None|UA|AS3255|State Enterprise Scientific and Telecommunication Centre Ukrainian Academic and Research Netw
2002:c338:3f04::c338:3f04|8333|70015|/Satoshi:0.20.0/|1612609819|0|None|HU|AS5588|T-Mobile Czech Republic a.s.
2002:cb97:a67c::cb97:a67c|8333|70015|/Satoshi:0.19.0.1/|1612609819|0|None|TH|AS4618|Internet Thailand Company Limited
2002:d27d:1ff1::d27d:1ff1|8333|70015|/Satoshi:0.15.0.1/|1612609819|669369|2002:d27d:1ff1::d27d:1ff1|KR|AS23714|Keimyung University
2002:d5b2:2493::d5b2:2493|8333|70016|/Satoshi:0.21.0/|1612609819|669369|None|RU|AS8439|JSC AIST
2003:a:63a:8800:211:32ff:fe9c:e46d|8333|70015|/Satoshi:0.20.1/|1612609818|0|2003:a:63a:8800:211:32ff:fe9c:e46d|DE|AS3320|Deutsche Telekom AG
2003:ce:8f45:f700:7285:c2ff:fe8c:da8e|8333|70015|/Satoshi:0.20.1/|1612609818|669369|p200300ce8f45f7007285c2fffe8cda8e.dip0.t-ipconnect.de|DE|AS3320|Deutsche Telekom AG
2003:cf:b70c:e000:4c1d:75d6:f396:c5a5|8333|70016|/Satoshi:0.21.0/|1612609819|669369|None|DE|AS3320|Deutsche Telekom AG
2003:d3:a745:3100:39bf:d4aa:60b2:d9c3|8333|70016|/Satoshi:0.21.0/|1612609819|0|None|DE|AS3320|Deutsche Telekom AG
2003:db:ef0c:2900::f00d:babe|8333|70016|/Satoshi:0.21.0/|1612609819|669369|None|DE|AS3320|Deutsche Telekom AG
2003:dc:2f01:8300:4ecc:6aff:fe25:c9a3|8333|70015|/Satoshi:0.19.0.1/|1612609818|0|None|DE|AS3320|Deutsche Telekom AG
2003:ec:5f34:b200:a95d:f054:3cfa:55ad|8333|70015|/Satoshi:0.20.0/|1612609819|669369|None|DE|AS3320|Deutsche Telekom AG
2400:2410:30e0:6500:ca4:693d:aa25:e3d4|8333|70015|/Satoshi:0.20.1/|1612609819|669369|None|JP|AS17676|Softbank BB Corp.
2400:2651:4740:3200:28:8248:42a:f007|8333|70015|/Satoshi:0.20.1/|1612609819|0|None|JP|AS17676|Softbank BB Corp.
2400:4052:e20:4f00:69fe:bb33:7b1c:a1ca|8333|70015|/Satoshi:0.20.1/|1612609819|669369|None|JP|AS4713|NTT Communications Corporation
2400:8902::f03c:92ff:fea7:e7d0|8555|70016|/Satoshi:0.0.0/|1612609819|0|None|JP|AS63949|Linode, LLC
2400:8904::f03c:92ff:fe97:b9c5|8555|70016|/Satoshi:0.0.0/|1612609819|0|None|IN|AS63949|Linode, LLC
2400:8907::f03c:92ff:fea7:e74e|8555|70016|/Satoshi:0.0.0/|1612609819|0|2400:8907::f03c:92ff:fea7:e74e|AU|AS63949|Linode, LLC
2400:adc1:1c8:6100:4a3:65ba:da3f:f98f|8333|70016|/Satoshi:0.21.0/|1612609819|0|None|PK|AS9541|Cyber Internet Services (Pvt) Ltd.
2401:1800:7800:105:be76:4eff:fe1c:b35|8333|70015|/Satoshi:0.18.1(Omni:0.8.2)/|1612609819|669369|None|HK|AS45187|Rackspace IT Hosting AS IT Hosting Provider Hong Kong
2401:3900:2:1::2|8333|70015|/Satoshi:0.19.0.1/|1612609819|669369|ozlabs.org|AU|AS7718|TransACT Capital Communications Pty Limited
2401:b140:1::100:220|8333|70015|/Satoshi:0.20.1(@wiz)/|1612609819|0|None|JP|AS54415|WIZ K.K.
2401:b140::42:100|8333|70015|/Satoshi:0.20.0(@wiz)/|1612609819|669369|None|JP|AS54415|WIZ K.K.
2401:d002:3902:700:d72c:5e22:4e95:389d|8333|70015|/Satoshi:0.20.1/|1612609819|669369|None|AU|AS38195|Superloop
2402:1f00:8001:3ec::|8333|70015|/Satoshi:0.20.0/|1612609819|0|None|SG|AS16276|OVH SAS
2402:1f00:8001:d7::|8333|70016|/Satoshi:0.21.0/|1612609819|0|None|SG|AS16276|OVH SAS
2402:800:623b:8459:4b5:dd7a:2451:3443|8333|70015|/Satoshi:0.20.1/|1612609819|0|2402:800:623b:8459:4b5:dd7a:2451:3443|VN|AS7552|Viettel Group
2402:800:63b7:96da:e8ae:daa4:6112:7b0c|8333|70015|/Satoshi:0.17.1/|1612609822|0|None|VN|AS7552|Viettel Group
2403:2700:4001::1834|8333|70015|/Satoshi:0.20.1/|1612609823|0|None|ID|AS38500|PT. Cross Network Indonesia
2403:5800:7300:7201:f09e:d0c:90b1:b7cc|8333|70015|/Satoshi:0.19.1/|1612609820|669369|None|AU|AS4764|Aussie Broadband
2403:5800:9100:f300::bcbc|8333|70015|/Satoshi:0.20.0/|1612609819|0|None|AU|AS4764|Aussie Broadband
2405:9800:b911:a18a:ad04:f310:d182:52b0|8333|70015|/Satoshi:0.20.0/|1612609819|0|None|TH|AS133481|AIS Fibre
2405:aa00:2::40|8333|70015|/Satoshi:0.20.0/|1612609819|0|None|KH|AS7712|Sabay Digital (Cambodia)
2408:8207:8445:2180:d815:6f96:db69:1f7f|8333|70015|/Satoshi:0.17.1/|1612609819|0|None|CN|AS4808|China Unicom Beijing Province Network
2409:10:ca20:1df0:224:e8ff:fe1f:60d9|8333|70015|/Satoshi:0.20.1/|1612609819|669369|None|JP|AS55391|INTERNET MULTIFEED CO.
2409:8a00:24a0:5bd0::c34|8333|70016|/Satoshi:21.99.0/|1612609819|0|None|CN|AS56048|China Mobile Communicaitons Corporation
2409:8a00:8480:c1e0:e99f:d7b1:f64f:e7e2|8333|70015|/Satoshi:0.20.0/|1612609819|0|2409:8a00:8480:c1e0:e99f:d7b1:f64f:e7e2|CN|AS56048|China Mobile Communicaitons Corporation
2409:8a02:543d:7cc0:54e:e599:7b45:2aa0|8333|70015|/Satoshi:0.20.1/|1612609819|669369|2409:8a02:543d:7cc0:54e:e599:7b45:2aa0|CN|AS38019|tianjin Mobile Communication Company Limited
2409:8a15:1e22:fb30:b669:21ff:fed0:ac46|8333|70016|/Satoshi:0.21.0/|1612609819|0|None|CN|AS56044|China Mobile communications corporation
2409:8a1e:8358:fa70:fc91:a0e1:4d68:9b10|8333|70016|/Satoshi:0.21.0/|1612609819|0|2409:8a1e:8358:fa70:fc91:a0e1:4d68:9b10|CN|AS24400|Shanghai Mobile Communications Co.,Ltd.
2409:8a1e:a9af:3660:f0c8:7f42:7308:7611|8333|70015|/Satoshi:0.20.0/|1612609819|669369|None|CN|AS24400|Shanghai Mobile Communications Co.,Ltd.
2409:8a34:420f:2::920|8333|70015|/Satoshi:0.20.1/|1612609819|0|None|CN|AS9808|Guangdong Mobile Communication Co.Ltd.
2409:8a3c:b07:2060:9492:7a86:8a86:6631|8333|70015|/Satoshi:0.20.1/|1612609819|0|None|CN|AS24444|Shandong Mobile Communication Company Limited
2409:8a3c:b1b:37c0:2cf5:fe64:36d1:5ee6|8333|70015|/Satoshi:0.20.1/|1612609819|0|None|CN|AS24444|Shandong Mobile Communication Company Limited
2409:8a55:619:2e90:417b:ebd7:dd15:4a30|8333|70015|/Satoshi:0.20.1/|1612609819|0|None|CN|AS56040|China Mobile communications corporation
2409:8a55:c79:de80:95c5:e7d9:5ee7:29ab|8333|70016|/Satoshi:0.21.0/|1612609818|0|None|CN|AS56040|China Mobile communications corporation
2409:8a55:ca3:93c0:5db5:faf:821b:79c2|8333|70001|/Satoshi:0.8.1/|1612609822|369313|None|CN|AS56040|China Mobile communications corporation
2409:8a5c:7463:c8c0:2527:871:5de4:1508|8333|70015|/Satoshi:0.20.1/|1612609819|0|None|CN|AS9808|Guangdong Mobile Communication Co.Ltd.
240b:10:2782:5800:dea6:32ff:feb4:6e0e|9600|70015|/Satoshi:0.20.1/|1612609819|0|240b:10:2782:5800:dea6:32ff:feb4:6e0e|JP|AS2516|KDDI CORPORATION
240b:10:9141:400:49b4:3a2e:1e5:84c|8333|70015|/Satoshi:0.18.0/|1612609819|669369|None|JP|AS2516|KDDI CORPORATION
240e:388:a4c5:f100:e153:fb11:3b2f:62a5|8333|70015|/Satoshi:0.19.1/|1612609819|0|None|CN|AS4812|China Telecom (Group)
2600:1700:22f1:641f:e8:39c8:eb1d:a1eb|8333|70016|/Satoshi:0.21.0/|1612609819|669369|None|US|AS7018|ATT-INTERNET4
2600:1700:3901:28f:20c:29ff:fee5:3ae7|8334|70015|/Satoshi:0.20.1/|1612609818|0|None|US|AS7018|ATT-INTERNET4
2600:1700:5b2b:5f::8040|8333|70016|/Satoshi:0.21.0/|1612609822|669369|None|US|AS7018|ATT-INTERNET4
2600:1700:6478:400f:4bcf:183c:12ed:bcef|8333|70015|/Satoshi:0.20.1/|1612609819|669369|None|US|AS7018|ATT-INTERNET4
2600:1700:6b0:d200::ff|8333|70015|/Satoshi:0.20.1/|1612609819|669369|None|US|AS7018|ATT-INTERNET4
2600:1700:daa:90:ec12:ad55:3942:2e0c|8333|70016|/Satoshi:0.21.0(@love.@_@)/|1612609819|0|None|US|AS7018|ATT-INTERNET4
2600:1f18:64d9:1603:4436:871e:2bfe:7403|8333|70016|/Satoshi:0.21.0/|1612609818|0|None|US|AS14618|AMAZON-AES
2600:3c00::f03c:92ff:feb3:891f|8555|70016|/Satoshi:0.0.0/|1612609818|0|None|US|AS63949|Linode, LLC
2600:3c01::f03c:91ff:fec5:72af|8333|70015|/Satoshi:0.17.1/|1612609819|0|None|US|AS63949|Linode, LLC
2600:3c02::f03c:92ff:fea7:e7f5|8555|70016|/Satoshi:0.0.0/|1612609819|73058|None|US|AS63949|Linode, LLC
2600:3c03::f03c:92ff:feb3:892c|8555|70016|/Satoshi:0.0.0/|1612609819|0|None|US|AS63949|Linode, LLC
2600:3c04::f03c:92ff:fea7:e7ec|8555|70016|/Satoshi:0.0.0/|1612609819|0|2600:3c04::f03c:92ff:fea7:e7ec|CA|AS63949|Linode, LLC
2600:6c4a:5e7f:8420::60|8333|70015|/Satoshi:0.20.1/|1612609822|669369|None|US|AS20115|CHARTER-20115
2600:6c52:6300:31c1:146f:5fb:2800:fbf6|8333|70016|/Satoshi:0.21.0/|1612609819|669369|None|US|AS20115|CHARTER-20115
2600:6c64:6b7f:9801:6998:e0c0:3cfc:4d5f|8333|70015|/Satoshi:0.17.1/|1612609819|669369|2600:6c64:6b7f:9801:6998:e0c0:3cfc:4d5f|US|AS20115|CHARTER-20115
2600:8800:3600:39:878c:82:a69d:28c5|8333|70016|/Satoshi:0.21.0/|1612609818|669369|None|US|AS22773|ASN-CXA-ALL-CCI-22773-RDC
2600:8805:2400:14e:12dd:b1ff:fef2:3013|8333|70015|/Satoshi:0.20.1/|1612609819|669369|2600:8805:2400:14e:12dd:b1ff:fef2:3013|US|AS22773|ASN-CXA-ALL-CCI-22773-RDC
2601:18d:4600:43f1:20e7:b3ff:fecf:a99|8333|70015|/Satoshi:0.20.1/|1612609819|0|None|US|AS7922|COMCAST-7922
2601:18d:8900:cc0:219:d1ff:fe75:dc2f|8333|70016|/Satoshi:0.21.0/|1612609819|0|None|US|AS7922|COMCAST-7922
2601:19b:c700:1a80:21e:4fff:fe32:a860|8333|70015|/Satoshi:0.18.0/|1612609819|0|2601:19b:c700:1a80:21e:4fff:fe32:a860|US|AS7922|COMCAST-7922
2601:1c0:ca00:3c8:4197:8eed:15b5:af2a|8333|70016|/Satoshi:0.21.0/|1612609819|669369|None|US|AS7922|COMCAST-7922
2601:240:4100:93f:cdaa:448a:ca65:52e3|8333|70015|/Satoshi:0.20.1/|1612609819|669369|None|US|AS7922|COMCAST-7922
2601:246:0:26:2e0:4dff:fe6c:a5e3|8333|70015|/Satoshi:0.20.1/|1612609819|669369|None|US|AS7922|COMCAST-7922
2601:246:5601:7af3:467b:a803:f562:c1dc|8333|70015|/Satoshi:0.20.1/|1612609819|669369|None|US|AS7922|COMCAST-7922
2601:285:c100:687f:7c82:152d:6d41:6135|8333|70015|/Satoshi:0.19.1/|1612609819|669369|None|US|AS7922|COMCAST-7922
2601:442:c300:124:1cc3:f70a:2d96:6cb7|8333|70015|/Satoshi:0.18.1/|1612609819|0|2601:442:c300:124:1cc3:f70a:2d96:6cb7|US|AS7922|COMCAST-7922
2601:602:8d80:b63:dc5e:90ff:fe18:1d08|8333|70016|/Satoshi:21.99.0/|1612609819|669369|None|US|AS7922|COMCAST-7922
2601:641:780:4248:f807:d3d6:456a:c287|8333|70015|/Satoshi:0.20.1/|1612609819|0|None|US|AS7922|COMCAST-7922
2601:646:8100:11b3::46|8666|70015|/Satoshi:0.20.1/|1612609819|669369|None|US|AS7922|COMCAST-7922
2601:647:4901:21ea:428d:5cff:fe58:4884|8333|70016|/Satoshi:0.21.0/|1612609819|669369|2601:647:4901:21ea:428d:5cff:fe58:4884|US|AS7922|COMCAST-7922
2601:680:8181:2950::c63d|8333|70015|/Satoshi:0.20.0/|1612609819|0|None|US|AS7922|COMCAST-7922
2601:681:5800:1fa:88e0:1158:34f1:c1e2|8333|70016|/Satoshi:0.21.0/|1612609819|669369|2601:681:5800:1fa:88e0:1158:34f1:c1e2|US|AS7922|COMCAST-7922
2602:3f:9860:2801:932e:68dd:ac9e:c27e|8333|70015|/Satoshi:0.20.1/|1612609819|669369|None|US|AS209|CENTURYLINK-US-LEGACY-QWEST
2602:d1:b493:2301:50f4:320a:40ba:718a|8333|70015|/Satoshi:0.20.1/|1612609819|0|None|US|AS209|CENTURYLINK-US-LEGACY-QWEST
2602:ff06:725:1:1d::2|8333|70016|/Satoshi:0.21.0/|1612609819|669369|None|US|AS6939|HURRICANE
2602:ff22:777::53b:77ee|8333|70015|/Satoshi:0.18.0/|1612609819|0|None|CA|AS63297|PACIFIC-SERVERS
2602:ffb6:4:2798:f816:3eff:fe2f:5441|8333|70015|/Satoshi:0.19.0.1/|1612609818|0|None|CA|AS174|COGENT-174
2602:ffb6:4:3399:f816:3eff:fe3b:1365|8333|70015|/Satoshi:0.20.1/|1612609819|0|None|CA|AS174|COGENT-174
2602:ffb6:4:942d:f816:3eff:fece:6933|8333|70016|/Satoshi:0.21.0/|1612609819|0|None|CA|AS174|COGENT-174
2602:ffb6:4:c094:f816:3eff:feaf:6ce2|39388|70015|/Satoshi:0.18.0/|1612609819|669369|None|CA|AS174|COGENT-174
2602:ffb8::208:72:57:200|8333|70015|/Satoshi:0.19.1/|1612609819|669369|None|US|AS14469|SWISHMAIL
2602:ffd5:1:147::1|8333|70016|/Satoshi:0.21.0/|1612609818|669369|2602:ffd5:1:147::1|CA|AS26832|RICAWEBSERVICES
2603:3004:655:e800:c4b4:c5d8:db79:d6c3|8333|70015|/Satoshi:0.20.1/|1612609819|669369|None|US|AS7922|COMCAST-7922
2603:3016:1fe3:0:c8ca:3668:eeb8:81da|8333|70015|/Satoshi:0.20.1/|1612609819|0|None|US|AS7922|COMCAST-7922
2603:301f:1ebf:e000:e23f:49ff:fee7:7431|8333|70015|/Satoshi:0.19.0.1/|1612609819|669369|None|US|AS7922|COMCAST-7922
2603:3023:a4a:800::216b|8333|70015|/Satoshi:0.20.1/|1612609819|669369|None|US|AS7922|COMCAST-7922
2603:6000:b800:b000:11a1:4608:b840:58e5|8333|70015|/Satoshi:0.17.1/|1612609819|0|None|US|AS10796|TWC-10796-MIDWEST
2603:6000:d74b:7746:14cb:9df7:2e06:6ba5|8333|70015|/Satoshi:0.17.0/|1612609819|669369|None|US|AS10796|TWC-10796-MIDWEST
2603:6011:2001:cc00:5054:ff:fea7:131|8333|70015|/Satoshi:0.18.0/|1612609819|0|2603-6011-2001-cc00-5054-00ff-fea7-0131.res6.spectrum.com|US|AS10796|TWC-10796-MIDWEST
2603:6011:3c0a:c563:8f32:4049:ec35:f1df|8333|70015|/Satoshi:0.20.1/|1612609819|669369|None|US|AS10796|TWC-10796-MIDWEST
2603:6081:1800:6600:ca9c:dcff:feeb:3c59|8333|70016|/Satoshi:0.21.0/|1612609819|669369|None|US|AS11426|TWC-11426-CAROLINAS
2603:6081:8105:6084:185e:db3c:df33:8ec5|8333|70015|/Satoshi:0.20.1/|1612609819|669369|None|US|AS11426|TWC-11426-CAROLINAS
2603:7080:3b00:4810:21a2:fe02:2371:de19|8333|70016|/Satoshi:21.99.0/|1612609819|0|None|US|AS11351|TWC-11351-NORTHEAST
2603:8000:b401:8f8c:4b7:8c21:a022:17a0|8333|70016|/Satoshi:0.21.0/|1612609819|669369|None|US|AS20001|TWC-20001-PACWEST
2603:8001:8542:1e00:2029:15cd:56ad:a824|8333|70015|/Satoshi:0.19.1/|1612609819|669369|None|US|AS20001|TWC-20001-PACWEST
2603:800c:1707:7b60:ec63:a191:32c2:633c|8333|70015|/Satoshi:0.20.1/|1612609819|0|None|US|AS20001|TWC-20001-PACWEST
2603:8080:1f07:6fdd:7de2:d969:78c9:b7ea|8333|70016|/Satoshi:0.21.0/|1612609819|669369|None|US|AS11427|TWC-11427-TEXAS
2603:8080:720b:2811::beef|8333|70016|/Satoshi:0.21.0/|1612609819|0|None|US|AS11427|TWC-11427-TEXAS
2603:8081:6c40:35cb:215:5dff:fe01:9615|8333|70015|/Satoshi:0.18.0/|1612609819|0|None|US|AS11427|TWC-11427-TEXAS
2603:80a0:703:40f8::38|8333|70015|/Satoshi:0.20.1/|1612609819|669369|None|US|AS11427|TWC-11427-TEXAS
2603:9008:1103:2e04:216:3eff:fe20:8a94|8333|70016|/Satoshi:0.21.0/|1612609819|669369|None|US|AS33363|BHN-33363
2603:900a:d01:7a10:29ab:ad27:94a8:a21a|8333|70015|/Satoshi:0.20.1/|1612609819|0|None|US|AS33363|BHN-33363
2604:2dc0:100:240f::1|8333|70015|/CKCoind:0.19.1/|1612609819|669369|None|US|AS16276|OVH SAS
2604:2dc0:100:2431::1|8333|70015|/CKCoind:0.19.1/|1612609819|669369|None|US|AS16276|OVH SAS
2604:2dc0:100:42e::|8333|70015|/Satoshi:0.19.0.1/|1612609819|0|None|US|AS16276|OVH SAS
2604:2dc0:200:3f0::|8333|70015|/Satoshi:0.18.0/|1612609819|669369|None|US|AS16276|OVH SAS
2604:4080:1152:8360:9bc:f8e0:d2c9:1485|8333|70016|/Satoshi:0.21.0/|1612609819|0|None|US|AS54858|AS-SBI
2604:4300:a:2e:21b:21ff:fe11:392|8333|70016|/Satoshi:0.21.0/|1612609819|0|None|US|AS33387|NOCIX
2604:5500:706a:4000:fc79:b9bb:1d7:c325|8333|70015|/Satoshi:0.15.1/|1612609819|669369|2604:5500:706a:4000:fc79:b9bb:1d7:c325|US|AS19165|WEBPASS
2604:6000:bfc0:56:61aa:d55f:d392:b937|8333|70015|/Satoshi:0.20.1/|1612609819|669369|None|US|AS11351|TWC-11351-NORTHEAST
2604:a880:2:d1::63:4001|8333|70015|/Satoshi:0.20.0/|1612609818|0|None|US|AS14061|DIGITALOCEAN-ASN
2604:a880:400:d1::849:6001|8333|70015|/Satoshi:0.20.0/|1612609818|0|None|US|AS14061|DIGITALOCEAN-ASN
2604:a880:800:c1::233:1|8333|70015|/Satoshi:0.20.0/|1612609818|0|2604:a880:800:c1::233:1|US|AS14061|DIGITALOCEAN-ASN
2605:6400:30:fd6f::4|8333|70015|/Satoshi:0.20.1/|1612609819|0|None|US|AS53667|PONYNET
2605:9880:201:17::4b7c|8333|70016|/Satoshi:0.21.0/|1612609819|669369|None|US|AS23470|RELIABLESITE
2605:ae00:203::203|8333|70015|/Satoshi:0.20.0/|1612609819|0|None|US|AS7819|GLOBAL-IP-NETWORKS
2605:c000:2a0a:1::102|8333|70015|/Satoshi:0.17.1/|1612609819|0|None|US|AS7393|CYBERCON
2605:e200:d202:300:20c:29ff:fef1:85ec|8333|70015|/Satoshi:0.19.0.1/|1612609819|0|2605:e200:d202:300:20c:29ff:fef1:85ec|CA|AS18451|LESNET
2606:6080:2001:19:1015:7612:ac63:99e0|8333|70015|/Satoshi:0.18.1/|1612609819|0|2606:6080:2001:19:1015:7612:ac63:99e0|CA|AS32489|AMANAHA-NEW
2606:a000:9fc0:6:3553:4507:7b48:6396|8333|70016|/Satoshi:0.21.0/|1612609819|0|None|US|AS11426|TWC-11426-CAROLINAS
2607:5300:201:3100::3b74|8333|70016|/Satoshi:0.20.99/|1612609819|0|None|CA|AS16276|OVH SAS
2607:5300:203:1112::|8333|70012|/Satoshi:0.12.1(bitcore)/|1612609819|669369|2607:5300:203:1112::|CA|AS16276|OVH SAS
2607:5300:203:1214::|8333|70015|/Satoshi:0.19.1/|1612609819|0|None|CA|AS16276|OVH SAS
2607:5300:203:2931::|8333|70015|/Satoshi:0.17.1/|1612609819|0|None|CA|AS16276|OVH SAS
2607:5300:60:240d::1|8333|70015|/Satoshi:0.19.1/|1612609819|669369|None|CA|AS16276|OVH SAS
2607:5300:60:2827::|8333|70015|/Satoshi:0.19.0.1/|1612609819|669369|None|CA|AS16276|OVH SAS
2607:5300:60:3f9f::|8333|70016|/Satoshi:0.21.0/|1612609819|669369|2607:5300:60:3f9f::|CA|AS16276|OVH SAS
2607:5300:60:476d::|8333|70015|/Satoshi:0.19.0.1/|1612609819|0|None|CA|AS16276|OVH SAS
2607:5300:60:7477::|8333|70015|/Satoshi:0.14.2/|1612609818|0|None|CA|AS16276|OVH SAS
2607:5300:60:85a9::|8333|70015|/Satoshi:0.20.1/|1612609819|669369|None|CA|AS16276|OVH SAS
2607:5300:60:980c::|28643|70015|/Satoshi:0.18.1(Omni:0.9.0)/|1612609821|669369|2607:5300:60:980c::|CA|AS16276|OVH SAS
2607:5300:60:9bf::1|8333|70015|/Satoshi:0.18.0/|1612609819|0|2607:5300:60:9bf::1|CA|AS16276|OVH SAS
2607:5300:60:ac3::1|8333|70015|/Satoshi:0.20.1/|1612609818|669369|None|CA|AS16276|OVH SAS
2607:5300:60:cff1::|28633|70015|/Satoshi:0.19.0.1/|1612609819|669369|2607:5300:60:cff1::|CA|AS16276|OVH SAS
2607:5501:3000:2056::2|8333|70015|/Satoshi:0.18.0/|1612609819|0|hwsrv-696761.hostwindsdns.com|US|AS54290|HOSTWINDS
2607:f00:3:4b83:24df:c23a:1b01:4d63|8333|70015|/Satoshi:0.20.0/|1612609819|669369|None|PR|AS5704|CARIBE-NET
2607:f2c0:e870:18:34ff:732f:6a0:3fe2|8333|70016|/Satoshi:0.21.0/|1612609819|669369|None|CA|AS5645|TEKSAVVY
2607:f2c0:eda2:12eb::d|8333|70015|/Satoshi:0.20.1/|1612609819|0|None|CA|AS5645|TEKSAVVY
2607:f2c0:f200:201:ed67:3de2:e4f7:88a1|8333|70015|/Satoshi:0.18.0/|1612609819|0|None|CA|AS5645|TEKSAVVY
2607:f470:14:a:21d:7dff:fe01:bcee|8333|70015|/Satoshi:0.15.1/|1612609822|538528|None|US|AS55|UPENN
2607:fa18:3a01::20|8333|70015|/Satoshi:0.20.1/|1612609819|0|None|US|AS6315|XMISSION
2607:fea8:660:41d:d2d9:8d12:5a9d:5141|8333|70015|/Satoshi:0.19.1/|1612609819|669369|None|CA|AS812|ROGERS-COMMUNICATIONS
2610:150:8000:db::3d:5789|8333|70012|/Satoshi:0.12.1(bitcore)/|1612609819|0|2610:150:8000:db::3d:5789|US|AS46844|ST-BGP
2620:6e:a000:1:42:42:42:42|8333|70016|/Satoshi:0.21.0/|1612609819|669369|None|US|AS397444|AS-OKI
2620:6e:a000:2001::6|8333|70015|/Satoshi:0.18.99/|1612609819|669369|None|US|AS397444|AS-OKI
2620:6e:a000:3001::2|8333|70015|/Satoshi:0.19.99/|1612609819|0|None|US|AS397444|AS-OKI
2620:6e:a008:1:42:42:42:42|8333|70015|/Satoshi:0.20.0/|1612609819|0|None|US|AS397444|AS-OKI
2800:40:1b:d0ad:2085:677e:1428:860b|8333|70016|/Satoshi:0.21.0/|1612609819|0|None|AR|AS16814|NSS S.A.
2800:810:462:444::1000|8333|70015|/Satoshi:0.20.0/|1612609819|669369|None|AR|AS27747|Telecentro S.A.
2800:bf0:8267:be2:f423:6fc:2c58:a915|8333|70015|/Satoshi:0.20.1/|1612609819|0|None|EC|AS52257|Telconet S.A
2800:cd0:730a:ea00:7996:b739:df55:62bf|8333|70015|/Satoshi:0.20.1/|1612609819|0|None|BO|AS6568|Entel S.A. - EntelNet
2802:8001:67f3:d000:fdf1:73a7:35d1:6115|8333|70015|/Satoshi:0.20.1/|1612609819|0|None|AR|AS22927|Telefonica de Argentina
2803:9800:98c2:80e8:4d2f:61ef:11a3:4ae7|8333|70016|/Satoshi:0.21.0/|1612609819|669369|2803:9800:98c2:80e8:4d2f:61ef:11a3:4ae7|AR|AS11664|Techtel LMDS Comunicaciones Interactivas S.A.
2804:14c:1a5:834d:2c0:8ff:fe90:28f|8333|70015|/Satoshi:0.18.0/|1612609819|669369|None|BR|AS28573|CLARO S.A.
2804:14c:6584:4e4c:21c:7bff:fed5:4273|8333|70015|/Satoshi:0.20.1/Knots:20200815/|1612609819|669369|None|BR|AS28573|CLARO S.A.
2804:14c:65d7:45fd:6ea4:e660:75d:1bbf|8333|70016|/Satoshi:0.21.0/|1612609819|669369|None|BR|AS28573|CLARO S.A.
2804:14c:7b82:8dc2::100f|8333|70016|/Satoshi:0.21.0/|1612609819|0|2804:14c:7b82:8dc2::100f|BR|AS28573|CLARO S.A.
2804:14d:4486:1f00::1001|8333|70015|/Satoshi:0.20.1/|1612609819|669369|None|BR|AS28573|CLARO S.A.
2804:14d:a083:8c5f:fd66:cf12:f2de:f6d2|8333|70016|/Satoshi:0.21.0/|1612609819|0|None|BR|AS28573|CLARO S.A.
2804:d57:4e26:a100:7036:1baf:702c:8b40|8333|70015|/Satoshi:0.20.1/|1612609819|669369|None|BR|AS8167|Brasil Telecom S/A - Filial Distrito Federal
2806:102e:3:2cf4:9af2:b3ff:fef0:506e|8333|70016|/Satoshi:0.20.99/|1612609819|0|None|MX|AS8151|Uninet S.A. de C.V.
2806:105e:1:93df:c526:2145:4725:f1c6|8333|70015|/Satoshi:0.20.1/|1612609819|0|2806-105e-0001-93df-c526-2145-4725-f1c6.ipv6.infinitum.net.mx|MX|AS8151|Uninet S.A. de C.V.
2806:106e:24:13a4:d66:90ae:1c93:2073|8333|70015|/Satoshi:0.20.1/|1612609819|0|None|MX|AS8151|Uninet S.A. de C.V.
2806:10b7:2:36b:a21e:bff:fe0a:c0e5|8333|70015|/Satoshi:0.18.1/|1612609819|0|None|MX|AS8151|Uninet S.A. de C.V.
2806:2f0:1001:9330:ac90:1e3c:f9a8:a97d|8333|70015|/Satoshi:0.20.0/|1612609819|0|None|MX|AS22884|TOTAL PLAY TELECOMUNICACIONES SA DE CV
2806:2f0:51c1:a46a:ca9:40ac:d342:64e6|8333|70015|/Satoshi:0.20.1/|1612609819|0|None|MX|AS17072|TOTAL PLAY TELECOMUNICACIONES SA DE CV
2806:2f0:9080:7dd:10dd:eab8:b8b6:bf59|8333|70016|/Satoshi:0.21.0/|1612609819|0|None|MX|AS17072|TOTAL PLAY TELECOMUNICACIONES SA DE CV
2806:2f0:9121:fa71:5c38:1737:b3d8:17e6|8333|70015|/Satoshi:0.20.1/|1612609819|0|2806:2f0:9121:fa71:5c38:1737:b3d8:17e6|MX|AS17072|TOTAL PLAY TELECOMUNICACIONES SA DE CV
2806:2f0:9140:65d7:16a8:cf38:e375:5c95|8333|70015|/Satoshi:0.20.1/|1612609819|669369|None|MX|AS17072|TOTAL PLAY TELECOMUNICACIONES SA DE CV
2806:2f0:91e1:d9f4:45a1:c78e:b95f:5b81|8333|70015|/Satoshi:0.14.0/|1612609818|669369|None|MX|AS17072|TOTAL PLAY TELECOMUNICACIONES SA DE CV
2a00:1028:83be:884e:b4b9:45e2:8f23:429b|8333|70016|/Satoshi:0.21.0/|1612609818|669369|None|CZ|AS5610|O2 Czech Republic, a.s.
2a00:12d8:7001:1:46e7:6915:75be:92f9|8333|70015|/Satoshi:0.18.0/|1612609818|0|2a00:12d8:7001:1:46e7:6915:75be:92f9|DE|AS12586|GHOSTnet GmbH
2a00:1370:8113:f074:14d8:2c13:6e0d:ab14|8333|70016|/Satoshi:0.21.0/|1612609819|0|None|RU|AS25513|PJSC Moscow city telephone network
2a00:1370:8117:3020:18b0:841e:6e87:33c|8555|70016|/Satoshi:0.0.0/|1612609818|0|None|RU|AS25513|PJSC Moscow city telephone network
2a00:1370:8129:1b46:849b:8ef1:b8cc:2762|8333|70015|/Satoshi:0.17.1/|1612609819|0|None|RU|AS25513|PJSC Moscow city telephone network
2a00:1370:8135:2500:7969:c103:edf3:d1a|8333|70015|/Satoshi:0.20.1/|1612609819|0|None|RU|AS25513|PJSC Moscow city telephone network
2a00:1398:4:2a03:215:5dff:fed6:1033|8333|70015|/Satoshi:0.18.1/|1612609819|669369|None|DE|AS34878|Karlsruhe Institute of Technology
2a00:1768:2001:27::ef6a|8333|70016|/Satoshi:0.21.0/|1612609819|669369|None|NL|AS43350|NForce Entertainment B.V.
2a00:1838:2a:1400:92e2:baff:fe4a:c416|8333|70016|/Satoshi:0.21.0/|1612609818|0|None|RU|AS43317|Fishnet Communications LLC
2a00:1838:2a:1500:c429:c2b9:203:7884|8333|70015|/Satoshi:0.20.0/|1612609818|669369|None|RU|AS43317|Fishnet Communications LLC
2a00:1c10:2:709::217|22220|70015|/Satoshi:0.20.0/|1612609819|669369|None|GB|AS50300|CustodianDC Limited
2a00:1ca8:a7::20a|8333|70015|/Satoshi:0.20.1/|1612609818|0|None|NL|AS50673|Serverius Holding B.V.
2a00:23c5:4898:4500::1bfe|8901|70015|/Satoshi:0.20.0/|1612609818|669369|None|GB|AS2856|British Telecommunications PLC
2a00:6020:13dc:6d00:b00f:a325:20a1:a083|8333|70015|/Satoshi:0.20.1/|1612609819|0|None|DE|AS60294|Deutsche Glasfaser Wholesale GmbH
2a00:6020:21ee:1400:60f9:edf7:9c5c:44d5|8333|70016|/Satoshi:0.21.0/|1612609819|0|None|DE|AS60294|Deutsche Glasfaser Wholesale GmbH
2a00:6020:4044:e600:491a:358c:d8f7:1da|8333|70016|/Satoshi:0.21.0/|1612609819|0|None|DE|AS60294|Deutsche Glasfaser Wholesale GmbH
2a00:7c80:0:10b::3faf|8333|70016|/Satoshi:0.21.0/|1612609818|669369|None|NL|AS49981|WorldStream B.V.
2a00:7c80:0:10c::2|8333|70016|/Satoshi:0.21.0/|1612609819|0|None|NL|AS49981|WorldStream B.V.
2a00:7c80:0:25::e37a|8333|70016|/Satoshi:0.21.0/|1612609819|0|None|NL|AS49981|WorldStream B.V.
2a00:8a60:e012:a00::21|8333|70016|/Satoshi:0.21.0/|1612609829|669369|None|DE|AS47610|RWTH Aachen University
2a00:bbe0:cc:0:62a4:4cff:fe23:7510|8333|70015|/Satoshi:0.19.1/|1612609818|669369|None|FI|AS60414|Baytems Holdings Oy
2a00:ca8:a1f:3025:f949:e442:c940:13e8|8333|70016|/Satoshi:0.21.0/|1612609818|0|None|CZ|AS30764|PODA a.s.
2a00:ee2:1200:1900:250:56ff:fe84:10fb|8333|70015|/Satoshi:0.20.1/|1612609819|669369|None|SI|AS5603|Telekom Slovenije, d.d.
2a00:f820:433::36|8333|70015|/Satoshi:0.18.1(Omni:0.8.1)/|1612609819|669369|None|DE|AS34549|meerfarbig GmbH & Co. KG
2a00:f940:1:1:2::375|8333|70015|/Satoshi:0.20.1/|1612609818|66544|134-0-115-57.xen.vps.regruhosting.ru|RU|AS197695|Domain names registrar REG.RU, Ltd
2a00:f940:2:1:2::13da|8333|70015|/Satoshi:0.20.0/|1612609818|0|None|RU|AS197695|Domain names registrar REG.RU, Ltd
2a01:138:a017:b018::42|8333|70015|/Satoshi:0.19.1/|1612609819|669369|None|DE|AS15598|q.beyond AG
2a01:238:4234:2700:4645:e374:b8e4:96dd|8333|70015|/Satoshi:0.20.1/|1612609818|669369|None|DE|AS6724|Strato AG
2a01:238:4250:6d00:b11f:e52:7117:b8b9|8333|70016|/Satoshi:21.99.0/|1612609819|669369|None|DE|AS6724|Strato AG
2a01:238:4265:f500:3ddf:1b05:2e75:cb00|8333|70015|/Satoshi:0.20.1/|1612609819|669369|2a01:238:4265:f500:3ddf:1b05:2e75:cb00|DE|AS6724|Strato AG
2a01:238:437d:8500:daf:3244:d123:a07e|8333|70015|/Satoshi:0.20.1/|1612609819|0|2a01:238:437d:8500:daf:3244:d123:a07e|DE|AS6724|Strato AG
2a01:238:4380:1400:ac93:d34b:7f20:ea18|8333|70015|/Satoshi:0.20.1/|1612609819|669369|None|DE|AS6724|Strato AG
2a01:260:8028:10f0::62|8333|70015|/Satoshi:0.20.1/|1612609819|0|None|SI|AS34779|T-2, d.o.o.
2a01:261:0:9::3eb0|8333|70015|/Satoshi:0.20.1/|1612609819|669369|None|SI|AS34779|T-2, d.o.o.
2a01:388:27f:412::1:2|8333|70016|/Satoshi:0.21.0/|1612609818|669369|None|GB|AS42689|Glide Student & Residential Limited
2a01:430:17:1::ffff:1153|8333|70016|/Satoshi:0.21.0/|1612609819|669369|None|CZ|AS24971|Master Internet s.r.o.
2a01:488:2000:9801::d|8333|70015|/Satoshi:0.20.1/|1612609819|0|None|DE|AS20773|Host Europe GmbH
2a01:490:16:301::2|8333|70015|/Satoshi:0.20.1/|1612609819|669369|None|CZ|AS8251|FreeTel, s.r.o.
2a01:4b00:807c:1b00:cda1:c6a:2bad:2418|8333|70015|/Satoshi:0.17.1/|1612609819|0|None|GB|AS56478|Hyperoptic Ltd
2a01:4f8:10a:1d8f::2|8333|70015|/Satoshi:0.20.0/|1612609819|669369|None|DE|AS24940|Hetzner Online GmbH
2a01:4f8:10a:2da3::2|8333|70015|/Satoshi:0.20.0/|1612609819|669369|None|DE|AS24940|Hetzner Online GmbH
2a01:4f8:10a:318e::2|8333|70015|/Satoshi:0.20.1/|1612609819|0|None|DE|AS24940|Hetzner Online GmbH
2a01:4f8:10a:3e62::2|8333|70015|/Satoshi:0.17.1/|1612609819|669369|None|DE|AS24940|Hetzner Online GmbH
2a01:4f8:10b:19ca::2|8333|70015|/Satoshi:0.20.1/|1612609818|0|None|DE|AS24940|Hetzner Online GmbH
2a01:4f8:10b:211c::2|8335|70015|/Satoshi:0.16.0/|1612609819|0|None|DE|AS24940|Hetzner Online GmbH
2a01:4f8:10b:3699::2|8333|70015|/Satoshi:0.18.1/|1612609818|669369|None|DE|AS24940|Hetzner Online GmbH
2a01:4f8:10b:41::2|8333|70015|/Satoshi:0.17.0/|1612609818|0|None|DE|AS24940|Hetzner Online GmbH
2a01:4f8:10b:4598:5054:ff:fe84:7c62|8333|70016|/Satoshi:0.21.0/|1612609818|669369|None|DE|AS24940|Hetzner Online GmbH
2a01:4f8:10b:ee1::2|8333|70015|/Satoshi:0.19.99/|1612609819|669369|None|DE|AS24940|Hetzner Online GmbH
2a01:4f8:10b:f44::2|8333|70015|/Satoshi:0.14.2/|1612609818|0|None|DE|AS24940|Hetzner Online GmbH
2a01:4f8:110:5243::2|8333|70015|/Satoshi:0.18.0/|1612609818|0|None|DE|AS24940|Hetzner Online GmbH
2a01:4f8:110:536e::2|8333|70015|/Satoshi:1.15.1(2x)/|1612609819|0|None|DE|AS24940|Hetzner Online GmbH
2a01:4f8:121:200d::2|8333|70015|/Satoshi:0.15.99/|1612609819|669369|2a01:4f8:121:200d::2|DE|AS24940|Hetzner Online GmbH
2a01:4f8:121:2290::1|8333|70016|/Satoshi:0.21.0/|1612609818|669369|None|DE|AS24940|Hetzner Online GmbH
2a01:4f8:130:71d2::2|8333|70015|/Satoshi:0.17.0/|1612609818|669369|None|DE|AS24940|Hetzner Online GmbH
2a01:4f8:13a:13db::2|11000|70015|/Satoshi:0.20.99/|1612609818|669369|None|DE|AS24940|Hetzner Online GmbH
2a01:4f8:13a:4e::2|9181|70015|/Satoshi:0.19.1/|1612609819|0|None|DE|AS24940|Hetzner Online GmbH
2a01:4f8:13a:cdd::2|8333|70015|/Satoshi:0.19.1/|1612609819|669369|None|DE|AS24940|Hetzner Online GmbH
2a01:4f8:13b:29d4::2|8333|70015|/Satoshi:0.19.0.1(UASF-SegWit-BIP148)/|1612609819|0|None|DE|AS24940|Hetzner Online GmbH
2a01:4f8:13b:7ce::2|8333|70015|/Satoshi:0.20.1/|1612609831|669369|2a01:4f8:13b:7ce::2|DE|AS24940|Hetzner Online GmbH
2a01:4f8:140:3144::2|8333|70015|/Satoshi:0.20.1/|1612609819|669369|None|DE|AS24940|Hetzner Online GmbH
2a01:4f8:140:3254::2|8333|70015|/Satoshi:0.20.99/|1612609819|0|None|DE|AS24940|Hetzner Online GmbH
2a01:4f8:140:832d::2|8333|70015|/Satoshi:0.15.0.1/|1612609819|0|None|DE|AS24940|Hetzner Online GmbH
2a01:4f8:140:8490::2|8333|70016|/Satoshi:0.21.0/|1612609819|0|None|DE|AS24940|Hetzner Online GmbH
2a01:4f8:140:84d4::2|8333|70016|/Satoshi:0.21.0/|1612609818|0|None|DE|AS24940|Hetzner Online GmbH
2a01:4f8:140:94ab::2|8333|70015|/Satoshi:0.15.0.1/|1612609818|669369|None|DE|AS24940|Hetzner Online GmbH
2a01:4f8:141:2254::2|8333|70015|/Satoshi:0.18.0/|1612609819|669369|None|DE|AS24940|Hetzner Online GmbH
2a01:4f8:141:47::2|8333|70015|/Satoshi:0.20.1/|1612609819|0|2a01:4f8:141:47::2|DE|AS24940|Hetzner Online GmbH
2a01:4f8:150:2088::2|8333|70015|/Satoshi:0.15.0.1/|1612609818|669369|None|DE|AS24940|Hetzner Online GmbH
2a01:4f8:150:23c7::102|8333|70015|/Satoshi:0.19.1/|1612609819|668489|None|DE|AS24940|Hetzner Online GmbH
2a01:4f8:150:3096::2|8333|70015|/Satoshi:0.15.99/|1612609818|0|2a01:4f8:150:3096::2|DE|AS24940|Hetzner Online GmbH
2a01:4f8:150:44d4::2|8333|70015|/Satoshi:0.18.1/|1612609819|0|None|DE|AS24940|Hetzner Online GmbH
2a01:4f8:150:62f0::2|8333|70015|/Satoshi:0.20.1/|1612609819|669369|None|DE|AS24940|Hetzner Online GmbH
2a01:4f8:150:7087::2|8333|70015|/Satoshi:0.20.1/|1612609818|669369|2a01:4f8:150:7087::2|DE|AS24940|Hetzner Online GmbH
2a01:4f8:150:714f::2|8446|70016|/Satoshi:0.18.7/|1612609818|0|None|DE|AS24940|Hetzner Online GmbH
2a01:4f8:150:8417::2|8333|70015|/Satoshi:0.15.0.1/|1612609819|0|2a01:4f8:150:8417::2|DE|AS24940|Hetzner Online GmbH
2a01:4f8:150:90b7::2|8333|70015|/Satoshi:0.15.0.1/|1612609819|669369|None|DE|AS24940|Hetzner Online GmbH
2a01:4f8:151:2054::2|8333|70015|/Satoshi:0.15.0.1/|1612609819|669369|None|DE|AS24940|Hetzner Online GmbH
2a01:4f8:151:2269::2|8333|70015|/Bitcoin ABC:0.14.6(EB8.0)/|1612609819|743773|None|DE|AS24940|Hetzner Online GmbH
2a01:4f8:151:2405::2|8333|70015|/Satoshi:0.15.0.1/|1612609818|669369|None|DE|AS24940|Hetzner Online GmbH
2a01:4f8:151:506d::2|8333|70016|/Satoshi:0.21.0/|1612609818|669369|2a01:4f8:151:506d::2|DE|AS24940|Hetzner Online GmbH
2a01:4f8:151:52cc::2|8333|70015|/Satoshi:0.19.0.1/|1612609818|0|None|DE|AS24940|Hetzner Online GmbH
2a01:4f8:151:62c1::2|8333|70015|/Satoshi:0.15.0.1/|1612609819|0|None|DE|AS24940|Hetzner Online GmbH
2a01:4f8:151:749a::2|8333|70015|/Satoshi:0.15.0.1/|1612609819|669369|None|DE|AS24940|Hetzner Online GmbH
2a01:4f8:151:8041::2|8333|70015|/Satoshi:0.15.0.1/|1612609818|669369|2a01:4f8:151:8041::2|DE|AS24940|Hetzner Online GmbH
2a01:4f8:151:8408::2|8333|70015|/Satoshi:0.20.1/|1612609818|0|None|DE|AS24940|Hetzner Online GmbH
2a01:4f8:160:4224::2|8333|70015|/Satoshi:0.19.1/|1612609819|0|None|DE|AS24940|Hetzner Online GmbH
2a01:4f8:160:5263::ba1d:e39f|8333|70015|/Satoshi:0.20.1/|1612609819|0|None|DE|AS24940|Hetzner Online GmbH
2a01:4f8:160:5274::2|8333|70015|/Satoshi:0.15.0.1/|1612609819|0|None|DE|AS24940|Hetzner Online GmbH
2a01:4f8:160:6092:d7bd:a39:3e52:b65d|8333|70015|/Satoshi:0.20.1/|1612609819|669369|None|DE|AS24940|Hetzner Online GmbH
2a01:4f8:160:7365::2|8333|70015|/Satoshi:0.20.99/|1612609819|669369|None|DE|AS24940|Hetzner Online GmbH
2a01:4f8:160:74b2::2|8333|70015|/Satoshi:0.15.1/|1612609818|669369|None|DE|AS24940|Hetzner Online GmbH
2a01:4f8:160:832e::2|8333|70015|/Satoshi:0.15.0.1/|1612609818|669369|None|DE|AS24940|Hetzner Online GmbH
2a01:4f8:160:8442::2|8333|70015|/Satoshi:0.15.0.1/|1612609819|0|None|DE|AS24940|Hetzner Online GmbH
2a01:4f8:160:9043::1|8333|70016|/Satoshi:0.21.0/|1612609818|0|None|DE|AS24940|Hetzner Online GmbH
2a01:4f8:160:93a7::2|8333|70015|/Satoshi:0.15.0.1/|1612609819|669369|None|DE|AS24940|Hetzner Online GmbH
2a01:4f8:160:94c7::2|8333|70015|/Satoshi:0.15.0.1/|1612609819|0|None|DE|AS24940|Hetzner Online GmbH
2a01:4f8:161:214e::2|8333|70015|/Satoshi:0.18.0/|1612609819|669369|2a01:4f8:161:214e::2|DE|AS24940|Hetzner Online GmbH
2a01:4f8:161:21d2::2|8333|70015|/Satoshi:0.15.0.1/|1612609819|0|2a01:4f8:161:21d2::2|DE|AS24940|Hetzner Online GmbH
2a01:4f8:161:3354::2|8333|70015|/Satoshi:0.15.0.1/|1612609818|669369|None|DE|AS24940|Hetzner Online GmbH
2a01:4f8:161:40f3::2|8333|70015|/Satoshi:0.15.0.1/|1612609818|0|None|DE|AS24940|Hetzner Online GmbH
2a01:4f8:161:4162::2|8333|70015|/Satoshi:0.15.0.1/|1612609819|669369|None|DE|AS24940|Hetzner Online GmbH
2a01:4f8:161:440b::2|8333|70015|/Satoshi:0.15.0.1/|1612609818|669369|None|DE|AS24940|Hetzner Online GmbH
2a01:4f8:161:50a6::2|8333|70015|/Satoshi:0.15.0.1/|1612609819|0|None|DE|AS24940|Hetzner Online GmbH
2a01:4f8:161:60a2::2|8333|70015|/Satoshi:0.15.0.1/|1612609819|0|None|DE|AS24940|Hetzner Online GmbH
2a01:4f8:161:60a7::2|8333|70015|/Satoshi:0.20.1/|1612609819|669369|None|DE|AS24940|Hetzner Online GmbH
2a01:4f8:161:6411::2|8333|70015|/Satoshi:0.15.0.1/|1612609819|0|None|DE|AS24940|Hetzner Online GmbH
2a01:4f8:161:716e::2|8333|70015|/Satoshi:0.15.0.1/|1612609819|669369|None|DE|AS24940|Hetzner Online GmbH
2a01:4f8:161:728a::2|8333|70015|/Satoshi:0.15.0.1/|1612609818|669369|None|DE|AS24940|Hetzner Online GmbH
2a01:4f8:161:9041::2|8333|70015|/Satoshi:0.15.0.1/|1612609818|0|None|DE|AS24940|Hetzner Online GmbH
2a01:4f8:161:9289::2|8333|70015|/Satoshi:0.15.0.1/|1612609819|669369|None|DE|AS24940|Hetzner Online GmbH
2a01:4f8:162:10d0::2|8333|70015|/Satoshi:0.20.1/|1612609818|0|None|DE|AS24940|Hetzner Online GmbH
2a01:4f8:162:1228::2|8333|70015|/Satoshi:0.15.0.1/|1612609819|669369|2a01:4f8:162:1228::2|DE|AS24940|Hetzner Online GmbH
2a01:4f8:162:1cc::2|8333|70015|/Satoshi:0.15.0.1/|1612609819|0|None|DE|AS24940|Hetzner Online GmbH
2a01:4f8:162:2087::2|8333|70015|/Satoshi:0.20.1/|1612609818|669369|2a01:4f8:162:2087::2|DE|AS24940|Hetzner Online GmbH
2a01:4f8:162:208a::1|8333|70016|/Satoshi:0.21.0/|1612609818|0|None|DE|AS24940|Hetzner Online GmbH
2a01:4f8:162:307::2|8333|70015|/Satoshi:0.15.0.1/|1612609818|669369|None|DE|AS24940|Hetzner Online GmbH
2a01:4f8:162:4002::2|8333|70015|/Satoshi:0.16.0/|1612609818|0|2a01:4f8:162:4002::2|DE|AS24940|Hetzner Online GmbH
2a01:4f8:162:5464::2|8333|70015|/Satoshi:0.20.1/|1612609819|0|None|DE|AS24940|Hetzner Online GmbH
2a01:4f8:162:63a2::2|8333|70015|/Satoshi:0.15.0.1/|1612609818|669369|None|DE|AS24940|Hetzner Online GmbH
2a01:4f8:171:14c4::2|8333|70015|/Satoshi:0.20.1/|1612609819|0|None|DE|AS24940|Hetzner Online GmbH
2a01:4f8:171:16af::2|8333|70015|/Satoshi:0.18.1/|1612609818|0|2a01:4f8:171:16af::2|DE|AS24940|Hetzner Online GmbH
2a01:4f8:171:1c3::2|8333|70015|/Satoshi:0.20.1/|1612609818|669369|None|DE|AS24940|Hetzner Online GmbH
2a01:4f8:171:1cd7::2|8333|70015|/Satoshi:0.20.1/|1612609818|0|None|DE|AS24940|Hetzner Online GmbH
2a01:4f8:171:25d1::2|8333|70016|/Satoshi:0.21.0/|1612609819|669369|None|DE|AS24940|Hetzner Online GmbH
2a01:4f8:171:2865::2|8333|70016|/Satoshi:0.21.0/|1612609819|0|2a01:4f8:171:2865::2|DE|AS24940|Hetzner Online GmbH
2a01:4f8:171:2a9e::2|8333|70015|/Satoshi:0.17.0.1/|1612609818|0|2a01:4f8:171:2a9e::2|DE|AS24940|Hetzner Online GmbH
2a01:4f8:171:3248::2|8333|70015|/Satoshi:0.16.3/|1612609818|0|None|DE|AS24940|Hetzner Online GmbH
2a01:4f8:171:351b::2|8333|70015|/Satoshi:0.19.0.1/|1612609818|0|None|DE|AS24940|Hetzner Online GmbH
2a01:4f8:171:4dc::2|8333|70015|/Satoshi:0.16.99/|1612609818|669369|None|DE|AS24940|Hetzner Online GmbH
2a01:4f8:171:b4f::2|8333|70015|/Satoshi:0.16.3/|1612609819|0|None|DE|AS24940|Hetzner Online GmbH
2a01:4f8:171:d7::2|8333|70015|/Satoshi:0.20.0/|1612609819|669369|None|DE|AS24940|Hetzner Online GmbH
2a01:4f8:172:3502::2|8333|70015|/Satoshi:0.20.0/|1612609819|669369|None|DE|AS24940|Hetzner Online GmbH
2a01:4f8:173:1622::2|8333|70015|/Satoshi:0.14.1/|1612609818|0|None|DE|AS24940|Hetzner Online GmbH
2a01:4f8:173:1824::2|8333|70016|/Satoshi:0.21.0/|1612609819|669369|None|DE|AS24940|Hetzner Online GmbH
2a01:4f8:173:230a::2|8333|70015|/Satoshi:0.17.1(matbea.net; Good Bitcoin Node)/|1612609819|669369|None|DE|AS24940|Hetzner Online GmbH
2a01:4f8:173:54::2|8333|70015|/Satoshi:0.17.1/|1612609819|0|None|DE|AS24940|Hetzner Online GmbH
2a01:4f8:190:11d7::2|8333|70015|/Satoshi:0.15.0.1/|1612609818|0|2a01:4f8:190:11d7::2|DE|AS24940|Hetzner Online GmbH
2a01:4f8:190:240f::2|8333|70015|/Satoshi:0.20.1/|1612609818|669369|None|DE|AS24940|Hetzner Online GmbH
2a01:4f8:190:430c::2|8333|70015|/Satoshi:0.15.0.1/|1612609819|669369|2a01:4f8:190:430c::2|DE|AS24940|Hetzner Online GmbH
2a01:4f8:190:5176::123|8333|70015|/Satoshi:0.20.1/|1612609819|669369|None|DE|AS24940|Hetzner Online GmbH
2a01:4f8:190:546e::2|8333|70016|/Satoshi:0.21.0/|1612609819|669369|None|DE|AS24940|Hetzner Online GmbH
2a01:4f8:190:8361::2|8333|70015|/Satoshi:0.15.0.1/|1612609819|669369|None|DE|AS24940|Hetzner Online GmbH
2a01:4f8:190:84ed::2|8333|70015|/Satoshi:0.15.0.1/|1612609818|669369|2a01:4f8:190:84ed::2|DE|AS24940|Hetzner Online GmbH
2a01:4f8:190:9005::2|8333|70015|/Satoshi:0.18.1/|1612609818|0|None|DE|AS24940|Hetzner Online GmbH
2a01:4f8:190:91c4::2|8333|70015|/Satoshi:0.19.0.1/|1612609819|669369|2a01:4f8:190:91c4::2|DE|AS24940|Hetzner Online GmbH
2a01:4f8:190:91ce::2|8333|70015|/Satoshi:0.20.1/|1612609818|0|None|DE|AS24940|Hetzner Online GmbH
2a01:4f8:191:1122::2|8333|70015|/Satoshi:0.15.0.1/|1612609818|0|2a01:4f8:191:1122::2|DE|AS24940|Hetzner Online GmbH
2a01:4f8:191:20e7::2|8333|70015|/Satoshi:0.15.0.1/|1612609818|0|2a01:4f8:191:20e7::2|DE|AS24940|Hetzner Online GmbH
2a01:4f8:191:2e7::2|8333|70015|/Satoshi:0.15.0.1/|1612609819|669369|None|DE|AS24940|Hetzner Online GmbH
2a01:4f8:191:3165::2|8333|70015|/Satoshi:0.15.0.1/|1612609819|0|2a01:4f8:191:3165::2|DE|AS24940|Hetzner Online GmbH
2a01:4f8:191:3484::2|8333|70015|/Satoshi:0.18.0/|1612609818|0|None|DE|AS24940|Hetzner Online GmbH
2a01:4f8:191:412b::2|8446|70016|/Satoshi:0.18.7/|1612609819|0|None|DE|AS24940|Hetzner Online GmbH
2a01:4f8:191:62e2::2|8333|70015|/Satoshi:0.20.0/|1612609818|669369|None|DE|AS24940|Hetzner Online GmbH
2a01:4f8:191:632e::2|8333|70015|/Satoshi:0.15.0.1/|1612609818|0|None|DE|AS24940|Hetzner Online GmbH
2a01:4f8:191:808f::2|8433|70015|/Satoshi:0.18.1/|1612609819|0|None|DE|AS24940|Hetzner Online GmbH
2a01:4f8:191:8473::2|33354|70015|/Satoshi:0.15.6.5/|1612609819|214635|None|DE|AS24940|Hetzner Online GmbH
2a01:4f8:191:946c::2|8333|70015|/Satoshi:0.15.0.1/|1612609819|0|None|DE|AS24940|Hetzner Online GmbH
2a01:4f8:192:23d5::2|8333|70015|/Satoshi:0.15.0.1/|1612609819|0|None|DE|AS24940|Hetzner Online GmbH
2a01:4f8:192:33a2::2|8333|70015|/Satoshi:0.15.0/|1612609819|0|None|DE|AS24940|Hetzner Online GmbH
2a01:4f8:192:34fd::2|8333|70015|/Satoshi:0.20.1/|1612609819|0|None|DE|AS24940|Hetzner Online GmbH
2a01:4f8:192:369::2|8333|70015|/Satoshi:0.15.0.1/|1612609819|0|None|DE|AS24940|Hetzner Online GmbH
2a01:4f8:192:40f::2|8333|70015|/Satoshi:0.15.0.1/|1612609818|0|www.mygamba.de|DE|AS24940|Hetzner Online GmbH
2a01:4f8:192:4212::2|8433|70015|/Satoshi:0.18.1/|1612609819|669369|2a01:4f8:192:4212::2|DE|AS24940|Hetzner Online GmbH
2a01:4f8:192:4329::2|8433|70015|/Satoshi:0.18.1/|1612609818|669369|None|DE|AS24940|Hetzner Online GmbH
2a01:4f8:192:628a::83|8333|70016|/Satoshi:0.21.0(@emzy)/|1612609819|0|None|DE|AS24940|Hetzner Online GmbH
2a01:4f8:192:7321::2|8433|70015|/Satoshi:0.18.1/|1612609819|0|None|DE|AS24940|Hetzner Online GmbH
2a01:4f8:192:e7::2|8333|70015|/Satoshi:0.15.0.1/|1612609818|0|None|DE|AS24940|Hetzner Online GmbH
2a01:4f8:1c1c:1e25::1|8555|70016|/Satoshi:0.0.0/|1612609819|0|None|DE|AS24940|Hetzner Online GmbH
2a01:4f8:1c1c:3bfa::1|8011|70015|/Satoshi:0.17.1/|1612609818|0|None|DE|AS24940|Hetzner Online GmbH
2a01:4f8:1c1c:bad::1|8446|70016|/Satoshi:0.18.7/|1612609818|1246783|None|DE|AS24940|Hetzner Online GmbH
2a01:4f8:200:10ac::2|8333|70015|/Satoshi:0.20.1/|1612609818|669369|None|DE|AS24940|Hetzner Online GmbH
2a01:4f8:200:1216::2|8333|70015|/Satoshi:0.20.1/|1612609818|669369|None|DE|AS24940|Hetzner Online GmbH
2a01:4f8:200:7222::2|8333|70015|/Satoshi:0.17.1/|1612609818|669369|None|DE|AS24940|Hetzner Online GmbH
2a01:4f8:200:8171::2|8433|70015|/Satoshi:0.18.1/|1612609818|669369|None|DE|AS24940|Hetzner Online GmbH
2a01:4f8:200:832b::2|8433|70015|/Satoshi:0.18.1/|1612609819|0|None|DE|AS24940|Hetzner Online GmbH
2a01:4f8:201:1012::2|8333|70015|/Satoshi:0.17.0/|1612609818|669369|None|DE|AS24940|Hetzner Online GmbH
2a01:4f8:201:208b::2|8333|70016|/Satoshi:0.20.99/|1612609818|0|None|DE|AS24940|Hetzner Online GmbH
2a01:4f8:201:232f::2|8333|70015|/Satoshi:0.20.1/|1612609819|0|None|DE|AS24940|Hetzner Online GmbH
2a01:4f8:201:3449::2|8333|70015|/Satoshi:0.17.1(bitcore)/|1612609819|669369|None|DE|AS24940|Hetzner Online GmbH
2a01:4f8:201:540e::2|8333|70015|/Satoshi:0.20.0/|1612609818|0|2a01:4f8:201:540e::2|DE|AS24940|Hetzner Online GmbH
2a01:4f8:201:8367::2|8333|70015|/Satoshi:0.20.1/|1612609819|669369|None|DE|AS24940|Hetzner Online GmbH
2a01:4f8:201:9402::2|8333|70015|/Satoshi:0.20.1/|1612609819|669369|None|DE|AS24940|Hetzner Online GmbH
2a01:4f8:202:33a3::2|8433|70015|/Satoshi:0.18.1/|1612609819|669369|None|DE|AS24940|Hetzner Online GmbH
2a01:4f8:202:3493::2|8333|70015|/Satoshi:0.15.0.1/|1612609818|0|None|DE|AS24940|Hetzner Online GmbH
2a01:4f8:202:3e6::2|8333|70016|/Satoshi:0.21.0(@emzy)/|1612609818|669369|None|DE|AS24940|Hetzner Online GmbH
2a01:4f8:210:14ab::2|8433|70015|/Satoshi:0.18.1/|1612609819|0|None|DE|AS24940|Hetzner Online GmbH
2a01:4f8:210:5445::2|8333|70016|/Satoshi:0.20.99/|1612609818|669369|2a01:4f8:210:5445::2|DE|AS24940|Hetzner Online GmbH
2a01:4f8:211:1e4b::2|8333|70015|/Satoshi:0.20.1/|1612609818|669369|None|DE|AS24940|Hetzner Online GmbH
2a01:4f8:211:23ca::2|8333|70015|/Satoshi:0.17.1/|1612609819|669369|None|DE|AS24940|Hetzner Online GmbH
2a01:4f8:211:4c4::2|8433|70015|/Satoshi:0.18.1/|1612609819|669369|None|DE|AS24940|Hetzner Online GmbH
2a01:4f8:212:1b49::2|8333|70015|/Satoshi:0.18.1/|1612609818|0|None|DE|AS24940|Hetzner Online GmbH
2a01:4f8:221:3056::2|8333|70015|/Satoshi:0.16.2/|1612609819|0|2a01:4f8:221:3056::2|DE|AS24940|Hetzner Online GmbH
2a01:4f8:221:4416::2|8333|70015|/Satoshi:0.15.0.1/|1612609818|669369|None|DE|AS24940|Hetzner Online GmbH
2a01:4f8:221:618::2|8333|70015|/Satoshi:0.20.0/|1612609818|669369|None|DE|AS24940|Hetzner Online GmbH
2a01:4f8:222:2216::2|8333|70015|/Satoshi:0.20.1/|1612609818|669369|None|DE|AS24940|Hetzner Online GmbH
2a01:4f8:222:2cd5::2|8333|70015|/Satoshi:0.18.0/|1612609819|669369|2a01:4f8:222:2cd5::2|DE|AS24940|Hetzner Online GmbH
2a01:4f8:222:351::2|8333|70015|/Satoshi:0.20.0/|1612609818|669369|None|DE|AS24940|Hetzner Online GmbH
2a01:4f8:231:1705::2|8333|70015|/Satoshi:0.20.1/|1612609818|0|None|DE|AS24940|Hetzner Online GmbH
2a01:4f8:231:281f::2|8333|70016|/Satoshi:0.21.0/|1612609819|0|None|DE|AS24940|Hetzner Online GmbH
2a01:4f8:231:3560::2|8333|70015|/Satoshi:0.17.0/|1612609818|669369|None|DE|AS24940|Hetzner Online GmbH
2a01:4f8:231:3e53::2|8333|70015|/Satoshi:0.20.0/|1612609818|0|None|DE|AS24940|Hetzner Online GmbH
2a01:4f8:231:43ca::2|8333|70016|/Satoshi:0.21.0/|1612609819|669369|None|DE|AS24940|Hetzner Online GmbH
2a01:4f8:231:4ae0::2|8333|70015|/Satoshi:0.20.0/|1612609818|669369|None|DE|AS24940|Hetzner Online GmbH
2a01:4f8:231:94::2|8333|70015|/Satoshi:0.18.1/|1612609819|0|None|DE|AS24940|Hetzner Online GmbH
2a01:4f8:241:1389::2|8333|70015|/Satoshi:0.19.1/|1612609819|0|None|DE|AS24940|Hetzner Online GmbH
2a01:4f8:241:147::1|8333|70015|/Satoshi:0.16.3/|1612609819|669369|None|DE|AS24940|Hetzner Online GmbH
2a01:4f8:241:1eea::2|8333|70015|/Satoshi:0.20.1/|1612609819|0|None|DE|AS24940|Hetzner Online GmbH
2a01:4f8:241:1f90::2|8333|70015|/Satoshi:0.20.0/|1612609818|0|None|DE|AS24940|Hetzner Online GmbH
2a01:4f8:241:5a20::2|8333|70015|/Satoshi:0.19.1/|1612609819|669369|None|DE|AS24940|Hetzner Online GmbH
2a01:4f8:251:3253::2|8333|70016|/Satoshi:0.21.0/|1612609819|0|None|DE|AS24940|Hetzner Online GmbH
2a01:4f8:a0:10bb::2|8333|70015|/Satoshi:0.15.0.1/|1612609819|669369|None|DE|AS24940|Hetzner Online GmbH
2a01:4f8:a0:14ec::2|8333|70015|/Satoshi:0.19.1/|1612609818|0|None|DE|AS24940|Hetzner Online GmbH
2a01:4f8:a0:3001::2|8333|70015|/Satoshi:0.18.1(Omni:0.8.1)/|1612609819|0|2a01:4f8:a0:3001::2|DE|AS24940|Hetzner Online GmbH
2a01:4f8:a0:3043::2|8333|70015|/Satoshi:0.15.0.1/|1612609818|0|None|DE|AS24940|Hetzner Online GmbH
2a01:4f8:a0:410b::2|8333|70015|/Satoshi:0.17.1/|1612609819|669369|None|DE|AS24940|Hetzner Online GmbH
2a01:4f8:a0:50c2::2|8333|70015|/Satoshi:0.20.1/|1612609818|669369|None|DE|AS24940|Hetzner Online GmbH
2a01:4f8:a0:53a8::2|8333|70015|/Satoshi:0.15.0.1/|1612609819|0|None|DE|AS24940|Hetzner Online GmbH
2a01:4f8:a0:64f6::2|8333|70015|/Satoshi:0.15.0.1/|1612609818|669369|None|DE|AS24940|Hetzner Online GmbH
2a01:4f8:a0:727d::2|8333|70015|/Satoshi:0.20.1/|1612609819|669369|None|DE|AS24940|Hetzner Online GmbH
2a01:4f8:a0:81bb::2|8333|70015|/Satoshi:0.15.0.1/|1612609819|0|None|DE|AS24940|Hetzner Online GmbH
2a01:4f8:a0:839a::2|8333|70015|/Satoshi:0.15.0.1/|1612609818|669369|None|DE|AS24940|Hetzner Online GmbH
2a01:4f8:a0:910b::2|8333|70015|/Satoshi:0.15.0.1/|1612609818|0|None|DE|AS24940|Hetzner Online GmbH
2a01:4f8:a1:16::2|8333|70015|/Satoshi:0.15.0.1/|1612609818|669369|None|DE|AS24940|Hetzner Online GmbH
2a01:4f8:c010:113f::1|8333|70015|/Satoshi:0.19.1/|1612609819|669369|None|DE|AS24940|Hetzner Online GmbH
2a01:4f8:c010:6161::1|8333|70016|/Satoshi:21.99.0/|1612609819|0|None|DE|AS24940|Hetzner Online GmbH
2a01:4f8:c0c:3fd4::1|8333|70015|/Satoshi:0.20.0/|1612609819|669369|None|DE|AS24940|Hetzner Online GmbH
2a01:4f8:c0c:5b3e::1|8333|70015|/Satoshi:0.20.99/|1612609818|669369|None|DE|AS24940|Hetzner Online GmbH
2a01:4f8:c0c:8058::1|8333|70016|/Satoshi:0.21.0/|1612609819|0|None|DE|AS24940|Hetzner Online GmbH
2a01:4f8:c0c:80c3::1|8333|70015|/Satoshi:0.18.0/|1612609819|669369|None|DE|AS24940|Hetzner Online GmbH
2a01:4f8:c0c:85bf::1|8333|70015|/Satoshi:0.17.2/|1612609818|669369|None|DE|AS24940|Hetzner Online GmbH
2a01:4f8:c0c:b4fc::1|8333|70015|/Satoshi:0.19.1/|1612609819|669369|None|DE|AS24940|Hetzner Online GmbH
2a01:4f8:c0c:bd7::2|8333|70015|/Satoshi:0.18.1/|1612609819|669369|None|DE|AS24940|Hetzner Online GmbH
2a01:4f8:c0c:c124::1|8333|70015|/Satoshi:0.20.1/|1612609818|0|None|DE|AS24940|Hetzner Online GmbH
2a01:4f8:c0c:ead9::1|8333|70015|/Satoshi:0.19.1/|1612609818|0|None|DE|AS24940|Hetzner Online GmbH
2a01:4f8:c0c:fcdd::1|8333|70015|/Satoshi:0.20.0/|1612609819|0|None|DE|AS24940|Hetzner Online GmbH
2a01:4f8:c17:78c5::1|8333|70015|/Satoshi:0.18.0/|1612609819|0|None|DE|AS24940|Hetzner Online GmbH
2a01:4f8:c17:96bf::1|8333|70015|/Satoshi:0.19.1/|1612609819|0|None|DE|AS24940|Hetzner Online GmbH
2a01:4f8:c17:a84a::1|8333|70015|/Satoshi:0.19.99/|1612609819|669369|None|DE|AS24940|Hetzner Online GmbH
2a01:4f8:c17:a8b3::1|8333|70016|/Satoshi:0.21.0/|1612609819|669369|2a01:4f8:c17:a8b3::1|DE|AS24940|Hetzner Online GmbH
2a01:4f8:c17:ed97::1|8333|70015|/Satoshi:0.20.0/|1612609818|669369|None|DE|AS24940|Hetzner Online GmbH
2a01:4f8:c2c:133b::1|8333|70015|/Satoshi:0.20.1/|1612609818|669369|2a01:4f8:c2c:133b::1|DE|AS24940|Hetzner Online GmbH
2a01:4f8:c2c:3179::1|8333|70016|/Satoshi:21.99.0/|1612609819|669369|2a01:4f8:c2c:3179::1|DE|AS24940|Hetzner Online GmbH
2a01:4f8:c2c:3500::1|8333|70015|/Satoshi:0.17.2/|1612609819|669369|None|DE|AS24940|Hetzner Online GmbH
2a01:4f8:c2c:5011::1|8333|70015|/Satoshi:0.20.1/|1612609819|0|None|DE|AS24940|Hetzner Online GmbH
2a01:4f8:c2c:8490::1|8333|70015|/Satoshi:0.17.0.1/|1612609818|0|None|DE|AS24940|Hetzner Online GmbH
2a01:4f8:c2c:962::1|8333|70015|/Satoshi:0.20.1/|1612609818|0|None|DE|AS24940|Hetzner Online GmbH
2a01:4f8:c2c:a29d::1|8555|70016|/Satoshi:0.0.0/|1612609818|0|None|DE|AS24940|Hetzner Online GmbH
2a01:4f8:c2c:c36d::1|8333|70015|/Satoshi:0.20.0/|1612609818|0|None|DE|AS24940|Hetzner Online GmbH
2a01:4f8:c2c:c79c::1|8333|70015|/Satoshi:0.18.0/|1612609819|669369|None|DE|AS24940|Hetzner Online GmbH
2a01:4f8:c2c:cfa4::1|8333|70015|/Satoshi:0.20.1/|1612609818|0|None|DE|AS24940|Hetzner Online GmbH
2a01:4f8:c2c:d104::1|8333|70015|/Satoshi:0.18.1/|1612609818|0|None|DE|AS24940|Hetzner Online GmbH
2a01:4f8:c2c:df18::1|8333|70016|/Satoshi:21.99.0/|1612609819|669369|None|DE|AS24940|Hetzner Online GmbH
2a01:4f8:c2c:f115::1|8333|70015|/Satoshi:0.18.0/|1612609818|669369|None|DE|AS24940|Hetzner Online GmbH
2a01:4f8:c2c:f199::1|8333|70016|/Satoshi:0.20.99/|1612609819|0|None|DE|AS24940|Hetzner Online GmbH
2a01:4f8:c2c:f344::1|8333|70015|/Satoshi:0.20.0/|1612609819|0|2a01:4f8:c2c:f344::1|DE|AS24940|Hetzner Online GmbH
2a01:4f8:c2c:f48b::1|8333|70015|/Satoshi:0.18.0/|1612609818|0|None|DE|AS24940|Hetzner Online GmbH
2a01:4f8:d1:7226::9367|8333|70015|/Satoshi:0.20.1/|1612609819|0|None|DE|AS24940|Hetzner Online GmbH
2a01:4f9:2a:104::2|8433|70015|/Satoshi:0.18.1/|1612609819|669369|None|DE|AS24940|Hetzner Online GmbH
2a01:4f9:2a:13a0::2|8333|70015|/Satoshi:0.20.1/|1612609818|0|None|DE|AS24940|Hetzner Online GmbH
2a01:4f9:2a:1550::2|8333|70015|/Satoshi:0.16.2(bitcore)/|1612609819|669369|None|DE|AS24940|Hetzner Online GmbH
2a01:4f9:2a:1ce0::2|8333|70015|/Satoshi:0.16.1/|1612609819|0|2a01:4f9:2a:1ce0::2|DE|AS24940|Hetzner Online GmbH
2a01:4f9:2a:1ce6::2|8333|70015|/Satoshi:0.19.1/|1612609819|0|None|DE|AS24940|Hetzner Online GmbH
2a01:4f9:2a:1d01::2|8338|70015|/Satoshi:0.18.0/|1612609819|669369|None|DE|AS24940|Hetzner Online GmbH
2a01:4f9:2a:201b::2|8333|70015|/Satoshi:0.19.0.1/|1612609818|669369|None|DE|AS24940|Hetzner Online GmbH
2a01:4f9:2a:2517::2|8333|70015|/Satoshi:0.16.3/|1612609818|0|2a01:4f9:2a:2517::2|DE|AS24940|Hetzner Online GmbH
2a01:4f9:2a:2518::2|8333|70015|/Satoshi:0.16.3/|1612609818|0|None|DE|AS24940|Hetzner Online GmbH
2a01:4f9:2a:2b86::2|8333|70015|/Satoshi:0.20.1/|1612609818|669369|None|DE|AS24940|Hetzner Online GmbH
2a01:4f9:2a:2e46::2|8333|70015|/Satoshi:0.20.1/|1612609819|669369|None|DE|AS24940|Hetzner Online GmbH
2a01:4f9:2a:31c::2|8333|70016|/Satoshi:0.21.0/|1612609819|669369|None|DE|AS24940|Hetzner Online GmbH
2a01:4f9:2a:66b::2|8333|70015|/Satoshi:0.18.0/|1612609819|0|None|DE|AS24940|Hetzner Online GmbH
2a01:4f9:2a:8d9::2|8333|70015|/Satoshi:0.19.0.1/|1612609818|0|None|DE|AS24940|Hetzner Online GmbH
2a01:4f9:2a:a0f::2|8433|70015|/Satoshi:0.18.1/|1612609819|669369|None|DE|AS24940|Hetzner Online GmbH
2a01:4f9:2a:b46::2|8433|70015|/Satoshi:0.18.1/|1612609818|0|None|DE|AS24940|Hetzner Online GmbH
2a01:4f9:2a:be3::2|8433|70015|/Satoshi:0.18.1/|1612609818|669369|None|DE|AS24940|Hetzner Online GmbH
2a01:4f9:2a:c0d::2|8433|70015|/Satoshi:0.18.1/|1612609819|669369|None|DE|AS24940|Hetzner Online GmbH
2a01:4f9:2a:c12::2|8433|70015|/Satoshi:0.18.1/|1612609818|0|None|DE|AS24940|Hetzner Online GmbH
2a01:4f9:2b:141d::2|8333|70015|/Satoshi:0.20.1/Knots:20200815/|1612609819|0|2a01:4f9:2b:141d::2|DE|AS24940|Hetzner Online GmbH
2a01:4f9:2b:16c4::a54|18001|70015|/Satoshi:0.20.1/|1612609819|0|2a01:4f9:2b:16c4::a54|DE|AS24940|Hetzner Online GmbH
2a01:4f9:2b:1c4b:62:6974:636f:696e|8333|70016|/Satoshi:0.21.0/|1612609818|0|bitcoin.operative.link|DE|AS24940|Hetzner Online GmbH
2a01:4f9:2b:20d7::2|8333|70015|/Satoshi:0.19.1/|1612609819|669369|None|DE|AS24940|Hetzner Online GmbH
2a01:4f9:2b:2449::2|12853|70015|/Satoshi:0.17.0.1/|1612609819|669369|2a01:4f9:2b:2449::2|DE|AS24940|Hetzner Online GmbH
2a01:4f9:2b:2988::2|8333|70015|/Satoshi:0.18.0/|1612609819|669369|None|DE|AS24940|Hetzner Online GmbH
2a01:4f9:2b:29ab::2|8333|70015|/Satoshi:0.18.0/|1612609819|669369|None|DE|AS24940|Hetzner Online GmbH
2a01:4f9:2b:2cd6::2|8433|70015|/Satoshi:0.18.1/|1612609819|669369|None|DE|AS24940|Hetzner Online GmbH
2a01:4f9:2b:67::31|8333|70015|/Satoshi:0.20.1/|1612609819|669369|2a01:4f9:2b:67::31|DE|AS24940|Hetzner Online GmbH
2a01:4f9:2b:fa2::2|8333|70015|/Satoshi:0.17.99/|1612609819|0|None|DE|AS24940|Hetzner Online GmbH
2a01:4f9:2b:fd8::2|8333|70015|/Satoshi:0.17.0/|1612609818|669369|None|DE|AS24940|Hetzner Online GmbH
2a01:4f9:3a:1f10::2|8333|70016|/Satoshi:0.21.0/|1612609819|669369|None|DE|AS24940|Hetzner Online GmbH
2a01:4f9:4a:1152::2|8333|70015|/Satoshi:0.20.1/|1612609819|0|2a01:4f9:4a:1152::2|DE|AS24940|Hetzner Online GmbH
2a01:4f9:4a:13a5::2|8333|70015|/Satoshi:0.20.1/|1612609819|669369|None|DE|AS24940|Hetzner Online GmbH
2a01:4f9:4a:161d::7:1|8333|70015|/Satoshi:0.20.0/|1612609818|0|2a01:4f9:4a:161d::7:1|DE|AS24940|Hetzner Online GmbH
2a01:4f9:4a:1646::2|8333|70015|/Satoshi:0.18.0/|1612609818|0|None|DE|AS24940|Hetzner Online GmbH
2a01:4f9:4a:19ec::4202|8333|70015|/Satoshi:0.17.0.1/|1612609819|0|None|DE|AS24940|Hetzner Online GmbH
2a01:4f9:4a:1dee::2|8333|70015|/Satoshi:0.18.99/|1612609819|0|None|DE|AS24940|Hetzner Online GmbH
2a01:4f9:4a:1e17::2|8333|70015|/Satoshi:0.18.1(Omni:0.9.0)/|1612609819|669369|None|DE|AS24940|Hetzner Online GmbH
2a01:4f9:4a:21c3::fa|8333|70015|/Satoshi:0.17.1/|1612609818|0|2a01:4f9:4a:21c3::fa|DE|AS24940|Hetzner Online GmbH
2a01:4f9:4a:26d3::2|8333|70016|/Satoshi:0.21.0/|1612609819|669369|None|DE|AS24940|Hetzner Online GmbH
2a01:4f9:4a:2f9b::2|8333|70015|/Satoshi:0.20.1/|1612609819|0|None|DE|AS24940|Hetzner Online GmbH
2a01:4f9:4a:31de::2|8333|70015|/Satoshi:0.19.1/|1612609819|0|None|DE|AS24940|Hetzner Online GmbH
2a01:4f9:4a:3455::2|8333|70016|/Satoshi:0.21.0/|1612609818|669369|None|DE|AS24940|Hetzner Online GmbH
2a01:4f9:4a:3661::2|8333|70015|/Satoshi:0.19.1/|1612609818|0|None|DE|AS24940|Hetzner Online GmbH
2a01:4f9:4a:4468::2|8333|70015|/Satoshi:0.20.1/|1612609819|0|None|DE|AS24940|Hetzner Online GmbH
2a01:4f9:4a:4e46::2|8333|70015|/Satoshi:0.20.1/|1612609819|0|None|DE|AS24940|Hetzner Online GmbH
2a01:4f9:4b:13a7::2|8333|70015|/Satoshi:0.20.1/|1612609819|669369|None|DE|AS24940|Hetzner Online GmbH
2a01:4f9:4b:194f::2|8433|70015|/Satoshi:0.18.1/|1612609819|669369|None|DE|AS24940|Hetzner Online GmbH
2a01:4f9:4b:42cb::2|8333|70015|/Satoshi:0.18.0/|1612609819|669369|None|DE|AS24940|Hetzner Online GmbH
2a01:4f9:4b:4605::2|8333|70015|/Satoshi:0.20.1/|1612609819|0|None|DE|AS24940|Hetzner Online GmbH
2a01:4f9:4b:5511::2|8333|70016|/Satoshi:0.21.0/|1612609819|669369|None|DE|AS24940|Hetzner Online GmbH
2a01:4f9:c010:26c3::1|8333|70015|/Satoshi:0.20.0/|1612609818|0|2a01:4f9:c010:26c3::1|DE|AS24940|Hetzner Online GmbH
2a01:4f9:c010:354e::1|8333|70015|/Satoshi:0.17.1/|1612609819|0|None|DE|AS24940|Hetzner Online GmbH
2a01:4f9:c010:4969::1|8333|70015|/Satoshi:0.19.0.1/|1612609818|669369|None|DE|AS24940|Hetzner Online GmbH
2a01:4f9:c010:59e7::1|8333|70015|/Satoshi:0.17.0.1/|1612609819|669369|None|DE|AS24940|Hetzner Online GmbH
2a01:4f9:c010:5a67::1|8333|70015|/Satoshi:0.19.0.1/|1612609819|0|None|DE|AS24940|Hetzner Online GmbH
2a01:4f9:c010:84f4::1|8333|70016|/Satoshi:0.21.0/|1612609819|0|None|DE|AS24940|Hetzner Online GmbH
2a01:4f9:c010:9a7a::1|8333|70015|/Satoshi:0.20.1/|1612609818|0|None|DE|AS24940|Hetzner Online GmbH
2a01:4f9:c010:ae1b::1|8333|70016|/Satoshi:0.21.0/|1612609819|0|None|DE|AS24940|Hetzner Online GmbH
2a01:4f9:c010:af6b::1|7671|70015|/Satoshi:0.20.1/|1612609819|0|None|DE|AS24940|Hetzner Online GmbH
2a01:4f9:c010:b940::1|8333|70015|/Satoshi:0.20.0/|1612609819|0|None|DE|AS24940|Hetzner Online GmbH
2a01:4f9:c010:e14b::1|8333|70016|/Satoshi:0.21.0/|1612609819|669369|None|DE|AS24940|Hetzner Online GmbH
2a01:4f9:c010:ee7f::1|8333|70016|/Satoshi:0.21.0/|1612609819|669369|None|DE|AS24940|Hetzner Online GmbH
2a01:4f9:c011:3ca::1|8333|70015|/Satoshi:0.20.1/|1612609818|669369|2a01:4f9:c011:3ca::1|DE|AS24940|Hetzner Online GmbH
2a01:5f0:beef:5:0:3:0:1|52101|70015|/Satoshi:0.19.99/|1612609819|669369|None|CZ|AS35592|Coolhousing s.r.o.
2a01:7a0:2:137a::11|8333|70015|/Satoshi:0.18.1/|1612609818|0|None|DE|AS29066|Host Europe GmbH
2a01:7a0:2:137c::3|8333|70015|/Satoshi:0.18.1/|1612609819|0|None|DE|AS29066|Host Europe GmbH
2a01:7a0:2:1a28:a170:a672:60be:e95b|8333|70015|/Satoshi:0.20.1/|1612609819|669369|None|DE|AS29066|Host Europe GmbH
2a01:7a7:2:1467:ec4:7aff:fee2:5690|8333|70015|/Satoshi:0.15.1/|1612609819|669369|None|FR|AS29066|Host Europe GmbH
2a01:7a7:2:1b83:225:90ff:fe8b:c244|8333|70016|/Satoshi:0.21.0/|1612609819|669369|None|FR|AS29066|Host Europe GmbH
2a01:7c8:aab5:3e6:5054:ff:fed7:4e54|8333|70015|/Satoshi:0.20.1/|1612609819|0|None|NL|AS20857|Transip B.V.
2a01:7c8:aac2:180:5054:ff:fe56:8d10|8333|70015|/Satoshi:0.20.0/|1612609819|0|None|NL|AS20857|Transip B.V.
2a01:7c8:d002:10f:5054:ff:fe5c:dac7|10100|70015|/Satoshi:0.18.1(Omni:0.8.2)/|1612609819|669369|None|NL|AS20857|Transip B.V.
2a01:7c8:d002:318:5054:ff:febe:cbb1|8333|70016|/Satoshi:0.21.0/|1612609818|669369|None|NL|AS20857|Transip B.V.
2a01:7c8:d005:240:5054:ff:fe0a:2f76|8333|70012|/Satoshi:0.12.1(bitcore)/|1612609818|0|None|NL|AS20857|Transip B.V.
2a01:7c8:fffa:50e:ddfe:c924:ca0a:cbab|8333|70015|/Satoshi:0.20.1/|1612609819|0|2a01:7c8:fffa:50e:ddfe:c924:ca0a:cbab|NL|AS20857|Transip B.V.
2a01:7e00::f03c:92ff:fea7:29e7|8555|70016|/Satoshi:0.0.0/|1612609819|0|None|GB|AS63949|Linode, LLC
2a01:7e01::f03c:92ff:fea7:e773|8555|70016|/Satoshi:0.0.0/|1612609819|0|None|DE|AS63949|Linode, LLC
2a01:8740:1:ffc5::8c6a|8333|70016|/Satoshi:0.21.0/|1612609818|669369|2a01:8740:1:ffc5::8c6a|BG|AS203380|DA International Group Ltd.
2a01:cb00:83cf:900:f8fd:3470:2948:105a|8333|70015|/Satoshi:0.20.1/|1612609819|0|None|FR|AS3215|Orange
2a01:cb00:d3d:7700:227:eff:fe28:c565|8333|70015|/Satoshi:0.19.0.1/|1612609819|669369|None|FR|AS3215|Orange
2a01:cb00:f25:f570:28e4:4a2e:7504:dda4|8333|70016|/Satoshi:0.21.0/|1612609819|0|2a01cb000f25f57028e44a2e7504dda4.ipv6.abo.wanadoo.fr|FR|AS3215|Orange
2a01:d0:bef2::12|8333|70015|/Satoshi:0.19.0.1/|1612609819|0|2a01:d0:bef2::12|GI|AS29632|Netassist Limited
2a01:e0a:121:e0d0:d96b:7c:4417:4133|8333|70015|/Satoshi:0.18.1/|1612609819|669369|None|FR|AS12322|Free SAS
2a01:e0a:162:f6d0:e6ce:8fff:fe56:8b27|8333|70001|/Satoshi:0.8.6/|1612609819|0|None|FR|AS12322|Free SAS
2a01:e0a:16d:d290:9c3a:77a1:b80f:6d65|8333|70015|/Satoshi:0.19.1/|1612609819|0|None|FR|AS12322|Free SAS
2a01:e0a:16f:91e0:f21f:afff:fe22:51a8|8333|70016|/Satoshi:0.21.0/|1612609819|669369|None|FR|AS12322|Free SAS
2a01:e0a:1d2:ede0:581e:8d52:7655:2ed3|8333|70016|/Satoshi:0.21.0/|1612609818|0|None|FR|AS12322|Free SAS
2a01:e0a:21e:9e70:344a:bb4e:5f4c:6a7|8333|70015|/Satoshi:0.20.1/|1612609819|669369|None|FR|AS12322|Free SAS
2a01:e0a:224:65c0:d9a1:87a5:4806:787d|8333|70015|/Satoshi:0.18.0/|1612609819|0|None|FR|AS12322|Free SAS
2a01:e0a:250:9f80:f447:97f2:f4f6:487e|8333|70015|/Satoshi:0.20.1/|1612609819|669369|None|FR|AS12322|Free SAS
2a01:e0a:252:6bd0::2|8333|70016|/Satoshi:0.21.0/|1612609819|669369|None|FR|AS12322|Free SAS
2a01:e0a:26c:9b0:8055:c62d:a1d4:86aa|8333|70015|/Satoshi:0.19.1/|1612609818|669369|None|FR|AS12322|Free SAS
2a01:e0a:29:1d40:20c:29ff:feef:ccaf|8333|70016|/Satoshi:0.21.0/|1612609819|669369|None|FR|AS12322|Free SAS
2a01:e0a:2d1:c4e0:dcaf:42df:10b1:646d|8333|70015|/Satoshi:0.19.0.1/|1612609819|669369|None|FR|AS12322|Free SAS
2a01:e0a:31c:b2a0:1c7:5f8e:4d06:9663|8333|70016|/Satoshi:0.21.0/|1612609818|0|None|FR|AS12322|Free SAS
2a01:e0a:366:36c0:a460:dbff:fe63:f286|8333|70015|/Satoshi:0.20.1/|1612609818|0|None|FR|AS12322|Free SAS
2a01:e0a:3f6:4b30:38f3:c10d:cb6:f9c4|8333|70015|/Satoshi:0.20.1/|1612609818|0|None|FR|AS12322|Free SAS
2a01:e0a:506:43c0:8458:f6ad:dcc1:3fd4|8333|70015|/Satoshi:0.20.1/|1612609819|0|None|FR|AS12322|Free SAS
2a01:e0a:566:39a0:94d2:b8ff:feb7:f89c|8333|70015|/Satoshi:0.20.0/|1612609818|0|2a01:e0a:566:39a0:94d2:b8ff:feb7:f89c|FR|AS12322|Free SAS
2a01:e0a:5c4:8520:5db7:7dea:ac63:d1b2|8333|70015|/Satoshi:0.19.0.1/|1612609818|0|None|FR|AS12322|Free SAS
2a01:e0a:5d5:a270:b0bc:f439:5942:5bda|8333|70015|/Satoshi:0.20.1/|1612609819|0|None|FR|AS12322|Free SAS
2a01:e0a:5f3:9c90:12dd:b1ff:fe99:31c4|8333|70015|/Satoshi:0.15.1/|1612609819|669369|None|FR|AS12322|Free SAS
2a01:e0a:82c:7160:1406:674f:377c:3a10|8333|70015|/Satoshi:0.20.0/|1612609818|0|None|FR|AS12322|Free SAS
2a01:e0a:85e:6b0:28c0:2eff:fe30:a14a|8333|70015|/Satoshi:0.19.1/|1612609819|669369|None|FR|AS12322|Free SAS
2a01:e0a:938:1b40:ab5a:8120:60d1:13e5|8333|70016|/Satoshi:0.21.0/|1612609819|669369|None|FR|AS12322|Free SAS
2a01:e0a:98:f2d0:3c1b:3ec3:79f1:aa41|8333|70015|/Satoshi:0.18.0/|1612609818|669369|None|FR|AS12322|Free SAS
2a01:e0a:df:b9a0:b62e:99ff:fece:1395|8333|70015|/Satoshi:0.20.0/|1612609819|0|None|FR|AS12322|Free SAS
2a01:e0a:eb:4c0:ed7b:7267:1ed1:4259|8333|70015|/Satoshi:0.20.1/|1612609818|0|None|FR|AS12322|Free SAS
2a01:e34:ec20:6cd0:12ec:b70e:cd0c:9e41|8333|70016|/Satoshi:0.21.0/|1612609819|0|None|FR|AS12322|Free SAS
2a01:e34:ec4a:2e90:1:0:b:1|8333|70015|/Satoshi:0.19.0/|1612609819|669369|None|FR|AS12322|Free SAS
2a01:e34:ec4e:bf60:6c77:432e:a55a:6046|8333|70015|/Satoshi:0.20.1/|1612609818|669369|2a01:e34:ec4e:bf60:6c77:432e:a55a:6046|FR|AS12322|Free SAS
2a01:e34:ec71:46b0:7e5:7270:4e4a:b199|8333|70016|/Satoshi:0.21.0/|1612609818|0|None|FR|AS12322|Free SAS
2a01:e34:ec72:5620:a9e6:459e:1610:e978|8333|70015|/Satoshi:0.20.1/|1612609818|0|None|FR|AS12322|Free SAS
2a01:e34:ec76:c9d0:b87b:3259:c08:60ad|8333|70016|/Satoshi:0.21.0/|1612609819|0|None|FR|AS12322|Free SAS
2a01:e34:ec7d:c4d0:d6a2:583d:447c:3e20|8333|70015|/Satoshi:0.20.1/|1612609818|0|None|FR|AS12322|Free SAS
2a01:e34:ed33:4600:1ac:1046:3282:1958|8333|70015|/Satoshi:0.19.0.1/|1612609819|669369|None|FR|AS12322|Free SAS
2a01:e34:edc6:f470:cd9:33fc:1e63:411c|8333|70015|/Satoshi:0.19.0.1/|1612609819|669369|None|FR|AS12322|Free SAS
2a01:e34:ee6b:2ab0:88c2:1c12:f4eb:c26c|8333|70015|/Satoshi:0.20.0/|1612609819|669369|2a01:e34:ee6b:2ab0:88c2:1c12:f4eb:c26c|FR|AS12322|Free SAS
2a01:e34:eed7:6670:d9d5:e618:13e4:82f9|8333|70015|/Satoshi:0.18.0/|1612609819|0|None|FR|AS12322|Free SAS
2a01:e34:ef15:a710:7451:fc41:12c4:bebf|8333|70015|/Satoshi:0.19.1/|1612609818|669369|None|FR|AS12322|Free SAS
2a01:e34:efb4:9640:8957:76e4:3123:2e09|8333|70016|/Satoshi:0.21.0/|1612609819|669369|None|FR|AS12322|Free SAS
2a01:e35:243a:b450:b504:c753:70a4:e65c|8333|70016|/Satoshi:21.99.0/|1612609819|669369|None|FR|AS12322|Free SAS
2a01:e35:2ed4:6b20:783f:6cd:baad:a9eb|8333|70015|/Satoshi:0.20.1/|1612609819|669369|None|FR|AS12322|Free SAS
2a02:1205:34d0:a400:6047:8903:7ae5:dad|8555|70016|/Satoshi:0.0.0/|1612609819|0|None|CH|AS3303|Bluewin
2a02:1205:34df:4320:b1a0:be81:cc9c:6e10|8555|70016|/Satoshi:0.0.0/|1612609818|0|dynamic.wline.6rd.res.cust.swisscom.ch|CH|AS3303|Bluewin
2a02:1205:34e4:7d00:3126:f0d4:3de9:5133|8555|70016|/Satoshi:0.0.0/|1612609818|625210|None|CH|AS3303|Bluewin
2a02:1205:34f9:3b70:b580:c9e7:27b9:53fe|8555|70016|/Satoshi:0.0.0/|1612609819|0|None|CH|AS3303|Bluewin
2a02:1205:5000:51c0:f923:7163:9655:99e0|8555|70016|/Satoshi:0.0.0/|1612609819|0|dynamic.wline.6rd.res.cust.swisscom.ch|CH|AS3303|Bluewin
2a02:1205:500c:83c0:59f4:f6ea:3b1a:5ca3|8333|70016|/Satoshi:0.21.0/|1612609818|669369|None|CH|AS3303|Bluewin
2a02:1205:5018:5b50:223:dfff:fede:ecb|8333|70015|/Satoshi:0.19.0.1/|1612609818|0|None|CH|AS3303|Bluewin
2a02:1205:503c:8180:c06e:5c5d:1:c0e1|8555|70016|/Satoshi:0.0.0/|1612609819|0|None|CH|AS3303|Bluewin
2a02:1205:5051:ecf0:157c:6777:2f38:5f56|8555|70016|/Satoshi:0.0.0/|1612609819|0|None|CH|AS3303|Bluewin
2a02:1205:5078:eb30:1047:c17e:cbf4:e336|8555|70016|/Satoshi:0.0.0/|1612609818|623602|dynamic.wline.6rd.res.cust.swisscom.ch|CH|AS3303|Bluewin
2a02:1205:c688:94a0:70d8:aaee:a82d:993c|8333|70015|/Satoshi:0.20.1/|1612609819|669369|None|CH|AS3303|Bluewin
2a02:1205:c6bd:32a0:6543:ed19:fe3d:c930|8333|70015|/Satoshi:0.18.1/|1612609819|0|None|CH|AS3303|Bluewin
2a02:1206:45b0:87e0:7c32:abe0:b2b0:21f0|8333|70015|/Satoshi:0.19.1/|1612609818|0|None|CH|AS3303|Bluewin
2a02:120b:2c0d:8720:dcd3:9a97:8c22:3140|8333|70015|/Satoshi:0.20.0/|1612609818|669369|None|CH|AS3303|Bluewin
2a02:120b:2c18:2130:28b3:1108:73ca:5072|8333|70015|/Satoshi:0.13.2/|1612609819|0|None|CH|AS3303|Bluewin
2a02:120b:2c22:6550:1cb5:b98b:d3cd:46a6|8333|70015|/Satoshi:0.19.0.1/|1612609818|669369|None|CH|AS3303|Bluewin
2a02:120b:2c38:a9d0:d0f2:3ee:6cb2:56ba|8333|70015|/Satoshi:0.20.0/|1612609818|669369|None|CH|AS3303|Bluewin
2a02:120b:2c39:eef0:b194:e7ba:2c6f:4a1a|8333|70015|/Satoshi:0.20.0/|1612609819|0|None|CH|AS3303|Bluewin
2a02:120b:c3ca:b0d0:10e8:29aa:edc8:1f95|8555|70016|/Satoshi:0.0.0/|1612609819|625211|None|CH|AS3303|Bluewin
2a02:120b:c3e1:7380:3817:571a:9165:af3|8333|70016|/Satoshi:0.21.0/|1612609819|0|None|CH|AS3303|Bluewin
2a02:120b:c3e2:7420:948f:44a6:ccb2:7626|8333|70015|/Satoshi:0.20.1/|1612609819|0|None|CH|AS3303|Bluewin
2a02:120b:c3e8:d3a0:1154:676d:1988:6e44|8555|70016|/Satoshi:0.0.0/|1612609819|625211|dynamic.wline.6rd.res.cust.swisscom.ch|CH|AS3303|Bluewin
2a02:121e:76b9:0:211a:a571:a888:312f|8333|70015|/Satoshi:0.18.1/|1612609818|0|None|CH|AS3303|Bluewin
2a02:130:300:1520:1::2|8333|70015|/Satoshi:0.18.1/|1612609819|669369|None|SK|AS42841|ANTIK Telecom s.r.o
2a02:180:6:1::18|8333|70015|/Satoshi:0.14.1/|1612609819|669369|None|DE|AS35366|ISPpro Internet KG
2a02:1810:1d08:8900:848b:c4c4:526b:e657|8333|70015|/Satoshi:0.18.0/|1612609818|0|None|BE|AS6848|Telenet BVBA
2a02:1810:1e37:a300:e44e:c9da:c5ec:2054|8333|70015|/Satoshi:0.20.1/|1612609819|0|ptr-wn1qk4s812nul7aqms.18120a2.ip6.access.telenet.be|BE|AS6848|Telenet BVBA
2a02:1811:413:8f00:4a95:f971:607f:9c41|8333|70016|/Satoshi:0.21.0/|1612609819|0|None|BE|AS6848|Telenet BVBA
2a02:27ab:0:2::36b|8333|70015|/Satoshi:0.13.2/|1612609819|0|None|NL|AS21100|ITL LLC
2a02:2b80:101:104::614|8333|70016|/Satoshi:0.21.0/|1612609818|669369|None|DE|AS45012|dogado GmbH
2a02:2b88:2:1::6d5b:1|48539|70016|/Satoshi:0.21.0/|1612609819|0|None|CZ|AS197019|WEDOS Internet, a.s.
2a02:2f0e:5802:8200:292d:55bd:9202:884|8333|70015|/Satoshi:0.15.1/|1612609819|669369|None|RO|AS8708|RCS & RDS
2a02:2f0e:704:5800:38e7:aa4c:d828:27a2|8333|70015|/Satoshi:0.19.1/|1612609818|669369|None|RO|AS8708|RCS & RDS
2a02:390:9000:0:aaa1:59ff:fe43:b57b|8333|70016|/Satoshi:0.21.0/|1612609819|669369|None|GB|AS12496|Infinity Developments Limited
2a02:4780:1:1::1:a65f|8333|70015|/Satoshi:0.20.1/|1612609819|0|2a02:4780:1:1::1:a65f|US|AS47583|Hostinger International Limited
2a02:4780:8:6:2:a726:28d7:1d6d|8333|70015|/Satoshi:0.18.0/|1612609818|0|None|LT|AS47583|Hostinger International Limited
2a02:587:3101:a900:4147:f987:f36a:97cb|8333|70016|/Satoshi:0.21.0/|1612609819|669369|None|GR|AS6799|OTEnet S.A.
2a02:7aa0:1619::adc:8de0|8333|70015|/Satoshi:0.15.1/|1612609819|0|None|SE|AS52173|Sia Nano IT
2a02:7b40:3e4d:9896::1|8333|70015|/Satoshi:0.18.0/|1612609819|0|None|LT|AS62282|UAB Rakrejus
2a02:7b40:4f62:19ae::1|8333|70015|/Satoshi:0.16.0/|1612609819|669369|None|LT|AS62282|UAB Rakrejus
2a02:7b40:4f62:1e25::1|8333|70015|/Satoshi:0.19.0.1/|1612609819|0|m04.z10n.eu|LT|AS62282|UAB Rakrejus
2a02:7b40:b905:37db::1|8333|70015|/Satoshi:0.18.0/|1612609818|0|None|LT|AS62282|UAB Rakrejus
2a02:7b40:c287:50e7::1|8333|70015|/Satoshi:0.20.1/|1612609819|669369|None|LT|AS62282|UAB Rakrejus
2a02:7b40:d418:6a22::1|8333|70015|/Satoshi:0.20.1/|1612609819|669369|None|LT|AS62282|UAB Rakrejus
2a02:8071:22ca:a600:b464:6248:7bf0:2353|8333|70016|/Satoshi:0.21.0/|1612609819|669369|None|DE|AS6830|Liberty Global B.V.
2a02:8071:82cb:af00:778d:dc56:e57c:b1ce|8333|70016|/Satoshi:0.21.0/|1612609819|669369|None|DE|AS6830|Liberty Global B.V.
2a02:8071:9294:9b00:f82c:7a3b:3093:611a|8333|70016|/Satoshi:0.21.0/|1612609819|669369|None|DE|AS6830|Liberty Global B.V.
2a02:8084:d6ba:8480:5e39:601e:f24:986e|8333|70015|/Satoshi:0.20.0/|1612609819|669369|None|IE|AS6830|Liberty Global B.V.
2a02:8084:e240:de80:c57:2ad6:8fa2:fa4e|8333|70016|/Satoshi:0.21.0/|1612609818|0|None|IE|AS6830|Liberty Global B.V.
2a02:80e0:0:e::2|8333|70016|/Satoshi:0.21.0/|1612609819|669369|None|BG|AS197216|Delta HighTech Ltd.
2a02:8106:228:ef00::1|8333|70015|/Satoshi:0.20.1/|1612609819|669369|None|DE|AS3209|Vodafone GmbH
2a02:810a:940:2744::c51b|8333|70016|/Satoshi:0.21.0/|1612609819|669369|None|DE|AS3209|Vodafone GmbH
2a02:810d:440:3218:904d:6fba:e9d2:8f96|8333|70015|/Satoshi:0.20.1(SegWit2x-RIP)/|1612609819|669369|None|DE|AS3209|Vodafone GmbH
2a02:810d:8cbf:f3a8:96c6:91ff:fe17:ae1d|8333|70015|/Satoshi:0.20.0/|1612609818|669369|None|DE|AS3209|Vodafone GmbH
2a02:810d:b6c0:538:f51e:9488:27ae:647d|8333|70016|/Satoshi:0.21.0/|1612609819|669369|None|DE|AS3209|Vodafone GmbH
2a02:8308:8087:aa00:bc6:9c33:a81d:2f6a|8333|70016|/Satoshi:0.21.0/|1612609818|669369|None|CZ|AS6830|Liberty Global B.V.
2a02:8389:1c0:9680:201:2eff:fe82:b3cc|8333|70016|/Satoshi:0.21.0/|1612609819|669369|None|AT|AS6830|Liberty Global B.V.
2a02:908:1a64:65e0:602e:4a55:853c:127f|8333|70015|/Satoshi:0.20.1/|1612609819|669369|2a02:908:1a64:65e0:602e:4a55:853c:127f|DE|AS6830|Liberty Global B.V.
2a02:908:4b60:a2e0:73e9:d4fa:e668:b971|8333|70015|/Satoshi:0.20.0/|1612609819|669369|2a02:908:4b60:a2e0:73e9:d4fa:e668:b971|DE|AS6830|Liberty Global B.V.
2a02:908:4f1:b0bc:5054:ff:feb7:ce4b|8333|70015|/Satoshi:0.19.0.1/|1612609819|669369|None|DE|AS6830|Liberty Global B.V.
2a02:a311:8143:8c00::4|8353|70015|/Satoshi:0.20.0/|1612609819|0|2a02:a311:8143:8c00::4|PL|AS6830|Liberty Global B.V.
2a02:a45a:94cd:f00d::1|8333|70015|/Satoshi:0.20.0/|1612609819|669369|None|NL|AS1136|KPN B.V.
2a02:aa1:1618:a9c1:ac04:c2ba:33fc:f585|8555|70016|/Satoshi:0.0.0/|1612609818|0|None|SE|AS44034|Hi3G Access AB
2a02:af8:fab0:808:85:234:145:132|8333|70015|/Satoshi:0.19.1/|1612609819|0|None|GB|AS29550|Simply Transit Ltd
2a02:c205:2018:8229::1|8333|70015|/Satoshi:0.20.1/|1612609819|669369|None|DE|AS51167|Contabo GmbH
2a02:c207:0:3829::1|8333|70015|/Satoshi:0.20.0/|1612609819|0|None|DE|AS51167|Contabo GmbH
2a02:c207:0:4971::1|7661|70015|/Satoshi:0.18.0/|1612609819|0|None|DE|AS51167|Contabo GmbH
2a02:c207:2014:4199::1|8333|70015|/Satoshi:0.16.2/|1612609821|0|None|DE|AS51167|Contabo GmbH
2a02:c207:2014:9433::1|8333|70015|/Satoshi:0.20.1/|1612609819|669369|None|DE|AS51167|Contabo GmbH
2a02:c207:2015:7472::1|8333|70015|/Satoshi:0.18.0/|1612609819|669369|None|DE|AS51167|Contabo GmbH
2a02:c207:2016:2394::1|8333|70016|/Satoshi:21.99.0/|1612609819|669369|None|DE|AS51167|Contabo GmbH
2a02:c207:2018:4790::1|8333|70015|/Satoshi:0.16.3/|1612609818|0|None|DE|AS51167|Contabo GmbH
2a02:c207:2019:7206::1|8333|70015|/Satoshi:0.16.99/|1612609819|669369|None|DE|AS51167|Contabo GmbH
2a02:c207:2024:6115::1|8333|70016|/Satoshi:0.21.0/|1612609818|669369|None|DE|AS51167|Contabo GmbH
2a02:c207:2025:7280::1|8555|70016|/Satoshi:1.0.0/|1612609819|597924|linux.edd.to|DE|AS51167|Contabo GmbH
2a02:c207:2045:5661::1|8333|70015|/Satoshi:0.20.1/|1612609819|669369|None|DE|AS51167|Contabo GmbH
2a02:c207:3001:4820::1|8333|70015|/Satoshi:0.18.1/|1612609819|0|vmd14820.contabo.host|DE|AS51167|Contabo GmbH
2a02:c207:3001:7807::1|8333|70015|/Satoshi:0.20.1/|1612609819|0|outpost.flashfingaz.de|DE|AS51167|Contabo GmbH
2a02:c207:3001:8587::1|8333|70015|/Satoshi:0.20.1/|1612609819|665073|None|DE|AS51167|Contabo GmbH
2a02:c207:3002:3059::1|8333|70016|/Satoshi:0.21.0/|1612609819|669369|None|DE|AS51167|Contabo GmbH
2a02:c207:3002:5433::1|8333|70016|/Satoshi:0.21.0/|1612609819|0|None|DE|AS51167|Contabo GmbH
2a02:c207:3002:7468::1|8333|70016|/Satoshi:0.21.0/|1612609819|0|vmd27468.contaboserver.net|DE|AS51167|Contabo GmbH
2a02:c207:3006:5522::1|8333|70015|/Satoshi:0.20.1/|1612609819|669369|None|DE|AS51167|Contabo GmbH
2a02:c7f:7007:7500:669d:4816:e47a:2ad3|8333|70015|/Satoshi:0.20.1/|1612609818|669369|2a02:c7f:7007:7500:669d:4816:e47a:2ad3|GB|AS5607|Sky UK Limited
2a02:e00:fff0:426::1|8333|70015|/Satoshi:0.17.0.1/|1612609818|669369|None|DE|AS29141|Bradler & Krantz GmbH & Co. KG
2a02:e00:fff0:506::a|8444|70015|/Satoshi:0.20.1/|1612609819|669369|None|DE|AS29141|Bradler & Krantz GmbH & Co. KG
2a03:4000:1c:523::1|8333|70016|/Satoshi:0.21.0/|1612609819|669369|None|DE|AS197540|netcup GmbH
2a03:4000:27:2d8:58a9:2ff:fe98:5268|8555|70016|/Satoshi:0.0.0/|1612609819|0|2a03:4000:27:2d8:58a9:2ff:fe98:5268|DE|AS197540|netcup GmbH
2a03:4000:2a:514::|8333|70016|/Satoshi:0.21.0/|1612609819|669369|2a03:4000:2a:514::|DE|AS197540|netcup GmbH
2a03:4000:3e:28f:a4df:65ff:fe0f:a52d|8333|70015|/Satoshi:0.20.1/|1612609818|669369|2a03:4000:3e:28f:a4df:65ff:fe0f:a52d|DE|AS197540|netcup GmbH
2a03:4000:47:f1::1|8333|70015|/Satoshi:0.20.1/|1612609818|669369|None|DE|AS197540|netcup GmbH
2a03:4000:5:3ea:580b:bcff:feca:51cb|8333|70016|/Satoshi:21.99.0/|1612609818|0|None|DE|AS197540|netcup GmbH
2a03:4000:6:162d::1|8333|70015|/Satoshi:0.20.0/|1612609819|0|None|DE|AS197540|netcup GmbH
2a03:4000:6:416c::43|8333|70015|/Satoshi:0.19.0.1/|1612609818|0|bcxchg.insc.de|DE|AS197540|netcup GmbH
2a03:4000:6:8009::1|8333|70015|/Satoshi:0.18.0/|1612609818|669369|www.pythonstuff.org|DE|AS197540|netcup GmbH
2a03:4000:9:8e::1|8333|70015|/Satoshi:0.17.0/|1612609819|669369|None|DE|AS197540|netcup GmbH
2a03:6000:870:0:46:23:87:218|8333|70015|/Satoshi:0.20.1/|1612609819|0|None|NL|AS3265|Xs4all Internet BV
2a03:8c00:1a:8:f21f:afff:fee2:ab06|8333|70015|/Satoshi:0.20.1/|1612609818|669369|None|GB|AS39458|Real Hosts Limited
2a03:b0c0:1:e0::3b5:b001|8333|70015|/Satoshi:0.16.3/|1612609819|0|2a03:b0c0:1:e0::3b5:b001|GB|AS14061|DIGITALOCEAN-ASN
2a03:b0c0:3:e0::b3:f001|8333|70015|/Satoshi:0.20.0/|1612609819|669369|2a03:b0c0:3:e0::b3:f001|DE|AS14061|DIGITALOCEAN-ASN
2a03:b0c0:3:f0::9:1000|8333|70015|/Satoshi:0.19.1/|1612609819|0|None|DE|AS14061|DIGITALOCEAN-ASN
2a03:c980:db:18f::|8333|70015|/Satoshi:0.20.1/|1612609819|669369|None|RU|AS203226|Internet-Hosting Ltd
2a03:c980:db:47::|8333|70015|/Satoshi:0.20.1/|1612609818|669369|None|RU|AS203226|Internet-Hosting Ltd
2a03:cfc0:8000:7::5fd6:359a|8333|70016|/Satoshi:0.21.0/|1612609818|0|None|PL|AS201814|Meverywhere sp. z o.o.
2a04:3544:1000:1510:706c:abff:fe6c:501c|8333|70016|/Satoshi:0.21.0/|1612609819|0|None|NL|AS202053|UpCloud Ltd
2a04:5340:1:0:7c40:5fa9:ce30:d717|8333|70015|/Satoshi:0.20.1/|1612609819|0|None|DE|AS200081|Netversor GmbH
2a05:1a00:1503:af00::100|8333|70016|/Satoshi:0.21.0/|1612609819|0|2a05:1a00:1503:af00::100|IR|AS43754|Asiatech Data Transmission company
2a05:3580:2416:9200::1|8333|70016|/Satoshi:0.21.0/|1612609819|0|None|RU|AS35807|SkyNet Ltd.
2a05:d01c:41e:1603:5027:1431:472c:3e3c|8333|70015|/Satoshi:0.20.0/|1612609819|0|None|GB|AS16509|AMAZON-02
2a05:f480:1800:10b:5400:2ff:fef1:f73|8333|70015|/Satoshi:0.17.1/|1612609819|0|None|FR|AS20473|AS-CHOOPA
2a05:f480:1800:697:5400:2ff:feb6:c36d|8333|70015|/Satoshi:0.20.1/|1612609819|0|None|FR|AS20473|AS-CHOOPA
2a05:fc87:1:6::2|8333|70016|/Satoshi:21.99.0/|1612609818|0|2a05:fc87:1:6::2|CH|AS39540|CommunityRack.org Verein
2a05:fc87:4::2|8333|70016|/Satoshi:21.99.0/|1612609819|669369|2a05:fc87:4::2|CH|AS39540|CommunityRack.org Verein
2a06:6782:1101:12::1ee|8333|70016|/Satoshi:0.21.0/|1612609819|0|None|KZ|AS56568|X-communication Llp
2a07:5741:0:4e4::1|8333|70015|/Satoshi:0.19.0.1/|1612609818|0|None|BG|AS44901|Belcloud LTD
2a07:5741:0:608::1|8333|70015|/Satoshi:0.20.0/|1612609819|669369|None|BG|AS44901|Belcloud LTD
2a07:5741:0:7cd::1|8333|70015|/Satoshi:0.17.1/|1612609819|0|None|BG|AS44901|Belcloud LTD
2a07:5741:0:da0::1|8333|70015|/Satoshi:0.20.1/|1612609819|0|None|BG|AS44901|Belcloud LTD
2a07:a880:4603:1011:59b8:abd0:3500:90da|8333|70016|/Satoshi:0.21.0/|1612609819|0|None|SE|AS197595|Obenetwork AB
2a07:abc4::1:946|8333|70016|/Satoshi:0.21.0/|1612609819|669369|2a07:abc4::1:946|FR|AS62000|Netrix SAS
2a07:b400:1:34c::2:1002|8333|70015|/Satoshi:0.20.1/|1612609819|669369|None|NL|AS14576|HOSTING-SOLUTIONS
2a09:2681:102::210|8333|70016|/Satoshi:0.21.0/|1612609819|0|None|SE|AS61282|BrainMill AB
2a09:7c44::b1|8333|70015|/Satoshi:0.20.1/|1612609818|0|None|NL|AS43624|Pq Hosting S.r.l.
2a0a:8c41::b4|8333|70015|/Satoshi:0.18.0/|1612609819|0|None|CZ|AS204957|ITL-Bulgaria Ltd.
2a0a:c801:1:7::183|8333|70015|/Satoshi:0.20.0/|1612609818|0|None|MD|AS39798|MivoCloud SRL
2a0b:5cc0:0:200::102|8333|70015|/Satoshi:0.20.1/|1612609819|0|None|AT|AS49432|schallert.com e.U.
2a0b:dbc1:2:8194:62:6974:636f:696e|8333|70016|/Satoshi:0.21.0/|1612609818|0|None|FI|AS207003|Empor Oy
2a0b:f300:2:6::2|8333|70016|/Satoshi:0.21.0/Knots:20210130/|1612609819|669369|None|US|AS62240|Clouvider Limited
2a0c:d242:3609:2200:20c:29ff:fe47:5ec8|8333|70016|/Satoshi:0.21.0/|1612609819|669369|2a0c:d242:3609:2200:20c:29ff:fe47:5ec8|DE|AS43341|MDlink online service center GmbH
2a10:3781:84b:1:b123:6306:943a:f09b|8333|70016|/Satoshi:0.21.0/|1612609819|669369|None|NL|AS206238|Freedom Internet BV
