# Bitnodes short version https://bitnodes.io/api/v1/snapshots/
# Time 1612586705
IP Address|Port|Protocol Version|User Agent|Connected Since|Height|Hostname|Country Code|ASN|Organization Name
2ihklwc3o5y64kq6.onion|8333|70015|/Satoshi:0.20.1/|1612558976|669280|None|None|TOR|Tor network
2xdgeufrek3eumkw.onion|8333|70015|/Satoshi:0.20.0/|1612558976|669280|None|None|TOR|Tor network
344vjfxxvdppueja.onion|8333|70015|/Satoshi:0.20.1/|1612563902|669285|None|None|TOR|Tor network
3exbi4naykmz2w6z.onion|8333|70015|/Satoshi:0.20.0/|1612571667|669301|None|None|TOR|Tor network
4an2udezwillftfz.onion|8333|70015|/Satoshi:0.20.1/|1612558977|669280|None|None|TOR|Tor network
4dacf3wdtwhha5kd.onion|8333|70015|/Satoshi:0.20.1/|1612570810|669299|None|None|TOR|Tor network
4dcuwcovpjwnv4hb.onion|8333|70015|/Satoshi:0.20.1/|1612570818|669299|None|None|TOR|Tor network
4grbrq4mcucofb7l.onion|8333|70015|/Satoshi:0.20.1/|1612576275|669308|None|None|TOR|Tor network
4jvtvkmdtylayg2m.onion|8333|70015|/Satoshi:0.20.1/|1612558975|669280|None|None|TOR|Tor network
5aydzxx6jyoz3nez.onion|8333|70015|/Satoshi:0.20.1/|1612558976|669279|None|None|TOR|Tor network
5lut7tsgdrq4bj4q.onion|8333|70015|/Satoshi:0.20.1/|1612558978|669280|None|None|TOR|Tor network
5mfk3eh2s367o44e.onion|8333|70015|/Satoshi:0.20.1/|1612570818|669299|None|None|TOR|Tor network
6hm7ygxq6v4egu57.onion|8333|70015|/Satoshi:0.20.1/|1612558979|669280|None|None|TOR|Tor network
6kbvvegyqr2vdvu4.onion|8333|70015|/Satoshi:0.20.1/|1612563902|669285|None|None|TOR|Tor network
aej7osnpf35k34zz.onion|8333|70015|/Satoshi:0.20.1/|1612563903|669285|None|None|TOR|Tor network
aqw7l535gkknmtrs.onion|8333|70015|/Satoshi:0.18.0/|1612570820|669299|None|None|TOR|Tor network
auw2dv5wqspkoq74.onion|8333|70015|/Satoshi:0.20.1/|1612568625|669317|None|None|TOR|Tor network
b4vvkbqipcmkwp4v.onion|8333|70015|/Satoshi:0.20.1/|1612558975|669279|None|None|TOR|Tor network
bgla4m6zetvtv7ls.onion|8333|70015|/Satoshi:0.20.1/|1612562996|669288|None|None|TOR|Tor network
biqabcqmh3ovqkw6.onion|8333|70015|/Satoshi:0.20.0/|1612558976|669279|None|None|TOR|Tor network
bk5ejfe56xakvtkk.onion|8333|70016|/Satoshi:0.21.0/|1612558978|669308|None|None|TOR|Tor network
bop53ijjvo4ktdvl.onion|8333|70015|/Satoshi:0.20.1/|1612582840|669321|None|None|TOR|Tor network
boti7xka6c7vo72i.onion|8333|70015|/Satoshi:0.18.1/|1612558975|669279|None|None|TOR|Tor network
bsnioxv63gqztpop.onion|8333|70015|/Satoshi:0.20.0/|1612571660|669299|None|None|TOR|Tor network
bv2d66kjjkj4kimd.onion|8333|70015|/Satoshi:0.20.1/|1612571217|669309|None|None|TOR|Tor network
bzvptsceamcojin4.onion|8333|70015|/Satoshi:0.20.1/|1612572938|669302|None|None|TOR|Tor network
cayah6eahhpzh6po.onion|8333|70015|/Satoshi:0.20.1/|1612565620|669288|None|None|TOR|Tor network
ceqrc7vepaifdflo.onion|8333|70015|/Satoshi:0.20.1/|1612558976|669308|None|None|TOR|Tor network
ckekp7pf52wmtw4k.onion|8333|70015|/Satoshi:0.20.1/|1612558975|669280|None|None|TOR|Tor network
cz5qfzp6h3yznqgz.onion|8333|70015|/Satoshi:0.20.1/|1612566061|669321|None|None|TOR|Tor network
d5feccmeb4gpxmhb.onion|8333|70015|/Satoshi:0.20.0/|1612558976|669299|None|None|TOR|Tor network
daxzthttxdnydow4.onion|8333|70015|/Satoshi:0.20.1/|1612558477|0|None|None|TOR|Tor network
dcekj5ez5wxrtj6n.onion|8333|70015|/Satoshi:0.20.0/|1612562995|669284|None|None|TOR|Tor network
dcq4hdocwjlwxu2j.onion|8333|70015|/Satoshi:0.20.1/|1612576276|669308|None|None|TOR|Tor network
dctucgjnjigfgvkj.onion|8333|70015|/Satoshi:0.20.1/|1612566061|669289|None|None|TOR|Tor network
e7iko42d2wzcmvy4.onion|8333|70015|/Satoshi:0.19.0.1/|1612576276|669308|None|None|TOR|Tor network
eaab35owt3vn5hvu.onion|8333|70015|/Satoshi:0.20.1/|1612558981|669299|None|None|TOR|Tor network
etelcxhu3h5behpf.onion|8333|70015|/Satoshi:0.20.1/|1612570776|669299|None|None|TOR|Tor network
fcmmjomw4ofinzff.onion|8333|70015|/Satoshi:0.19.1/|1612564759|669286|None|None|TOR|Tor network
fgu6tuow5jue6gas.onion|8333|70015|/Satoshi:0.20.1/|1612558475|669280|None|None|TOR|Tor network
fq3fmc4ocidvstil.onion|8333|70015|/Satoshi:0.20.0/|1612558975|669280|None|None|TOR|Tor network
fuoy2ipuqrqwe5cf.onion|8333|70015|/Satoshi:0.20.0/|1612558974|669280|None|None|TOR|Tor network
gc4l3tql32qhfgmi.onion|8333|70015|/Satoshi:0.20.1/|1612571217|669299|None|None|TOR|Tor network
hda6msa4v4rt77gx.onion|8333|70015|/Satoshi:0.17.1/|1612576275|669308|None|None|TOR|Tor network
hkhje6frujqadezl.onion|8333|70015|/Satoshi:0.20.1/|1612576275|669308|None|None|TOR|Tor network
hky2det76pzfxwac.onion|8333|70015|/Satoshi:0.20.1/|1612582840|669321|None|None|TOR|Tor network
hondewkj4s4rdcwf.onion|8333|70015|/Satoshi:0.20.0/|1612572087|669300|None|None|TOR|Tor network
hy4l7vnjoegmzgfe.onion|8333|70015|/Satoshi:0.20.0/|1612576275|669308|None|None|TOR|Tor network
hyd776j6pcmqouqv.onion|8333|70015|/Satoshi:0.20.1/|1612570346|669298|None|None|TOR|Tor network
ihfgsiuulcnbuzy2.onion|8333|70015|/Satoshi:0.20.1/|1612563902|669285|None|None|TOR|Tor network
ivjjiic6vl2muff2.onion|8333|70015|/Satoshi:0.20.1/|1612558476|0|None|None|TOR|Tor network
iwblpmzgshcbbgu2.onion|8333|70015|/Satoshi:0.20.0/|1612558976|669297|None|None|TOR|Tor network
j3dxk6xtpbixpyes.onion|8333|70015|/Satoshi:0.20.1/|1612568632|669297|None|None|TOR|Tor network
jr5y6njubcbv6g37.onion|8333|70015|/Satoshi:0.20.1/|1612568625|669297|None|None|TOR|Tor network
jshhdlucqlwzdhif.onion|8333|70015|/Satoshi:0.20.1/|1612558978|669280|None|None|TOR|Tor network
ljjkvbwpwbv5tw26.onion|8333|70015|/Satoshi:0.20.1/|1612571218|669299|None|None|TOR|Tor network
lo55v7g5rv5a3dpv.onion|8333|70015|/Satoshi:0.20.1/|1612558979|669279|None|None|TOR|Tor network
lyoo7isaqx2uyrhw.onion|8333|70015|/Satoshi:0.20.0/|1612558977|669308|None|None|TOR|Tor network
m75jmvb357ucvpag.onion|8333|70015|/Satoshi:0.20.1/|1612576275|669308|None|None|TOR|Tor network
mblfsnwhb7gpuxbe.onion|8333|70015|/Satoshi:0.20.1/|1612564765|669286|None|None|TOR|Tor network
mnysk3izxvra3huv.onion|8333|70015|/Satoshi:0.20.1/|1612570347|669298|None|None|TOR|Tor network
n55hbhu5lgwwr2ry.onion|8333|70015|/Satoshi:0.20.1/|1612558976|669279|None|None|TOR|Tor network
ndgi74ath5c7j5d2.onion|8333|70015|/Satoshi:0.18.0/|1612570347|669298|None|None|TOR|Tor network
ni6sqnggvuqum3rt.onion|8333|70015|/Satoshi:0.20.1/|1612558977|669279|None|None|TOR|Tor network
nqxsqwj6pw2lwgji.onion|8333|70015|/Satoshi:0.20.1/|1612578706|669312|None|None|TOR|Tor network
odvphjzr4r3kejm3.onion|8333|70015|/Satoshi:0.20.1/|1612563897|669322|None|None|TOR|Tor network
ojtalicli6aq6lyx.onion|8333|70015|/Satoshi:0.18.1/|1612563876|669285|None|None|TOR|Tor network
pjk26l7c6edevzyo.onion|8333|70015|/Satoshi:0.20.1/|1612558980|669321|None|None|TOR|Tor network
pnzp5cz2m74pw72l.onion|8333|70015|/Satoshi:0.20.0/|1612575873|669308|None|None|TOR|Tor network
puv4r4g3scm2vu5g.onion|8333|70015|/Satoshi:0.20.1/|1612568627|669308|None|None|TOR|Tor network
q2yxkoiotwscjbym.onion|8333|70015|/Satoshi:0.18.1/|1612563901|669285|None|None|TOR|Tor network
qk3p6m7wrqppzuxb.onion|8333|70015|/Satoshi:0.20.1/|1612570346|669299|None|None|TOR|Tor network
quu4b2zjbnr2ue4y.onion|8333|70016|/Satoshi:0.21.0/|1612570346|669298|None|None|TOR|Tor network
rfbpdzshpe7mevxw.onion|8333|70015|/Satoshi:0.19.0.1/|1612564307|669286|None|None|TOR|Tor network
rfs7o44up4c5p45i.onion|8333|70015|/Satoshi:0.20.0/|1612571667|669321|None|None|TOR|Tor network
rg6jmwolysbe46sh.onion|8333|70015|/Satoshi:0.20.0/|1612558976|669279|None|None|TOR|Tor network
rkygyx2sp4zr4gad.onion|8333|70015|/Satoshi:0.20.1/|1612576275|669308|None|None|TOR|Tor network
rqo5z6mle45lr6rw.onion|8333|70015|/Satoshi:0.20.1/|1612558976|669280|None|None|TOR|Tor network
rv4xyti24nvyifsb.onion|8333|70015|/Satoshi:0.20.1/|1612564759|669286|None|None|TOR|Tor network
sl2vfsvfghkc3g27.onion|8333|70015|/Satoshi:0.20.1/|1612563876|669285|None|None|TOR|Tor network
smdd7q7gonajdmjq.onion|8333|70015|/Satoshi:0.19.1/|1612564759|669299|None|None|TOR|Tor network
sqcesovy76exzoja.onion|8333|70015|/Satoshi:0.20.1/|1612558976|669279|None|None|TOR|Tor network
tnxlwpqtttfgy6ac.onion|8333|70015|/Satoshi:0.18.1/|1612576280|669308|None|None|TOR|Tor network
ttjisvxydgbtp56f.onion|8333|70015|/Satoshi:0.20.1/|1612560354|669280|None|None|TOR|Tor network
ukrjjhwodl44wmof.onion|8333|70015|/Satoshi:0.20.1/|1612558975|669279|None|None|TOR|Tor network
ul2co6rg3lu4w3k4.onion|8333|70015|/Satoshi:0.18.1/|1612558977|669280|None|None|TOR|Tor network
uodm2g63ed5iw2ic.onion|8333|70015|/Satoshi:0.20.1/|1612570346|669298|None|None|TOR|Tor network
ustwbsrwu4gpgba2.onion|8333|70015|/Satoshi:0.20.0/|1612563879|669286|None|None|TOR|Tor network
uv3czeyxm4deebkq.onion|8333|70015|/Satoshi:0.20.1/|1612585381|669323|None|None|TOR|Tor network
vmznzb67ituhln6v.onion|8333|70015|/Satoshi:0.20.0/|1612581977|669321|None|None|TOR|Tor network
vn24ebbkkkinmcb3.onion|8333|70015|/Satoshi:0.20.1/|1612577105|669309|None|None|TOR|Tor network
vpywewjoe3rhsce7.onion|8333|70015|/Satoshi:0.20.0/|1612562995|669284|None|None|TOR|Tor network
whjog6ygvf6qweur.onion|8333|70015|/Satoshi:0.20.0/|1612558975|669280|None|None|TOR|Tor network
wp4vc3wob5mzpxal.onion|8333|70015|/Satoshi:0.20.1/|1612576275|669308|None|None|TOR|Tor network
x52m5d2rl3mfl26k.onion|8333|70015|/Satoshi:0.20.0/|1612558975|669299|None|None|TOR|Tor network
x535pcn2z7ocr4xl.onion|8333|70015|/Satoshi:0.20.1/|1612558976|669279|None|None|TOR|Tor network
xflvcxfykvwyrk3t.onion|8333|70015|/Satoshi:0.20.1/|1612568625|669309|None|None|TOR|Tor network
xhs3glfwnwiumivn.onion|8333|70015|/Satoshi:0.19.1/|1612558977|669280|None|None|TOR|Tor network
xkkpoebxbddsairz.onion|8333|70015|/Satoshi:0.20.1/|1612582840|669321|None|None|TOR|Tor network
xwxa3kewne7omjuc.onion|8333|70015|/Satoshi:0.20.1/|1612558976|669280|None|None|TOR|Tor network
y73qk2mzkjkhoky7.onion|8333|70015|/Satoshi:0.20.1/|1612571217|669299|None|None|TOR|Tor network
yah7qgfqqrteoche.onion|8333|70015|/Satoshi:0.20.1/|1612558977|669279|None|None|TOR|Tor network
yaib55ek3ue6gzyt.onion|8333|70015|/Satoshi:0.19.0.1/|1612576275|669308|None|None|TOR|Tor network
ygeyolu4ix542t5x.onion|8333|70015|/Satoshi:0.20.1/|1612562996|669284|None|None|TOR|Tor network
z47hy3jqj3vf6gdd.onion|8333|70015|/Satoshi:0.20.0/|1612558975|669279|None|None|TOR|Tor network
zfdbhbsrnepssclb.onion|8333|70015|/Satoshi:0.20.1/|1612578707|669312|None|None|TOR|Tor network
