# https://chainz.cryptoid.info/ and whois results
# Kore
IP Address|Subver|Version|ASN|BGP Prefix|CC|Registry|Allocated|AS Name
127.0.0.1|/KORE Core:0.13.2.5/|70101|NA|NA||other||NA
3zbyhaywnah34qdd.onion
7opqrcxoqhunjaty.onion
b57kzwlftn4w7j35.onion
bit4u7i2x2hjnfny.onion
cevan2n2cmtt4scz.onion
enwwwm52vbdqhknp.onion
hg6lu4b6lyjbm62d.onion
jbsli6z7bbruqdvf.onion
kp4ufgc5sizszaoo.onion
mpp2pr3zft4d4z7s.onion
mwksxnquwxbz7wnh.onion
rsjbldrttcetvqn6.onion
samsrindtzoifyss.onion
skqd3gxdnqpwkbdl.onion
skqld4re5uc4ncmg.onion
v3ivxi3t4l43h7de.onion
