# https://chainz.cryptoid.info/ and whois results
# DeepOnion
# Time 1588230001
IP Address|Subver|Version|ASN|BGP Prefix|CC|Registry|Allocated|AS Name
127.0.0.1|/DeepOnionCore:2.1.1/|80016|NA|NA||other||NA
26htipjxogy4nxpm.onion
6qvj2o4s4xscue6a.onion
acvdqorswvhphi2s.onion
aqnglyxqi4o5izx4.onion
czvzeyufxthxecnv.onion
duskej35ammp473r.onion
h5oei27janarvr7e.onion
jx4rd2ed4twqt3ct.onion
k3jsucyzbvgh6env.onion
kfzf3hbqhwuohgwe.onion
nazfgis2r67oz6yf.onion
o5bvllhydrjyvlcz.onion
qaqmnztyh4r2iqsz.onion
tm5v7ysh3tzisuqc.onion
xaw7vorevufiafeu.onion
zsnen56boslixrlr.onion
