# https://chainz.cryptoid.info/ and whois results
# Spectrecoin
# Time 1588260001
IP Address|Subver|Version|ASN|BGP Prefix|CC|Registry|Allocated|AS Name
127.0.0.1|/Ghost_Protocol:4.1.0.5/|60042|NA|NA||other||NA
2bxvff2pgasrqfoi.onion
5mhinesj23yshwb4.onion
64hufo74w7mwre7t.onion
avgalom4wfmcnfhw.onion
dpa7lyia2uc4ghyn.onion
faypymj4ih2ksv7c.onion
g7lcbineua2xozw7.onion
isj5ol2a7rgmdu7q.onion
kpdr3lk54pynw5eu.onion
lzprt5amuebc6bzq.onion
n7r5y6b2ybczfnwu.onion
p4z6quuthxaa3cmy.onion
ppyfy5skqvkk6xri.onion
ry7l7tgirefw5vt6.onion
t4lx7wzc4c6vk5rz.onion
w55htpuaqk4bwko7.onion
ytkzs6yfwvy5zyyf.onion
