# https://chainz.cryptoid.info/ and whois results
# Stealth
# Time 1588232401
IP Address|Subver|Version|ASN|BGP Prefix|CC|Registry|Allocated|AS Name
127.0.0.1|/Junaeth:2.2.0/|62200|NA|NA||other||NA
2sito3tzwjyo55yc.onion
4dhkbxtksp5svb4t.onion
5c5fo4yv627gmsm2.onion
67jrna7oac4akrkc.onion
bpkdgdgrgfyz3wtx.onion
defwmt6mygbfaoi4.onion
getifna45fkqnyvf.onion
ho2ssyicgegg5h3f.onion
l4tentzwmxfq5kmh.onion
onzzoatygxbrcmdy.onion
p4uczzpe2afwlns4.onion
q52cc7zwrutllyqh.onion
qhfbz2jnavlikscc.onion
t4ngbghmoprndnuw.onion
ufpgv6n7phlrnmgd.onion
ut54zbuz7tmyisab.onion
w7wmxw4iycylzfv6.onion
xaetelfsq6g6qayi.onion
xctljq7hpk4sfmok.onion
xjywkls33m6j3oti.onion
xkjgyariz3zsmk3l.onion
yikxohr26jclx5pg.onion
zlt4ki3rkjibwjjr.onion
