# https://chainz.cryptoid.info/ and whois results
# DeepOnion
IP Address|Subver|Version|ASN|BGP Prefix|CC|Registry|Allocated|AS Name
127.0.0.1|/DeepOnionCore:2.0.2/|80015|NA|NA||other||NA
26htipjxogy4nxpm.onion|/DeepOnionCore:2.2.0/|80017||||||
2n3uahkqnodyy6cn.onion|/DeepOnionCore:2.2.1/|80017||||||
4ehli3b5zf5zps7g.onion|/DeepOnionCore:2.2.0/|80017||||||
534ueq2kz7dv4aur.onion|/DeepOnionCore:2.2.0/|80017||||||
5pqsr4sgxq6qfg7b.onion|/DeepOnionCore:2.2.0/|80017||||||
6euvgqmrk3avh7zn.onion|/DeepOnionCore:2.2.1/|80017||||||
aakj6xwaqh46rcy2.onion|/DeepOnionCore:2.2.0/|80017||||||
aiebgvstwc5szbin.onion|/DeepOnionCore:2.2.1/|80017||||||
arckywv3mnsioyvh.onion|/DeepOnionCore:2.1.2/|80016||||||
c3so7s4nt6qo7pyx.onion|/DeepOnionCore:2.1.1/|80016||||||
cskblghzh4fakafw.onion|/DeepOnionCore:2.0.5/|80015||||||
cv3pjwxjembvpkuo.onion|/DeepOnionCore:2.2.0/|80017||||||
deeponion5vakcv6.onion|/DeepOnionCore:2.2.1/|80017||||||
f6rxgfbflpjo2vzz.onion|/DeepOnionCore:2.1.1/|80016||||||
fn3dlmbdur5wo5ru.onion|/DeepOnionCore:2.1.2/|80016||||||
fowu2ra2uroeo7je.onion|/DeepOnionCore:2.0.5/|80015||||||
fysjbvqph5nxms7i.onion|/DeepOnionCore:2.2.0/|80017||||||
gb3crrlflsn4lfd5.onion|/DeepOnionCore:2.2.0/|80017||||||
gky7enuokxdk5tdj.onion|/DeepOnionCore:2.2.1/|80017||||||
humbgof5r7lvfenz.onion|/DeepOnionCore:2.2.0/|80017||||||
istvai2zl5p4ie2f.onion|/DeepOnionCore:2.2.0/|80017||||||
jhbabtabiind5zmu.onion|/DeepOnionCore:2.2.0/|80017||||||
jt4sdjyvxz45eyxb.onion|/DeepOnionCore:2.2.0/|80017||||||
jzwaldvdx4usm7tj.onion|/DeepOnionCore:2.2.0/|80017||||||
kpz4jlvad22stwj3.onion|/DeepOnionCore:2.1.2/|80016||||||
l3v5ohc6yrw7b7o3.onion|/DeepOnionCore:2.2.0/|80017||||||
lazm47crq4top6w7.onion|/DeepOnionCore:2.0.4.1/|80015||||||
lfttkjemcjcrvww4.onion|/DeepOnionCore:2.2.0/|80017||||||
lizzei6s242lxxkk.onion|/DeepOnionCore:2.2.0/|80017||||||
miegpfhg3fhvu7w4.onion|/DeepOnionCore:2.2.0/|80017||||||
msm3nkgwcy2mhmt2.onion|/DeepOnionCore:2.2.0/|80017||||||
mxyewnn3g5vatfzv.onion|/DeepOnionCore:2.1.1/|80016||||||
myzgl2hps2sjli2s.onion|/DeepOnionCore:2.0.5/|80015||||||
n2jni5rbfxxivwdr.onion|/DeepOnionCore:2.2.0/|80017||||||
nm3ndeit3afidvel.onion|/DeepOnionCore:2.1.1/|80016||||||
oixc2cb35riymoe3.onion|/DeepOnionCore:2.0.2/|80015||||||
qggwm6ccr3vnoayb.onion|/DeepOnionCore:2.1.0/|80016||||||
qseqkozt3e4l6aax.onion|/DeepOnionCore:2.2.1/|80017||||||
qsfaps4biizoal5k.onion|/DeepOnionCore:2.2.0/|80017||||||
quvlwmro33vf4w4e.onion|/DeepOnionCore:2.2.0/|80017||||||
qwlvrerxjaycha3u.onion|/DeepOnionCore:2.1.1/|80016||||||
tpvwbyrpuspgldlf.onion|/DeepOnionCore:2.2.0/|80017||||||
tqongr2h4zeymvms.onion|/DeepOnionCore:2.2.1/|80017||||||
usdrf6fpubwia3sd.onion|/DeepOnionCore:2.2.0/|80017||||||
v3aypecri43nqpxg.onion|/DeepOnionCore:2.0.2/|80015||||||
vwven3z7fbjl4y45.onion|/DeepOnionCore:2.2.0/|80017||||||
vy3ro3uknt6lnxfi.onion|/DeepOnionCore:2.2.1/|80017||||||
w3jqcstt4jsab547.onion|/DeepOnionCore:2.2.0/|80017||||||
ygic63qzmkmqfoi7.onion|/DeepOnionCore:2.1.1/|80016||||||
ynmsiusi2ufi556d.onion|/DeepOnionCore:2.1.1/|80016||||||
yof6tg55fhaoczya.onion|/DeepOnionCore:2.2.0/|80017||||||
z7lz27sredjij4dz.onion|/DeepOnionCore:2.1.1/|80016||||||
zp2shitdmtkq76ko.onion|/DeepOnionCore:2.2.0/|80017||||||
zpyvkwcsnmcsfwxu.onion|/DeepOnionCore:2.2.1/|80017||||||
