# https://chainz.cryptoid.info/ and whois results
# Stealth
IP Address|Subver|Version|ASN|BGP Prefix|CC|Registry|Allocated|AS Name
127.0.0.1|/Junaeth:2.2.0/|62200|NA|NA||other||NA
2i2hjpxfbw7vs6vt.onion|/Junaeth:2.2.0/|62200||||||
2sngu4rg22k7q6rs.onion|/Junaeth:2.2.0/|62200||||||
335dnl32yswaikqi.onion|/Junaeth:3.0.3.1/|63300||||||
3oqe6sw6ircdx5xm.onion|/Junaeth:2.2.0/|62200||||||
3vtcmnfm7ete5dvo.onion|/Junaeth:2.2.0/|62200||||||
7ulzdhlu5j2h7oav.onion|/Junaeth:2.2.0/|62200||||||
c7hvjce5njzsa5zi.onion|/Junaeth:2.2.0/|62200||||||
cxksosuoezkg27r4.onion|/Junaeth:2.2.0/|62200||||||
dwsxqaaldrdxdp5i.onion|/Junaeth:2.2.0/|62200||||||
emngwdghiurugk2s.onion|/Junaeth:2.2.0/|62200||||||
g2qo2qqxsjsbqxjs.onion|/Junaeth:2.2.0/|62200||||||
ih6ljl4rbqmh44ha.onion|???|0||||||
j3ubdplffcq4l4c4.onion|/Junaeth:2.2.0/|62200||||||
jtfjoblaea625irx.onion|/Junaeth:2.2.0/|62200||||||
krai2o6bcrklxzuk.onion|/Junaeth:2.2.0/|62200||||||
q5xjfcwkndl5aeon.onion|/Junaeth:2.2.0/|62200||||||
q742buu2pvwbcg4t.onion|/Junaeth:2.2.0/|62200||||||
rq7zlfzbogvf2oez.onion|/Junaeth:3.0.3.5/|63300||||||
trbjx5ywy4kii4ig.onion|/Junaeth:2.2.0/|62200||||||
ufpgv6n7phlrnmgd.onion|/Junaeth:2.2.0/|62200||||||
w7wmxw4iycylzfv6.onion|/Junaeth:2.2.0/|62200||||||
xeos4dr3s4lwr6p3.onion|/Junaeth:2.2.0.2/|62200||||||
zxwlfh5qvpeoaeke.onion|/Junaeth:2.2.0/|62200||||||
