# Bitnodes https://bitnodes.io/api/v1/snapshots/
# Time 1612555398
IP Address|Port|Protocol Version|User Agent|Connected Since|Services|Height|Hostname|City|Country Code|Latitude|Longitude|Timezone|ASN|Organization Name
2bdsevgf6na7jjcr.onion|8333|70015|/Satoshi:0.20.1/|1612530910|1037|669219|None|None|None|0.0|0.0|None|TOR|Tor network
2tltlhrepzn4dxrn.onion|8333|70015|/Satoshi:0.18.1/|1612511056|1037|669186|None|None|None|0.0|0.0|None|TOR|Tor network
2y7of5arti24cp4o.onion|8333|70015|/Satoshi:0.20.1/|1612510716|1037|669255|None|None|None|0.0|0.0|None|TOR|Tor network
33mpk26svohiywfj.onion|8333|70015|/Satoshi:0.20.1/|1612549911|1037|669258|None|None|None|0.0|0.0|None|TOR|Tor network
3rjc5djyqvtz6kzw.onion|8333|70015|/Satoshi:0.20.1/|1612539418|1037|669244|None|None|None|0.0|0.0|None|TOR|Tor network
44tstgwnfwhq6sgl.onion|8333|70015|/Satoshi:0.20.1/|1612510716|1033|669196|None|None|None|0.0|0.0|None|TOR|Tor network
4l3awbcmcwpokzz6.onion|8333|70015|/Satoshi:0.20.1/|1612510716|1037|669186|None|None|None|0.0|0.0|None|TOR|Tor network
4z7cdpnxnha3povy.onion|8333|70015|/Satoshi:0.20.1/|1612510716|1033|669186|None|None|None|0.0|0.0|None|TOR|Tor network
54b6ni72chas2rtz.onion|8333|70015|/Satoshi:0.20.0/|1612511437|1037|669186|None|None|None|0.0|0.0|None|TOR|Tor network
5nkupka5mlcv5ju6.onion|8333|70016|/Satoshi:0.20.99/|1612510716|1097|669186|None|None|None|0.0|0.0|None|TOR|Tor network
5ue7worzbn6hon3e.onion|8333|70015|/Satoshi:0.20.0/|1612511061|1037|669186|None|None|None|0.0|0.0|None|TOR|Tor network
5wfp4dsolxlg2466.onion|8333|70015|/Satoshi:0.20.1/|1612543308|1033|669251|None|None|None|0.0|0.0|None|TOR|Tor network
6hhb4udcceiavpks.onion|8333|70015|/Satoshi:0.20.0/|1612511436|1037|669186|None|None|None|0.0|0.0|None|TOR|Tor network
6miwi4kafgyr2o2p.onion|8333|70015|/Satoshi:0.20.0/|1612517849|1033|669198|None|None|None|0.0|0.0|None|TOR|Tor network
77w65hz2wntays62.onion|8333|70015|/Satoshi:0.18.1/|1612512197|1037|669186|None|None|None|0.0|0.0|None|TOR|Tor network
7cdbkapjdcbofqdk.onion|8333|70015|/Satoshi:0.20.0/|1612539418|1033|669244|None|None|None|0.0|0.0|None|TOR|Tor network
7q2ycnw6nujh6kde.onion|8333|70015|/Satoshi:0.20.1/|1612514987|1037|669190|None|None|None|0.0|0.0|None|TOR|Tor network
a7stzjnk7726bqo5.onion|8333|70015|/Satoshi:0.20.1/|1612549911|1037|669258|None|None|None|0.0|0.0|None|TOR|Tor network
a7zzt5vbsajasrdg.onion|8333|70015|/Satoshi:0.20.1/|1612510716|1037|669186|None|None|None|0.0|0.0|None|TOR|Tor network
bdtjc22algapizq7.onion|8333|70015|/Satoshi:0.20.0/|1612510717|1033|669186|None|None|None|0.0|0.0|None|TOR|Tor network
bdulvb46xhbz2a4k.onion|8333|70015|/Satoshi:0.20.1/|1612553069|1037|669263|None|None|None|0.0|0.0|None|TOR|Tor network
bmcsq2y5jpsvr7tm.onion|8333|70015|/Satoshi:0.20.1/|1612510716|1037|669186|None|None|None|0.0|0.0|None|TOR|Tor network
bqtnl5ua3r2tumco.onion|8333|70015|/Satoshi:0.20.1/|1612512187|1037|669204|None|None|None|0.0|0.0|None|TOR|Tor network
bv2d66kjjkj4kimd.onion|8333|70015|/Satoshi:0.20.1/|1612510715|1037|669186|None|None|None|0.0|0.0|None|TOR|Tor network
ceekx3jhl4m3vauo.onion|8333|70015|/Satoshi:0.18.1/|1612543308|1037|669251|None|None|None|0.0|0.0|None|TOR|Tor network
ceu54fumquesy7v7.onion|8333|70015|/Satoshi:0.20.1/|1612554412|1033|669269|None|None|None|0.0|0.0|None|TOR|Tor network
cmbosvl47eyvxz6t.onion|8333|70015|/Satoshi:0.18.0/|1612552146|1037|669262|None|None|None|0.0|0.0|None|TOR|Tor network
cncwik3tnd2ejm5z.onion|8333|70015|/Satoshi:0.19.0.1/|1612514987|1033|669190|None|None|None|0.0|0.0|None|TOR|Tor network
cqv4qjmkhouzdqsi.onion|8333|70015|/Satoshi:0.18.0/|1612539418|1037|669246|None|None|None|0.0|0.0|None|TOR|Tor network
cty57hidthpr3aqs.onion|8333|70015|/Satoshi:0.18.1/|1612546334|1037|669251|None|None|None|0.0|0.0|None|TOR|Tor network
cuk4q3f73z667vxf.onion|8333|70015|/Satoshi:0.20.1/|1612542877|1037|669255|None|None|None|0.0|0.0|None|TOR|Tor network
d6ioonkq4fwltafi.onion|8333|70015|/Satoshi:0.20.1/|1612515407|1037|669190|None|None|None|0.0|0.0|None|TOR|Tor network
drx5cr7whggja2yh.onion|8333|70015|/Satoshi:0.18.1/|1612548107|1037|669255|None|None|None|0.0|0.0|None|TOR|Tor network
dy6zqs46ycleayyp.onion|8333|70015|/Satoshi:0.17.1/|1612510717|1037|669186|None|None|None|0.0|0.0|None|TOR|Tor network
dyzkwp4z7ypd4q3s.onion|8333|70015|/Satoshi:0.20.0/|1612549910|1037|669256|None|None|None|0.0|0.0|None|TOR|Tor network
e35mvqwq2r6k6kks.onion|8333|70015|/Satoshi:0.20.0/|1612535148|1033|669231|None|None|None|0.0|0.0|None|TOR|Tor network
ga3onpmw3gkpqozi.onion|8333|70015|/Satoshi:0.20.1/|1612542447|1037|669249|None|None|None|0.0|0.0|None|TOR|Tor network
glydcpeosnm6b4hk.onion|8333|70015|/Satoshi:0.20.0/|1612535572|1033|669232|None|None|None|0.0|0.0|None|TOR|Tor network
gngp63rm36rx7n6u.onion|8333|70015|/Satoshi:0.20.1/|1612531751|1037|669223|None|None|None|0.0|0.0|None|TOR|Tor network
gsdpuourdls472ut.onion|8333|70015|/Satoshi:0.20.1/|1612510716|1032|669186|None|None|None|0.0|0.0|None|TOR|Tor network
hfazr7epthe27nae.onion|8333|70015|/Satoshi:0.18.1/|1612521462|1037|669255|None|None|None|0.0|0.0|None|TOR|Tor network
hl54x3ntsq3nd4jc.onion|8333|70015|/Satoshi:0.20.0/|1612510715|1037|669186|None|None|None|0.0|0.0|None|TOR|Tor network
ibalqtb6teewrzog.onion|8333|70015|/Satoshi:0.20.1/|1612510716|1037|669186|None|None|None|0.0|0.0|None|TOR|Tor network
iznobk2mqblkn3jp.onion|8333|70015|/Satoshi:0.20.1/|1612543308|1037|669251|None|None|None|0.0|0.0|None|TOR|Tor network
j2ehpso7ngkscjrm.onion|8333|70015|/Satoshi:0.20.0(UASF-SegWit-BIP148)/|1612516197|1033|669194|None|None|None|0.0|0.0|None|TOR|Tor network
jbbrzrwysfqd45bv.onion|8333|70015|/Satoshi:0.20.0/|1612510717|1037|669186|None|None|None|0.0|0.0|None|TOR|Tor network
jxhop4fgrnpqum7y.onion|8333|70015|/Satoshi:0.20.1/|1612510716|1033|669254|None|None|None|0.0|0.0|None|TOR|Tor network
laafjqvtog7djfl2.onion|8333|70015|/Satoshi:0.20.1/|1612515407|1037|669198|None|None|None|0.0|0.0|None|TOR|Tor network
ldetos63sd6m3wmf.onion|8333|70015|/Satoshi:0.18.0/|1612549911|1037|669258|None|None|None|0.0|0.0|None|TOR|Tor network
lf73e2vuydydkysv.onion|8333|70015|/Satoshi:0.20.1/|1612549911|1037|669258|None|None|None|0.0|0.0|None|TOR|Tor network
lrxy6ar5m2t7r5ma.onion|8333|70015|/Satoshi:0.20.1/|1612545873|1032|669251|None|None|None|0.0|0.0|None|TOR|Tor network
ls4owvgoxxsrq5v7.onion|8333|70015|/Satoshi:0.20.1/|1612535572|1037|669234|None|None|None|0.0|0.0|None|TOR|Tor network
lyi7rd34zdruwrbq.onion|8333|70015|/Satoshi:0.20.1/|1612553511|1037|669264|None|None|None|0.0|0.0|None|TOR|Tor network
m7yaccdcbvcfrh7i.onion|8333|70015|/Satoshi:0.20.0/|1612553510|1033|669264|None|None|None|0.0|0.0|None|TOR|Tor network
mis7baw3harf2lj6.onion|8333|70015|/Satoshi:0.20.0/|1612511058|1033|669202|None|None|None|0.0|0.0|None|TOR|Tor network
ne6alc6j67uor6dk.onion|8333|70015|/Satoshi:0.20.0/|1612510716|1033|669186|None|None|None|0.0|0.0|None|TOR|Tor network
ngzkrcav4fae43e6.onion|8333|70015|/Satoshi:0.20.0/|1612553069|1033|669264|None|None|None|0.0|0.0|None|TOR|Tor network
njfg7f35qzpnt2ff.onion|8333|70015|/Satoshi:0.19.0.1/|1612511076|1033|669251|None|None|None|0.0|0.0|None|TOR|Tor network
nvdr7wngnvgd24ad.onion|8333|70015|/Satoshi:0.20.0/|1612512186|1037|669186|None|None|None|0.0|0.0|None|TOR|Tor network
ovkfnt34hiqtssxb.onion|8333|70015|/Satoshi:0.20.0/|1612517849|1037|669198|None|None|None|0.0|0.0|None|TOR|Tor network
pdapkkhk6pbcy2tj.onion|8333|70015|/Satoshi:0.20.1/|1612521462|1033|669203|None|None|None|0.0|0.0|None|TOR|Tor network
pq52optomxcvdwth.onion|8333|70015|/Satoshi:0.20.1/|1612510716|1037|669186|None|None|None|0.0|0.0|None|TOR|Tor network
pv5lfxoef6mbqjwx.onion|8333|70015|/Satoshi:0.20.1/|1612541195|1037|669246|None|None|None|0.0|0.0|None|TOR|Tor network
pztr3kn4voywr55a.onion|8333|70015|/Satoshi:0.20.1/|1612533434|1037|669228|None|None|None|0.0|0.0|None|TOR|Tor network
qg6embx5o6p4h4it.onion|8333|70015|/Satoshi:0.20.1/|1612552146|1037|669262|None|None|None|0.0|0.0|None|TOR|Tor network
qrzqfxkhrmu5v5ro.onion|8333|70015|/Satoshi:0.18.1/|1612547656|1037|669255|None|None|None|0.0|0.0|None|TOR|Tor network
qskrfmnlvopxai6q.onion|8333|70015|/Satoshi:0.20.1/|1612510717|1037|669186|None|None|None|0.0|0.0|None|TOR|Tor network
quoq2wmzi5wegfu4.onion|8333|70015|/Satoshi:0.20.0/|1612510717|1037|669186|None|None|None|0.0|0.0|None|TOR|Tor network
qvdx2mb5o36j3b6u.onion|8333|70015|/Satoshi:0.20.0/|1612535572|1037|669232|None|None|None|0.0|0.0|None|TOR|Tor network
rovgip2brcfke45g.onion|8333|70015|/Satoshi:0.20.1/|1612515408|1033|669255|None|None|None|0.0|0.0|None|TOR|Tor network
rqo5z6mle45lr6rw.onion|8333|70015|/Satoshi:0.20.1/|1612548107|1033|669255|None|None|None|0.0|0.0|None|TOR|Tor network
ryqpaamho6fa662g.onion|8333|70015|/Satoshi:0.18.1/|1612535603|1037|669231|None|None|None|0.0|0.0|None|TOR|Tor network
s2kigaar7fdzns2m.onion|8333|70015|/Satoshi:0.20.0/|1612525494|1033|669207|None|None|None|0.0|0.0|None|TOR|Tor network
se2k24zl4g2lsxax.onion|8333|70015|/Satoshi:0.20.0/|1612510716|1037|669186|None|None|None|0.0|0.0|None|TOR|Tor network
sexb46w2nehensmu.onion|8333|70015|/Satoshi:0.18.1/|1612549911|1037|669258|None|None|None|0.0|0.0|None|TOR|Tor network
sf3gji6q4iyjxecn.onion|8333|70015|/Satoshi:0.20.1/|1612510716|1037|669197|None|None|None|0.0|0.0|None|TOR|Tor network
stcwaszw352kkjis.onion|8333|70015|/Satoshi:0.20.1/|1612542878|1037|669250|None|None|None|0.0|0.0|None|TOR|Tor network
t4cy5qirt6hhly52.onion|8333|70015|/Satoshi:0.19.0.1/|1612510717|1033|669250|None|None|None|0.0|0.0|None|TOR|Tor network
u6acnruvz7umwzq7.onion|8333|70015|/Satoshi:0.20.1/|1612510716|1037|669203|None|None|None|0.0|0.0|None|TOR|Tor network
ubndibdsdsgqwkmy.onion|8333|70015|/Satoshi:0.20.1/|1612510716|1037|669186|None|None|None|0.0|0.0|None|TOR|Tor network
ufjv3typqjpx5hdw.onion|8333|70015|/Satoshi:0.20.1/|1612535574|1037|669232|None|None|None|0.0|0.0|None|TOR|Tor network
ug6hapi4qtekzc7v.onion|8333|70015|/Satoshi:0.19.1/|1612521462|1033|669203|None|None|None|0.0|0.0|None|TOR|Tor network
uqqlndjuyu4h34hv.onion|8333|70015|/Satoshi:0.20.1/|1612510716|1037|669186|None|None|None|0.0|0.0|None|TOR|Tor network
v3bwwxdpb5gmbfra.onion|8333|70015|/Satoshi:0.20.1/|1612543308|1037|669251|None|None|None|0.0|0.0|None|TOR|Tor network
vjuedmmhoxz4w6un.onion|8333|70015|/Satoshi:0.20.1/|1612517429|1033|669198|None|None|None|0.0|0.0|None|TOR|Tor network
w3jupzcsce6qkzh4.onion|8333|70015|/Satoshi:0.20.0/|1612549911|1037|669256|None|None|None|0.0|0.0|None|TOR|Tor network
wkfatne2vzn5mtwl.onion|8333|70015|/Satoshi:0.20.1/|1612510716|1037|669239|None|None|None|0.0|0.0|None|TOR|Tor network
wqsvba7sen56b4jm.onion|8333|70015|/Satoshi:0.20.1/|1612554412|1037|669267|None|None|None|0.0|0.0|None|TOR|Tor network
xkfznwe37otleswf.onion|8333|70015|/Satoshi:0.20.0/|1612511056|1037|669186|None|None|None|0.0|0.0|None|TOR|Tor network
xo5marilhuyo7but.onion|8333|70015|/Satoshi:0.20.0/|1612512187|1033|669186|None|None|None|0.0|0.0|None|TOR|Tor network
xsdq7s4ytsdqml44.onion|8333|70015|/Satoshi:0.20.0/|1612553513|1037|669264|None|None|None|0.0|0.0|None|TOR|Tor network
xtl652qwack647pk.onion|8333|70015|/Satoshi:0.18.1/|1612510733|1037|669186|None|None|None|0.0|0.0|None|TOR|Tor network
ygguppu7bhrta5wi.onion|8333|70015|/Satoshi:0.20.1/|1612511437|1033|669186|None|None|None|0.0|0.0|None|TOR|Tor network
yil2gzlburt6jy2n.onion|8333|70015|/Satoshi:0.20.1/|1612543308|1037|669251|None|None|None|0.0|0.0|None|TOR|Tor network
yon6dgb7k7iewrmw.onion|8333|70015|/Satoshi:0.20.1/|1612512187|1033|669186|None|None|None|0.0|0.0|None|TOR|Tor network
yv5xz7munf4tshxq.onion|8333|70015|/Satoshi:0.20.1/|1612527986|1037|669212|None|None|None|0.0|0.0|None|TOR|Tor network
yw7m76ykcsl5faut.onion|8333|70015|/Satoshi:0.20.1/|1612549912|1037|669259|None|None|None|0.0|0.0|None|TOR|Tor network
ywutq7pjpbhjnsah.onion|8333|70015|/Satoshi:0.20.1/|1612510716|1037|669186|None|None|None|0.0|0.0|None|TOR|Tor network
z7h4ffnznkxdjzi4.onion|8333|70015|/Satoshi:0.20.1/|1612510716|1037|669239|None|None|None|0.0|0.0|None|TOR|Tor network
z7worc5vfijspykf.onion|8333|70015|/Satoshi:0.20.1/|1612510716|1037|669186|None|None|None|0.0|0.0|None|TOR|Tor network
zediwqpmru4c6swh.onion|8333|70015|/Satoshi:0.18.1/|1612510716|1037|669186|None|None|None|0.0|0.0|None|TOR|Tor network
zn23x6ezd6qo2ztv.onion|8333|70015|/Satoshi:0.20.0/|1612510716|1033|669251|None|None|None|0.0|0.0|None|TOR|Tor network
